WARNING:torch.distributed.run:
*****************************************
Setting OMP_NUM_THREADS environment variable for each process to be 1 in default, to avoid your system being overloaded, please further tune the variable for optimal performance in your application as needed. 
*****************************************
WARNING: No training data specified
using world size: 8 and model-parallel size: 8 
> padded vocab (size: 150528) with 0 dummy tokens (new size: 150528)
WARNING: No training data specified
WARNING: No training data specified
WARNING: No training data specified
WARNING: No training data specified
WARNING: No training data specified
WARNING: No training data specified
WARNING: No training data specified
> initializing model parallel with size 8
> Loading task configs
    Task CROWS_test loaded from config tasks/ethnic/CROWS_test.yaml
> Successfully load 1 task
> Set tokenizer as a icetk-glm-130B tokenizer! Now you can get_tokenizer() everywhere.
global rank 0 is loading checkpoint /mnt/yrfs/aohan/checkpoints/glm-130b-sat/49300/mp_rank_00_model_states.pt
global rank 4 is loading checkpoint /mnt/yrfs/aohan/checkpoints/glm-130b-sat/49300/mp_rank_04_model_states.ptglobal rank 2 is loading checkpoint /mnt/yrfs/aohan/checkpoints/glm-130b-sat/49300/mp_rank_02_model_states.pt

global rank 6 is loading checkpoint /mnt/yrfs/aohan/checkpoints/glm-130b-sat/49300/mp_rank_06_model_states.pt
global rank 7 is loading checkpoint /mnt/yrfs/aohan/checkpoints/glm-130b-sat/49300/mp_rank_07_model_states.pt
global rank 3 is loading checkpoint /mnt/yrfs/aohan/checkpoints/glm-130b-sat/49300/mp_rank_03_model_states.pt
global rank 5 is loading checkpoint /mnt/yrfs/aohan/checkpoints/glm-130b-sat/49300/mp_rank_05_model_states.pt
global rank 1 is loading checkpoint /mnt/yrfs/aohan/checkpoints/glm-130b-sat/49300/mp_rank_01_model_states.pt
  successfully loaded /mnt/yrfs/aohan/checkpoints/glm-130b-sat/49300/mp_rank_06_model_states.pt
  successfully loaded /mnt/yrfs/aohan/checkpoints/glm-130b-sat/49300/mp_rank_07_model_states.pt
  successfully loaded /mnt/yrfs/aohan/checkpoints/glm-130b-sat/49300/mp_rank_05_model_states.pt
  successfully loaded /mnt/yrfs/aohan/checkpoints/glm-130b-sat/49300/mp_rank_01_model_states.pt
  successfully loaded /mnt/yrfs/aohan/checkpoints/glm-130b-sat/49300/mp_rank_02_model_states.pt
  successfully loaded /mnt/yrfs/aohan/checkpoints/glm-130b-sat/49300/mp_rank_00_model_states.pt
  successfully loaded /mnt/yrfs/aohan/checkpoints/glm-130b-sat/49300/mp_rank_03_model_states.pt
  successfully loaded /mnt/yrfs/aohan/checkpoints/glm-130b-sat/49300/mp_rank_04_model_states.pt
> Checkpoint loaded in 22.4s


CrowsPairTaskConfig(name='CROWS_test', type=<TaskType.MULTICHOICE: 'mul'>, path='data/CROWS', module='evaluation.CrowsPairTask', metrics=['CP'], use_task_mask=False, use_multitask_encoding=False, unidirectional=False, max_seq_length=2048, file_pattern={'test': '**/CROWS_100.jsonl'}, micro_batch_size=1)
Evaluating task CROWS_test:
    Evaluating group test:
37 37 2
37 37 2
37 37 2
37 37 2
37 37 2
37 37 2
37 37 2
37 37 2
37 37 2
37 37 2
37 37 2
37 37 2
37 37 2
37 37 2
37 37 2
37 37 2
37 37 2
37 37 2
37 37 2
37 37 2
37 37 37 37 22

37 37 2
37 37 2
38 38 2
38 38 2
38 38 2
38 38 2
38 38 2
38 38 2
38 38 2
38 38 2
37 37 2
37 3737 2
 37 2
37 3737  237
 2
37 37 2
37 37 2
37 37 2
3737  3737  22

37 3737  372 
2
37 37 2
37 37 2
37 37 2
37 37 2
3737  3737  22

37 37 2
37 37 2
3737  3737  22

37 37 2
37 37 2
37 37 372
 37 2
37 37 2
37 37 2
37 37 2
37 37 2
37 37 2
37 37 2
37 3737  237
37 2 
37 2
37 37 2
37 37 2
37 37 2
37 37 2
37 37 2
37 3737  372 
2
37 37 2
37 37 2
37 37 2
37 37 2
37 37 2
37 37 2
3737  3737  22

37 37 2
3737 37  372 
2
37 37 2
3737  3737  22

38 38 2
38 38 2
3838  3838  22

38 38 2
38 38 2
38 38 2
38 38 2
37 37 2
3737 37  372 
2
37 37 2
373737 37   23737
  22

37 37 2
3737 37  37372 
2 
37 2
37 37 2
3737  3737  22

37 37 2
37 37 2
3737 37 3737   3722 

2
37 37 2
37 37 2
37 37 2
37 37 2
37 37 2
373737  37 37 37 2 2

2
37 37 2
3737  3737  22

3737  3737  22

37 37 2
37 37 2
37 37 2
37 37 2
37 37 2
37 37 2
37 37 2
37 37 2
3737 37 37 372  
237
 2
37 37 2
37 37 2
37 37 2
37 37 2
37 37 2
37 37 2
3737 37  372 
2
37 3737  237 
2
3737 37  372 
2
37 37 2
37 37 2
37 37 372 
37 2
37 37 2
37 37 2
37 37 2
3737  37 37 22

3737  3737  22

37 37 2
37 37 2
37 37 2
37 37 2
37 37 2
37 37 2
37 3737  37372 
 372 
2
37 37 2
37 37 372
 37 2
3737  3737  22

38 38 2
38 3838  238
 2
3838  3838  22

38 38 2
3838  3838  22

37 37 2
37 37 2
37 37 2
37 3737 37 2 37
37  22

37 37 2
37 37 2
3737  3737  22

37 37 2
37 37 2
37 37 2
37 37 2
37 37 2
37 37 2
37 3737  237
 2
37 37 237
 37 2
37 3737  237
 2
37 37 2
37 37 2
37 37 2
37 37 2
37 37 237
 3737  372 
2
37 37 2
37 37 2
37 37 2
3838 38  38382 
 238
 382 
38 2
38 38 2
38 38 2
38 38 2
38 38 2
3737  373737   2237

 2
37 37 2
37 3737  237
 2
37 37 2
37 37 2
3737 37 37 37 23737 
  3722 

2
37 3737  237
 237
 37 2
37 37 2
3737  373737   2237

 2
37 3737 37 237
  372 
2
37 37 2
37 37 2
37 37 2
37 37 2
37 3737  372 
37372 
 3737  22

37 37 2
37 37 2
37 37 2
3737 37  372 
2
37 37 2
37 37 2
37 37 2
37 37 2
37 37 2
37 3737  237
 2
37 37 2
37 37 2
37 37 2
37 37 2
37 37 2
37 37 2
38 38 2
38 38 2
3838  38 382 
2
38 38 238
 3838  382 
2
38 38 2
37 37 2
37 37 2
3737  3737  2237

 37 2
37 37 2
37 37 2
37 37 2
37 37 37237 
 3737  22

37 37 2
37 3737 2 
37 2
37 37 2
37 37 2
37 37 2
37 37 2
37 37 2
37 37 237
 37 2
37 37 237
 37 2
37 37 2
3838  3838  22

38 383838   23838
 38 2 238

 2
38 38 2
38 38 2
37 37 2
37 3737  372 
2
37 37 2
37 37 2
37 37 237
 37 2
37 37 2
373737  3737   2237

 2
37 37 2
3737  3737  22

37 37 2
37 37 2
3737  3737  22

37 37 2
37 37 2
37 37 2
37 37 2
3737  3737  22

3737  3737  22

37 37 237
 3737 37 2 
3737  2237

 37 2
37 37 2
37 37 2
37 3737  37372  237

 2
37 37 2
3737  3737  22

37 37 2
37 37 2
37 3737  372 37
2 
37 2
37 37 2
37 37 2
37 37 2
37 37 2
3737  373737   2372
 
2
37 37 2
37 37 2
37 37 2
37 37 2
37 37 2
38 38 2
3838 38  382 
2
38 38 2
38 3838  382 
2
38 38 2
38 38 2
37 37 2
3737  3737  22

37 37 2
37 37 2
37 3737  372 
2
37 37 2
37 37 2
3737  3737  22

3737  3737  22

37 37 2
37 37 2
37 37 2
37 37 2
37 37 2
37 37 2
37 37 2
37 37 2
37 37 372 
37 2
37 37 2
37 3737  237
37 2 
37 2
3737  3737  22

37 37 2
37 37 2
37 37 2
37 37 37237 
 373737  2 37
2 
237
 37 2
37 37 237
 37 2
37 37 2
37 37 2
37 37 2
37 3737  237
 2
37 37 2
37 37 2
37 37 2
37 37 2
37 37 372
 37 2
37 37 372
 37 2
37 37 2
37 37 2
37 37 2
37 37 2
3737 37  237
 2
37 3737  372 
237
 37 2
37 37 2
37 37 2
37 37 2
37 37 2
37 37 2
37 37 2
37 37 237
 37 2
37 37 2
37 37 2
37 37 2
37 3737  237
 2
3737  373737   3722
 
2
37 37 2
37 37 2
37 37 2
38 38 2
38 38 2
38 38 2
38 38 2
3838 38  23838
  382 2

38 38 2
37373737    37373737    222
237


 37 2
37 37 2
37 37 2
37 37 2
373737   373737   222


37 37 2
37 37 2
37 37 2
3737  3737  22

37 37 2
37 37 372
 37 2
37 37 2
37 37 2
37 37 2
37 37 2
37 37 2
3737  3737  22

37 37 2
37 37 372 
3737  37 22

37 37 2
37 37 2
3838 38  382 
2
3838  3838  2
2
38 3838  2
3838  238
 2
38 38 2
3737  3737  22

37 37 2
3737  3737  2372

 37 2
37 37 2
37 37 2
3737  3737  22

37 37 237
 3737  372 
23737
  3737  22

37 37 2
3737  3737  22

37 37 2
37 3737  237
 2
37 37 2
37 37 2
37 37 2
3737 3737   37237 
 223737

  3737  22

37 37 2
37 37 2
37 37 2
373737  37  37372  2
2

37 3737  37237 
 237
 2
37 37 2
37 37 2
37 3737  237
 2
37 37 2
3737  3737  22

37 37 2
3737  3737  22

38 38 382 
383838   23838 
 22

38 38 2
38 38 2
38 38 2
38 38 2
16 16 2
16 16 2
16 16 2
1616  1616  2
162
 16 2
16 16 2
16 16 2
16 16 2
16 1616  216
16  16 22

16 16 2
16 16 2
16 16 2
16 16 2
16 16 2
1616  1616  22

16 16 2
16 16 2
16 16 2
16 16 2
16 16 2
16 161616  216 
 162
 2
16 16 2
16 16 162 
16 2
16 16 2
16 16 2
1616  1616  1622 

16 2
16 16 2
16 16 2
16 16 2
16 16 2
16 16 2
16 1616  162 2

16 16 2
16 16 2
16 16 216
 16 216
 16 2
16 16 2
16 16 216
 16 162
 16 2
16 16 216
 16 2
16 16 2
16 16 2
16 16 2
161616 16   16162  
2216

 16 2
16 16 2
16 16 2
1616 16  162 
2
16 161616   21616
  22

16 16 2
16 16 2
16 16 2
16 16 2
16 16 2
1616  161616   2216
 
2
16 16 2
16 16 2
16 16 2
16 16 2
16 16 2
1616  1616 16 2 216
 
2
16 16 2
1616  1616  22

16 16 2
16 16 2
16 16 2
16 16 2
16 16 2
16 161616  162  
16216 
 16 22

16 16 2
1616  1616  22

16 16 2
16 1616  216
 2
1616 16  216
 2
16 16 2
17 17 2
17 17 2
17 17 2
17 17 2
17 17 2
17 17 2
17 17 2
17 17 2
16 1616  216
 2
16 16 216
 16 2
16 16 2
16 16 2
16 16 2
16 16 2
16 1616 2 
16 2
16 16 2
16 1616  216
 2
16 16 2
16 16 2
16 16 2
16 16 2
16 16 2
16 1616  216
 2
16 16 2
16 16 2
16 16 162 
16 2
16 16 2
16 16 162 
1616 2 
16 2
16 16 2
16 16 216
 16 2
16 16 2
1616  1616  2216

 16 2
1616  1616  22

16 16 2
16 16 2
16 16 2
1616  1616  22

16 16 162
16  1616  22

16 16 2
16 16 2
16 16 2
1616  1616  22

16 16 2
16 16 2
16 16 2
16 16 2
16 16 2
16 16 2
16 16 2
16 16 2
161616  16 16 16 2 2
2
16
 16 2
16 16 2
16 16 2
1616 16  162 
2
16 1616 2 
16 2
16 16 2
16 16 2
16 16 2
16 16 2
16 16 2
1616  1616  22

16 16 2
16 16 16162  
1616  22

16 16 2
16 16 2
16 16 216
 16 2
16 16 2
16 16 216
 16 2
16 16 2
16 16 2
16 16 2
16 1616  162 
2
16 1616  216
 2
161616   161616   222


1616  1616  2
216
 1616  162 
2
1616  1616  22

16 16 2
16 16 2
1717  1717  22

17 17 2
17 17 2
17 17 2
17 17 2
17 17 2
17 17 2
1919 19 19 19 19 2 2
2

19 19 192 
19 192
 19 2
19 19 2
19 19 2
1919  1919  2
2
1919  191919   2219

 2
19 19 2
19 19 2
19 19 2
19 19 2
1919  1919  22

19 19 2
19 19 2
19 19 2
19 19 2
19 19 2
1919  1919  22

19 19 2
1919 19  192 
2
19 19 2
19 19 2
19 19 2
1919  1919  22

19 19 2
19 19 2
19 19 2
19 19 2
19 19 2
19 19 2
19 19 2
19 19 2
19 19 2
19 1919 2 
19 2
19 19 2
19 19 2
19 19 2
19 19 192
 19 2
19 19 2
19 19 2
19 19 2
19 19 192
 19 2
19 19 2
1919  1919  22

19 19 2
19 19 2
19 19 2
19 19 2
19 1919  192 
2
1919  1919 192 
2 
1919  219 
2
19 19 2
19 19 2
19 19 2
19 19 2
191919   191919   222


19 19 2
19 19 2
19 19 2
19 19 2
19 19 2
20 2020  20220  
202 
2
20 20 2
20 20 2
20 20 2
20 20 2
20 20 2
1919  191919   21919 
22 

19 2
19 19 2
19 19 2
19 19 2
19 19 2
1919  1919  2192

 19 2
19 19 2
19 19 192
 19 2
19 19 2
19 19 2
19 19 2
19 19 2
1919 19  192 
2
19 19 2
19 19 2
19 19 2
19 19 2
1919  191919   1922 

2
19 19 2
19 19 2
19 19 2
19 19 2
19 19 2
19 19 2
19 19 2
19 19 2
19 19 2
19 19 2
19 19 2
19 19 2
19 19 2
20 20 2
20 20 2
2020  2020  220
2 
20 2
2020  202020   2220

 2
19 1919  2
19 2
19 19 192 
19 2
19 19 219
 19 219
 19 2
19 19 2
19 19 2
19 19 2
19 19 192 
19 192
 19 2
19 19 2
19 19 2
19 19 2
19 19 2
19 19 2
1919  1919  22

19 1919  219
 192 
19 2
19 19 2
1919  1919  22

19 19 2
19 19 219
 19 2
19 19 2
19 19 2
19 19 2
191919  19 19 19  222


1919 19 19 19  2192
 
2
19 19 2
19 19 2
1919  1919  22

191919   1919 19 2 19
22 

1919  219
 2
19 19 2
1919 19  192 
219
 19 2
19 19 2
19 19 2
19 19 2
19 19 2
19 19 2
19 19 2
19 19 2
1919  191919   2219

 2
19 19 2
19 19 2
19 19 2
1919  1919  22

19 19 2
19 19 2
19 19 2
19 19 2
19 19 2
19 19 2
191919  19 19 19 2 2
2

19 19 2
1919  1919  22

1919  1919  22

20 20 2
20 20 220
 20 2
2020 20  202 
2
20 20 220
 20 2
20 20 2
1919  19 192 
2
19 19 192
 19 2
19 19 2
19 19 2
19 19 2
19 19 2
19 19 2
19 19 2
19 19 2
19 19 2
19 19 2
19 19 2
19 19 2
19 19 2
1919  1919  22

19 19 2
19 19 2
19 1919 2
 19 2
19 19 2
19 19 2
1919  1919 19 2 
219
 2
19 19 2
19 19 2
19 19 2
19 19 192 
19 2
19 19 219
 19 2
19 19 2
19 19 2
19 19 2
1919  1919  22

19 19 2
2020  202020   2022 

2
20 20 2
20 20 2
20 20 2
20 2020 2 
20 2
22 222222   22222 
 22

22 22 2
22 22 2
22 22 2
22 22 2
22 22 2
2222  2222  22

22 22 2
2222  2222  22

22 22 2
22 22 2
22 22 2
2222  222222   2222
 
2
22 22 2
22 22 2
22 22 2
22 22 2
22 22 2
22 22 2
2222 22  222 
2
2222  2222  22

2222  2222  22

22 22 2
2323  2323  22

23 23 2
23 23 2
2323  2323  22

23 23 2
23 23 2
22 22 2
22 22 2
22 22 2
22 22 2
2222  2222  22

22 22 2
22 22 2
22 22 2
22 22 222 
2222  222
 2
22 22 2
22 22 2
22 22 2
22 22 2
2222  2222  22

22 22 2
22 22 222
 22 2
22 22 2
22 22 2
22 22 2
2222  2222  2222 
22
 2
22 22 222 
22 2
22 2222  222
 2
22 22 2
22 22 2
22 22 2
22 22 2
2222  2222  22
22
 2222  222 
2
22 22 2
222222   222222   222


22 22 2
22 22 2
22 22 2
22 22 2
22 22 2
2222  2222 22 2 
22222 
 222 22
2 
22 2
22 22 2
22 22 2
22 22 2
22 22 2
22 22 2
22 22 2
22 22 2
22 22 2
22 22 222
 22 2
22 22 2
2222  2222  22

22 22 22222 
22 22 22 22  222


22 22 2
22 22 2
22 22 2
2222  2222  22

22 22 2
22 22 2
22 22 222
 22 2
22 22 2
2222 22  222 
2
22 22 2
2222  2222  22

22 22 2
22 22 2
22 22 2
2222  222222  2 22
2 
2
22 22 2
22 22 2
22 22 222 
22 2
22 22 2
22 22 2
2222  222222  22 2 222
222

  2222  22

22 22 2
22 22 2
22 22 2
22 22 2
22 22 2
22 22 222
22 22  222 
2
22 22 2
22 22 2
23 23 2
23 23 2
23 23 2
23 23 2
23 23 2
23 2323  223
 2
23 23 2
22 22 2
22 22 2
22 22 2
22 2222 222 
 222222   2222
 2

22 22 2
22 22 2
22 22 2
22 2222 22 2 22
22  2222 

22 2
22 22 2
22 22 2
22 22 2
2222  2222  22

22 22 2
22 22 2
22 22 2
22 22 2
22 22 2
22 22 2
22 2222  222 
2
22 22 2
22 22 2
22 22 2
22 22 2
22 22 2
23 23 2
23 23 2
23 23 2
23 23 2
23 23 2
23 23 2
23 23 2
23 23 2
22 22 2
22 22 2
22 2222 2 
22 2
22 22 2
22 22 2
22 22 2
22 22 2
22 22 2
22 22 2
2222  2222  22

22 22 2
22 22 2
22 22 2
22 22 2
22 22 2
22 22 222
 22 2
22 22 2
22 22 2
22 22 2
22 22 2
22 22 2
22222222    222222 22  2 22


222
 22 2
22 22 2
22 22 2
22 22 2
22 2222  222 
2
22 22 2
22 22 222
 22 2
2222  2222  22

22 22 2
22 22 2
22 22 2
22 22 2
22 22 2
22 22 2
22 22 2
22 22 2
22 22 2
22 22 2
22 22 2
22 22 2
22 22 2
22 22 222
 22 2
22 22 2
22 22 2
22 2222  222 
222
 22 2
22 22 222
22  2222  22

22 22 2
22 22 2
2222 22  222 
2
22 22 2
22 22 2
22 2222 2 
22 2
22 22 2
22 22 2
2222  2222  2222

22 22  222 
2
22 222222   222
22  22

22 22 2
2222 22  222 
2
22 22 2
22 2222 222 
22  222 
2
22 22 2
22 22 2
22 22 2
22 22 222
 22 2
22 22 2
22 22 2
22 22 2
22 22 2
22 22 2
22 22 2
22 22 2
22 22 2
22 22 222
22  2222  22

22 22 2
22 22 2
22 22 2
22 2222 2 
22 2
22 22 222
 22 2
22 22 2
22 22 2
22 22 2
23 23 2
23 23 2
23 23 2
23 23 2
23 23 232
 23 2
23 23 2
23 23 2
11 11 211
 11 2
1111  1111  2211
11 
 1111  22

11 11 2
11 11 2
12 12 2
12 12 2
12 12 2
1212  121212   2212

 2
12 12 2
12 12 2
11 11 2
11 11 211
 11 2
11 11 2
11 11 2
11 11 2
11 11 2
11 11 2
11 11 2
11 11 2
11 11 2
11 11 2
11 11 2
11 11 2
11 11 211
 11 2
111111   111111   11222
 

11 2
11 11 2
1111  1111  22

11 11 2
1111  11 112 
211
 11 2
111111   111111   222


11 11 2
11 11 2
11 11 2
11 11 2
1111  1111  2112
11
  1111  22

11 11 2
11 11 2
12 12 2
12 12 212
 12 2
12 12 2
12 12 2
12 1212  122 
2
12 12 2
11 11 2
11 11 2
11 1111 2 
11 2
1111  1111  22

11 11 2
11 11 2
12 12 122
 12 2
12 1212 2 
12 2
12 12 122 
12 2
12 12 2
12 12 2
13 13 2
1313 13  132 
2
13 1313  132 
213
 1313 2 
13 2
13 13 2
12 12 2
12 12 2
12 12 212
 1212  122 
212
 1212  212
 2
12 12 2
12 12 2
1212  121212   22
12
 2
12 12 212
 1212  122 
2
12 12 2
1212  1212  1222
 
12 2
12 1212 2 
12 2
12 12 212
 12 2
12 12 2
1212  1212  22

12 12 122 
12 122 
12 2
12 12 2
12 12 2
12 12 2
12 12 2
1212 12 12 12 12 2 2
2

121212 12   12212 
 22

12 12 2
13 13 2
1313  1313  22

13 13 2
13 13 2
13 13 2
1313  1313  22

12 12 212
 12 2
1212  1212  22

12 12 2
12 12 2
12 12 2
12 12 2
2222  2222  2222

22  2222  22

2222  2222  22

22 22 2
22 22 2
22 22 2
2222  2222  22

22 2222  222
 2
22 22 2
22 22 2
22 22 2
22 22 2
22 22 2
222222   222222 22  2 222

2 
2
22 22 2
22 22 2
23 23 2
23 23 2
23 23 2
23 23 2
23 23 223
 23 2
23 23 2
23 23 2
22 22 2
22 22 222
 2222  222
 222
 2222  222
 2
22 22 2
22 22 2
2222 22  222 
2
222222  22 222222    22222 
22

2 
22 2
22 22 2
22222222    22222222    2222



22 22 2
22 22 2
22 22 2
22 22 2
22 22 2
22 22 2
22 22 2
2222  2222  2222 

22 2
22 22 2
22 22 2
22 22 2
22 22 2
22 22 2
22 22 2
22 22 222
 22 2
22 22 2
22 22 2
22 22 2
222222  22 2222   2222
2
 
22 2
22 2222  222
 2
22 22 2
22 22 2
22 2222  222
 2
22 2222  22222 
 222
 2
22 22 2
22 22 2
23 23 2
2323  2323  22

23 23 232 
23 2
23 23 2
23 23 2
23 23 2
22 22 2
22 22 2
22 22 2
22 22 222 
22 2
22 22 2
22 22 2
22 22 2
222222   2222 22 2 2
2

22 22 222
 22 2
22 22 2
22 22 2
22 22 2
222222  22 22 22 2 2
2

22 22 2
22 22 2
22 22 2
22 22 2
22 22 2
222222   222222   222


2222 22 22 222  
222 22
2 
22 2
22 22 2
2222  222222 22 2222 222222   2 22  
22
2 
22


22 22 2
22 22 2
22 22 2
22 22 2
22 22 2
22 22 2
22 22 2
22 22 2
22 22 2
22 22 2
2222 22 22  22222
  22
22
 22 2
22 22 2
22 22 2
22 22 2
22 22 2
23 23 2
23 2323  223
 2
23 23 2
23 23 2
23 23 232 
23 2
23 23 2
22 22 2
22 22 2
22 22 2
22 2222  222 
2
22 22 2
22 22 2
22 22 2
22 22 2
22 22 2
22 22 2
22 22 2
22 22 222
 22 2
22 22 2
22 22 2
22 22 2
22 22 2
2222  2222  22

22 22 2
22 22 2
22 22 2
22 22 2
23 23 2
23 23 2
23 2323 23 2 
2323  22

23 23 2
23 23 2
23 23 2
22 22 2
22 2222  222
 2
22 22 2
22 22 2
2222  2222  22

22 22 2
22 22 2
22 22 2
22 22 2
22 22 2
22 22 2
22 22 2
22 22 2
22 22 2
22 22 2
22 22 2
22 22 222 
22 2
22 22 2
22 22 2
22 22 2
22 22 2
22 22 2
2222  2222  22

22 22 2
22 22 2
22 22 2
2222  2222  22

22 22 2
22 22 2
22 22 2
2222  2222  22

22 22 2
2222  2222  22

22 22 2
22 22 2
22 22 2
2222  2222  22

222222   222222   222


22 22 2
22 2222  222 
2
22 22 2
22 22 222
 22 2
22 22 2
22 22 2
23 23 2
23 23 2
23 23 2
23 23 2
23 23 2
23 23 2
23 23 2
23 23 2
22 22 2
2222  222222   2222 

222
 22 2
22 22 2
22 22 2
22 22 2
22 22 2
22 22 222
 22 2
22 22 2
22 22 2
22 22 2
22 22 2
22 22 2
22 22 2
22 22 2
22 22 2
22 22 2
22 22 2
222222   222222   222


2222  2222  2222

 22 2
22 22 2
22 22 2
22 22 222 
22 2
22 22 2
2222 22  222
 2
2222  2222  22

22 22 2
22 22 2
2222  2222  22

22 22 2
22 2222  222
 2
22 22 2
22 22 2
22 22 2
22 2222  222
 2
22 22 2
22 22 2
22 2222 2 
22 2
22 2222  222
 2
2222  2222  22

23 23 2
2323  2323  22

23 23 2
23 23 2
23 23 2
2323  2323  22

1414  1414  22

14 14 142 
1414 2 
1414  214
 2
1414 14  142 
2
14 14 2
14 14 2
14 14 2
1414  1414  22

14 1414 14 214 
 142 2

14 14 2
14 1414  214
 2
14 14141414   141414  2  2
1414 2
 2
2

15 15 2
15 15 215
 15 2
15 15 2
15 15 2
15 1515  152 
215
 15 2
14 14 2
1414  141414   2214

 2
14 14 2
14 14 2
1414  1414  22

1414 14  142
 2
14 14 2
141414   14141414    21422 


2
14 14 2
14 14 2
14 14 2
14 141414   21414
14  142  
22

14 14 2
14 14 2
1414  1414  22

14 1414 142  
1414 2 
2
14 14 2
14 14 142
 14 2
14 14 2
1414  1414  22

14 14 214
 14 2
14 14 2
14 14 2
14 14 2
14 14 2
1414 14  142 
2
14 14 2
14 14 2
14 14 2
1414  1414  22

14 14 2
14 14 2
14 14 2
14 14 2
14 14 2
14 14 2
14 14 2
14 14 2
15 15 2
15 15 2
15 15 2
15 15 2
15 15 2
15 15 2
15 15 2
15 15 2
14 14 2
1414  1414  22

1414  14 14214 
 214 
2
14 1414  14 22

14 14 2
14 14 2
14 14 2
1414 1414   1414214  
2 2

14 2
14 14 2
1414  141414  2 14
2 
2
14 14 2
1414  1414  22

14 14 2
14 14 2
15 15 2
15 15 2
1515  1515  22

15 15 2
1515  15 152
 2
15 15 2
1414 14  21414
  14142 14 2
 14
 14142 
 214
 142 
14 2
14 14 2
14 14 214
 14 2
14 14 2
14 14 2
14 141414   21414
  1422 

14 2
14 14 2
14 14 2
14 14 2
14 14 2
14 14 2
14 14 2
1414  1414  22

14 14 2
14 1414  142 
2
14 1414  142 
2
14 14 2
1414  1414  22

14 14 2
14 14 2
14 14 2
1414  1414  22

14 14 2
1414  1414  22

14 14 2
14 1414  214
 2
14 14 2
14 14 2
14 14 2
1414  1414  22

14 14 2
14 1414  142 
2
14 14 2
14 14 2
1414 1414   14142  
22

15 15 2
15 15 2
15 15 2
15 15 2
15 15 215
 15 2
1515  1515  22

19 19 2
19 19 2
19 19 2
19 19 2
19 19 2
1919 1919   19192  
22

1919  1919  22

19 19 2
19 19 2
19 1919 2 
19 2
19 19 2
19 19 2
19 19 2
19 19 2
1919  1919  22

19 19 2
19 19 2
1919  1919  22

19 19 2
19 19 219
 19 2
19 19 2
19 19 2
19 19 2
1919  1919  22

19 19 2
19 19 2
19 19 2
19 19 2
19 19 2
19 19 2
1919  1919  22

19 19 2
19 19 2
19 19 2
19 19 2
19 19 2
1919  1919  22

19 19 2
19 19 2
19 19 2
1919 19  192 
2
19 19 2
19 19 2
19 1919  192 
2
19 19 2
19 19 2
19 1919  219
 2
19 19 2
19 19 2
19 19 2
19 19 2
20 20 2
2020  2020  22

20 20 2
20 20 2
20 20 2
2020  2020  22

19 19 2
19 19 2
1919 19  192 
2
19 19 2
19 19 2
19 19 2
19 19 2
19 19 2
19 19 2
1919  1919  22

19 19 2
19 1919 19  22

19 19 2
19 19 2
19 19 2
19 19 192
 19 2
19 19 2
19 19 192
 19 2
19 19 2
19 19 2
19 1919 2 
19 192 
19 2
19 1919  219
19 2
 19 2
19 19 2
19 19 2
1919  1919  2192
 
19 2
19 19 192 19
 2
19 19 2
19 19 2
19 19 2
19 1919  192 
2
19 1919  192 
2
19 19 2
19 19 2
19 19 2
20 20 2
20 20 2
2020  2020  22

20 20 2
20 2020  220 
2
20 20 2
20 20 2
20 20 2
20 20 2
20 2020  202 
2
20 20 2
20 20 2
20 20 2
19 19 2
19 19 2
19 19 2
19 19 2
19 1919  192 
2
19 19 2
19 19 2
19 19 2
19 19 2
19 19 2
1919  19 192
 2
1919 19 19 19 19 2 2
2

19 19 2
19 19 2
19 1919 2 
19 2
19 19 2
1919 19  219
 2
19 19 2
19 19 2
19 19 2
1919 1919   19219 
 1922 

19 2
19 19 2
19 19 2
19 19 2
19 19 2
1919  1919  22

19 19 2
19 1919 2
 19 2
19 19 2
19 19 2
1919  1919  22

19 19 192 
19 2
19 19 2
19 19 2
19 19 2
19 19 2
19 19 2
1919  1919  22

19 19 219
 19 2
19 19 2
19 19 2
19 19 2
19 19 2
19 19 2
1919 19  192
 2
19 1919  19 22

19 19 2
20 20 2
20 20 2
20 20 2
20 20 2
20 20 2
2020  2020  2
2
20 20 2
19 19 2
19 19 2
19 19 21919
  1919  22

19 19 2
19 19 2
19 19 2
19 19 2
19 19 2
1919  1919  22

19 19 2
1919 19  2
19 2
19 19 2
1919  1919  22

19 19 2
19 1919 192 
19  192 
2
19 19 2
19 19 2
19 19 2
19 19 2
19 1919 2 
19 2
19 19 2
1919  1919  2
2
19 19 2
19 19 2
19 19 2
19 19 2
19 19 2
19 19 2
19 1919 2 
19 2
19 19 2
19 19 2
19 1919  219
 2
19 19 2
19 19 2
19 19 219
 19 2
19 19 2
20 20 2
20 20 2
20 20 2
20 20 2
2020  2020  2
2
20 20 2
20 20 2
20 20 2
20 20 2
2020 20  202 
2
20 20 2
20 20 2
20 20 2
20 20 2
10 10 2
10 1010 2 
10 210
 10 2
10 10 2
10 1010 2 
10 2
10 10 2
99 9  29
 92
 9 2
9 9 2
9 9 2
9 9 2
9 9 2
9 9 2
9 9 92
 9 2
99 9 99 9  2 2999
 
  92 
22

9 9 2
9 9 2
9 9 2
9 9 92
 9 2
9 9 2
99  99  22

9 9 2
9 9 2
9 9 2
9 9 2
9 9 2
9 9 2
9 99  29
 2
9 9 2
9 9 2
9 9 2
99  99  22

9 9 2
9 99  29
 2
9 9 2
10 10 2
10 10 2
1010  1010  22

10 10 2
10 10 2
10 10 2
10 10 2
10 10 2
10 10 1010102 10  10
 10 1010102   
 22

102 2

10 10 2
9 9 2
9 9 2
99  99  22

9 9 2
9 9 2
99  99  22

9 9 2
9 9 2
9 9 2
9 9 2
9 9 2
9 9 92
 9 2
9 9 2
99 9  2
9 2
9 9 2
9 9 2
9 9 2
9 9 2
99  9 92
 2
9 9 2
9 99  29
 2
9 9 2
9 9 2
9 9 2
9 9 2
9 9 2
9 9 2
9 9 2
9 9 2
99  99  22

9 9 2
9 9 29
 9 2
10 10 2
10 10 2
10 1010 2 
10 2
10 10 2
10 10 2
10 10 2
10 10 2
22 22 222
 22 2
2222  2222  22

22 22 2
222222 22   22222
  22

22 22 2
22 22 2
22 22 2
22 22 2
22 22 2
22 22 2
22 22 2
22 22 2
22 22 2
22 22 222
 22 2
2222  2222  22

22 22 2
22 22 2
22 22 2
22 22 2
22 22 2
2222  222222  2 22
2 
2
22 22 2
22 22 2
22 22 2
22 22 2
22 22 222
 22 2
22 22 2
2222  22 222 
2
22 22 2
22 22 2
22 22 2
22 22 2
2222  2222  22

22 22 2
22 22 2
2222 22  222
 2
22 22 2
22 22 2
22 22 2
22 22 2
2222 22  222
 2
22 2222  222 2

2323  2323 2 
2
23 2323 2 
23 2
23 23 2
23 23 2
23 23 2
23 23 2
22 22 2
22 22 2
22 22 2
22 22 2
22 22 2
22 22 2
22 22 2
22 22 2
22 22 2
22 22 2
22 22 2
22 22 2
22 22 2
22 22 2
22 22 2
22 22 2
22 22 2
22 22 2
2222 22  222 
2
22 22 2
2222 22  222
 2
22 22 2
22222222 22    22222222222 
    2222222  

2
2

22 22 2
22 22 2
22 22 2
22 22 222
 22 2
22 22 2
22 22 2
22 22 2
22 22 2
22 22 2
22 22 2
22 2222  22222
  222
22 222 
 2222  22

22 22 2
22 22 2
22 22 2
22 2222  2
22 2
22 22 2
22 22 222
 22 2
22 22 2
22 22 2
22 22 2
22 22 2
22 22 2
22 22 2
22 22 2
22 22 222
 22 2
22 22 2
22 2222  222 
22222
  222222   2222 

2
22 22 2
22 22 2
22 22 2
23 23 2
232323  23 23 23 2 
22

23 23 2
23 23 2
23 23 2
23 23 2
22 222222   22222 
 2222 

22 2
22 22 2
22 22 2
2222  2222  22

22 22 2
2222  2222  2222

 22 2
22 22 2
22 2222  22222 
 222 
2
22 22 2
22 22 2
22 22 2
22 2222  222
 222
 22 2
22 22 222
 22 2
22 22 2
22 2222 222 
 2222  22

22 22 2
2222  2222  2
2
22 22 2
22 22 2
22 2222 2 
22 222
 22 2
22 22 2
22 22 2
22 22 2
22 22 2
22 22 2
22 22 2
22 22 2
22 22 2
22 22 2
22 22 2
22 22 2
22 22 2
22 22 2
22 22 222
 22 2
22 22 2
22 22 2
22 22 222 
22 2
22 22 2
23 23 2
23 23 2
23 2323  223
 2
23 23 2
2323  2323  2232
 
23 2
22 22 2
2222  2222  2222
 
2222  222
 2
22 22 222
 22 2
22 22 2
22 22 2
22 2222  222 
2
22 2222 22 222 
 222 
2
22 22 2
22 22 2
22 22 2
22 22 2
22 22 2
22 22 2
222222  22 22 22 2 
22

22 22 2
2222  2222  2
2
22 22 2
22 22 2
22 22 2
22 22 2
22 22 2
22 22 2
22 22 2
22 22 2
22 222222   22222
  2222

22 22  222 
222 
22 2
2222  22 222 
2
22 22 2
22 22 2
22 22 2
22 22 2
2222 22  222
 2
22 22 2
22 22 2
2222 22 222222    222222 
 
22

22 22 222
 22 2
22 22 2
22 22 2
2222 22  222 
2
22 22 2
22 22 2
22 22 2
22 22 2
22 22 2
22 22 2
22 2222 2 
22 2
22 22 2
22 22 2
22 22 2
22 22 2
23 23 223
 23 2
23 23 2
23 23 223
23  232323   232 
22

23 23 2
15 15 2
15 15 2
15 15 2
15 15 152 
15 2
15 15 152 
15 2
15 15 2
15 15 2
15 15 2
15 15 2
15 15 2
15 15 2
15 1515  215
 2
15 15 2
15 15 152 
1515  15152  152
 
2
15 15 2
15 15 2
15 15 2
15 15 2
15 151515 15 2  1515
15   222


15 15 2
15 15 2
1515 15  215
 2
15 15 2
15 15 2
15 15 2
1515 15 2
15 15 2
15 15 2
15 15 2
 15 2
15151515    1515 1515 2  2
22


15 15 2
15 15 2
15 15 2
15 15 2
15 15 2
151515   151515   222


15 15 2
15 15 2
15 1515  2
15 2
15 15 2
1515  151515   2215

 2
15 15 2
15 1515 2 15
15  152 
2
1515 15 1515 15  2 21515
15
   2152
 
215
 15 2
15 15 2
15 15 2
15 15 2
15 15 2
1515  15151515    152215 

152 
2 15
15  15 22

15 15 2
1515  1515  22

15 1515  215
 2
1515 15  15215
  152 
2
15 15 2
15 15 215
 15 2
15 15 2
15 15 2
15 15 2
15 15 2
15 15 2
16 16 2
16 16 2
16 16 2
16 16 2
16 16 2
16 16 162
 16 2
16 16 2
16 16 2
1616 16 161616 16   2161616  
  2222



16 16 2
16 16 2
16 16 2
16 16 2
1616  161616   2216

 2
1616  16 162
 2
16 16 2
16 16 2
16 16 2
16 16 162
 16 2
16 16 2
16 16 2
16 16 162 
16 2
16 16 2
16 16 2
16 16 216
 16 2
1616 16  16216
  16 22

16 16 2
16 16 2
16 16 2
16 16 2
16 16 2
16 16 216
 16 2
1616  1616  22

16 16 2
16 16 2
16 16 216
 16 2
16 16 2
16 16 2
16 16 2
16 16 2
16 16 216
 16 2
16 16 162 
16 2
16 16 2
16 16 2
16 16 2
16 16 2
16 16 2
16 16 2
16 16 216
 16 2
16 16 2
16 16 2
16 16 2
16 16 2
16 16 2
16 16 2
16 16 2
16 1616  216
 162
 16 2
16 16 2
16 16 2
1616 1616   1616216  
 2216

 162
 16 2
16 16 2
16 16 2
16 16 2
1616  1616  22

16 16 2
16 16 2
1616  1616  22

16 16 2
16 16 2
16 1616 16  22

16 16 2
16 16 2
16 16 2
16 16 2
16 16 2
16 16 2
17 17 2
17 17 2
17 17 2
1717  1717  22
17
 17 2
17 17 2
17 17 2
11 11 2
1111 11  112 
2
11 11 2
11 11 2
11 11 2
11 11 2
11 11 2
10 10 2
10 10 2
10 10 2
10 10 2
1010 10  210
10  210 
2
10 10 2
1010  1010  22

1010  1010  22

1010  1010  22

10 10 2
10 10 2
10 1010  210
 2
10 10 2
10 1010  210
 2
10 10 2
10 10 2
10 10 2
10 10 2
10 10 2
10 1010  210
 2
10 10 2
10 10 2
10 10 2
10 10 2
10 10 2
10 10 2
10 1010  102 
2
10 10 2
10 10 2
10 10 2
10 10 2
10 10 2
10 10 2
1010  1010  22

1010  1010  22

10 10 2
10 10 2
11 11 2
11 11 2
11 11 2
11 11 2
11 11 2
11 11 2
11 1111  211
 2
11 11 2
11 11 2
11 11 2
11 11 2
11 1111  11112  
112 
2
11 11 2
10 10 2
10 10 2
10 10 2
10 10 2
10 10 2
10 10 102
 10 2
10 10 2
1010 10  10210 
 102 
210
 1010  10102  
102 
2
10 10 2
10 10 2
10 1010  21010
  210
 2
10 10 2
1010 10  102 
2
10 10 2
10 10 2
10 10 2
1010 10  102 
2
10 10 2
10 10 2
10 10 2
10 10 2
10 10 2
10 10 2
10 10 2
10 10 2
10 10 102
 10 2
10 10 2
10 10 2
10 10 2
10 10 2
10 10 2
10 10 2
10 10 210
 1010  210
 2
10 10 2
10 10 2
11 11 2
11 11 2
1111  1111  22

11 11 2
11 11 2
11 11 2
11 11 2
20 20 2
20 20 2
20 20 2
20 20 2
20 20 2
2020  2020  22

20 20 2
20 20 2
20 20 2
20 2020  220
 2
20 20 2
2020  20 202
 2
20 20 2
21 21 2
21 21 2
21 21 2
21 21 2
2121 21  21212 
 21 22

21 21 2
2020  2020  22

20 20 2
2020  2020  22

20 20 2
20 20 2
20 20 2
20 20 2
20 20 2
2020 20  202 
2
20 20 220
 20 2
20 20 2
20 20 2
20 20 2
20 20 2
20 20 2
20 2020  220
 220
 20 2
20 20 2
20 20 2
20 20 2
20 20 2
20 20 2
2020 20  202 20
2 
20 2
20 20 2
20 20 2
20 20 2
20 20 2
2020 20  20202 20 
 20220  2
2

2020  2020  2
2
20 20 2
20 20 2
2020  2020  22

20 20 2
20 20 2
20 20 2
20 20 2
20 20 2
20 20 2
20 2020  220
 2
20 20 2
20 20 2
20 20 2
20 20 2
21 21 2
21 21 2
21 21 2
2121  2121  2122
 
21 2
21 21 2
21 21 2
20 20 2
20 20 2
20 2020  220
 2
20 20 2
20 20 2
20 20 2
20 20 2
20 20 2
20 20 202
 20 2
20 20 202
 2020  220
 2
20 20 2
20 20 2
20 20 2
20 20 2
20 20 220
 20 2
20 20 2
20 20 2
20 20 2
20 20 2
20 20 2
2020  2020  22

2020 20  20202  
202 
2
20 20 2
20 20 2
20 20 2
20 20 2
20 20 2
20 20 2
2020  2020  22

20 20 2
20 20 2
20 20 2
20 20 2
20 20 2
20 20 2
20 20 2
20 20 2
20 20 2
20 20 2
21 21 2
21 21 2
21 21 2
21 21 2
21 21 2
21 21 2
21 21 2
21 21 2
20 20 2
20 20 2
2020 20  202 
2
2020 20  202 
2
20 20 2
20 20 2
20 20 2
20 20 2
20 20 2
20 20 2
20 20 2
20 20 2
20 20 2
20 20 2
21 21 2
21 2121  221
 2
2121 2121   21221 
2 
2
21 21 2
21 21 2
20 20 2
20 20 2
2020  2020  22

20 20 2
20 20 2
20 20 2
20 20 2
2020 20  202 
2
20 20 2
20 20 2
20 20 2
20 20 2
20 20 2
20 20 2
20 20 2
20 20 2
20 20 2
20 20 2
20 20 2
20 20 2
2020  2020  22

20 20 2
20 20 2
20 20 202 
20 2
20 20 2
20 20 2
20 20 2
20 20 2
20 20 2
20 20 2
2020  2020 20 202 
2 20
20  22

20 20 2
20 20 2
2020  20 202 
2
20 2020  22020
  202 
202
 2020  220
 2
20 20 2
20 20 2
20 20 2
20 20 202 
20 2
20 20 2
20 20 2
20 20 2
20 20 2
21 21 2
21 21 2
21 2121  221
 2
21 21 2
21 21 2
21 21 2
21 21 2
20 20 2
20 20 2
20 20 2
20 20 2
20 20 202 
20 2
20 20 2
20 20 2
20 20 2
20 20 220
 20 2
20 2020  220
20 2 
20 2
20 20 2
20 20 2
2020  2020 2 
2
20 20 2
20 20 2
20 20 2
20 20 2
20 20 2
20 20 2
202020   202020   222


2020 20  202 
2
20 20 2
20 20 2
20 20 2
20 20 2
20202020    20202020    2222



20 20 2
20 20 2
20 20 2
20 20 2
20 20 2
20 20 202
 20 2
20 20 2
20 20 2
20 20 2
20 20 2
21 21 2
21 2121  221
 212 
21 2
21 21 2
21 21 2
21 21 2
21 21 2
19 19 2
19 19 2
19 19 2
19 19 2
19 19 2
19 19 2
19 19 2
19 19 2
19 19 2
19 19 2
19 191919  1919 2 19
 2 19
2 
2
19 19 2
19 19 2
20 20 2
20 20 2
20 20 2
2020  2020  22

20 20 2
20 20 2
20 20 2
20 20 2
20 20 2
20 20 2
20 2020  220
20  220
 2
20 20 2
20 20 2
19 19 2
19 19 2
1919  1919  22

19 19 2
19 19 2
19 19 2
19 19 2
19 19 2
19 19 2
19 19 2
19 19 2
1919 19  192 
2
19 19 2
19 19 2
19 19 2
19 1919  219
 2
19 19 2
1919  1919  22

19 19 2
19 19 2
19 1919 2 
19 2
19 19 2
1919  1919  22

19 19 2
19 1919  192 
2
1919  1919  22

19 19 2
19 1919 2 
19 2
19 19 2
19 19 2
19 19 2
19 19 2
19 19 2
19 19 2
19 19 2
19 19 2
19 19 2
19 19 2
19 19 2
19 19 2
1919  1919  22

19 1919  19219
  192 
2
19 19 2
19 19 2
19 19 2
19 19 2
19 19 192
 1919  19192 
 219
 2
19 19 2
19 19 2
191919   191919 19  2 2
219
 
2
1919  1919  22

19 19 2
19 19 2
19 19 2
19 19 2
19 1919 2 
19 2
1919  1919  22

19 19 2
19 19 2
19 19 2
1919 19  192 
2
1919  1919 19 22 

19 2
19 19 2
19 19 2
19 1919  19219
  219
 192 
1919 219 
 1919  22

1919  1919  22

2020 20 20 20 2 20
2 
2
20 202020   22020
  22

20 20 2
20 20 2
19 19 2
19 19 2
19 191919   192 19
2 
2
19 19 2
19 19 2
19 19 2
19 19 21919
  1919  22
19
19  1919  219
2 
19 2
19 19 219
 19 2
2020  2020  22

2020 20  202 
220
 20 2
20 20 2
20 20 2
20 20 2
2020  2020  22

2020  2020  22

20 20 202
 20 2
20 20 2
20 20 2
19 1919 2 
19 2
19 19 219
 19 2
19 19 2
19 19 2
19 19 2
19 19 2
19 19 192 
1919  219
 2
19 19 2
19 19 2
19 19 219
 19 2
19 19 2
19 19 2
1919  1919 19 22 

191919   21919
  22

19 19 2
19 19 2
19 1919 2 
191919  19 19219  
 1922 
2

1919  1919  22

19 19 2
19 19 2
1919  1919  22

19 1919  2
19 2
1919  1919  22

19 19 2
19 19 2
19 19 2
19 19 2
1919  1919 19 2 19
2 
2
19 19 2
19 19 2
1919  191919   1922 

2
1919  191919  2 2
19
 2
19 19 2
19 19 2
19 19 2
19 19 2
19 19 2
19 19 2
1919 19  192 
2
1919  1919  22

1919  191919   1922 

2
19 19 2
19 19 2
19 19 2
19 19 2
19 19 2
19 19 219
 19 2
19 1919  19219 
 219
 2
19 19 2
19 19 2
19 19 2
1919  1919  22

19 19 2
19 19 2
19 19 2
19 19 2
19 19 2
19 19 2
1919  1919  1922

 19 2
19 1919  219
 192
 19 2
19 19 2
19 19 2
2020 20  202 
2
20 20 2
20 20 2
20 20 220
 20 2
20 20 2
20 20 2
6 66  26
 2
6 6 62 
6 2
66 6  62 
2
6 6 2
6 6 2
66  66  22

6 6 2
6 6 2
6 6 2
6 6 2
6 6 2
6 6 2
6 6 2
6 6 2
6 6 2
66  66  22

6 6 2
6 6 2
6 6 2
6 6 2
6 66  26
6 6 266 
  626 
 22

66  66  22

9 9 29
 9 2
9 9 2
9 9 2
9 9 2
9 9 2
9 9 2
9 9 2
9 9 2
9 99 2 
9 2
9 9 2
9 9 29
 9 2
9 9 2
9 9 2
99  999  2 2
9
9 2 
99  92 
29
 9 2
9 9 2
9 9 2
99  99  22

99 9 99   922
9 
 92 
2
9 9 2
9 9 2
1010 10  102 
2
10 1010  10102 
 210
 2
10 10 2
10 10 2
10 10 2
10 10 2
10 1010 2 
10 2
1010 10  102 
210
 10 2
10 10 2
10 10 2
10 1010  102 
2
10 10 2
10 10 2
10 10 2
10 1010  210
 2
10 10 2
10 10 2
10 10 2
10 10 2
10 10 10210
  1010  22

10 10 2
10 10 2
11 1111  211
 2
11 11 2
11 11 2
11 11 2
11 11 2
11 11 2
11 11 2
77  77  22

7 77 2 
7 2
7 77  27
 2
7 7 2
7 7 2
7 7 2
7 7 2
77  7777    7227 
7
2  
27
 2
7 7 2
7 77  27
 27
 7 2
7 7 2
7 7 2
7 7 2
7 77 2 
7 2
77  77  22

7 7 2
77  77  22

7 7 72
 7 72 
7 2
8 8 2
8 8 28
 8 2
88  88 8 2 2
8
 2
8 8 82
 8 2
1212  1212  22

12 1212 2 
12 2
12 1212  122 
2
12 12 2
12 12 2
1212  1212  22

121212  12 121212    22122
 

2
1212  1212  22

12 12 21212
  1212  22

1212 12  122 
2
12 12 2
1212  1212  22

1212  1212  22

12 12 2
12 12 2
12 12 2
12 12 2
12 12 2
12 12 2
1212 12  122 
2
12 12 2
12 12 2
12 12 2
12 12 2
12 12 2
12 12 2
12 12 122
 12 2
12 12 212
 12 122
 12 2
12 12 2
1212  1212  22

12 12 2
1212  1212  22

12 12 2
1212 12  122 
2
12 12 2
12 12 2
1212  1212  22

12 12 2
12 12 2
12 12 2
12 12 2
12 12 2
12 12 2
121212  12 12  1222 

2
12 12 2
12 12 212
 1212 2 
12 2
12 12 2
13 13 2
13 1313 2 
13 2
13 13 2
13 13 2
1313  1313  22

13 13 2
1212  1212  22

12 12 2
12 12 122
 12 212
 12 2
12 12 2
12 12 2
12 12 2
12 12 2
12 12 2
12 12 2
12 1212 2 
12 2
12 12 2
12 12 2
1212  1212  22

12 12 122
 12 2
12 1212  212
 2
12 12 2
12 12 2
1212  1212  22

12 12 2
12 12 2
12 1212  12122 
 12212 
2 
12 2
12 12 122 
12 2
1212  1212  22

12 12 2
12 1212  12122  
122 
2
1212  121212  2 2
12
 2
1212 12 12 121212    22122
 

2
12 12 2
12 12 2
12 1212 122 
 1212  22
12
 12 21212
  1212  22

12 12 2
1212  1212  2122

 12 2
1212  121212 12  1222  

212 
2
12 12 2
121212   121212   222


12 12 2
1212  1212  22

12 12 2
12 12 2
1313  131313   2213

 2
13 131313 13  2 1313
  132 2
2

13 13 2
14 14 2
1414  1414  22

14 14 2
14 14 2
1414  1414  22

14 14 2
1414  14 142 
142
 14 2
14 14 214
14  1414  2214

 14 2
14 14 2
1414  1414  22

14 14 2
14 14 2
14 14 2
1414  1414  22

14 14 2
1414  1414  2142

 14 2
14 14 2
1414  141414   1422 
2

14 14 2
1414  1414  22

1414  1414  2214
14
 14  142 
214
 1414  142
 2
14 14 142
 141414   1414214  
 2214

 2
14 14 2
14 14 2
14 14 2
1414  1414  22

14 14 2
14 14 2
1414  14141414    214214

  22

1414  1414  22

14 14 2
1414 1414   14142 14 
22 

1414  214
 2
14 14 2
14 14 214
14 14  142 
2
14 14 2
14 1414  142 
2
14 14 2
14 14 2
1414 1414   14142  
22

14 14 2
14 14 2
14 14 2
14 14 2
1515  151515   1522 

2
15 1515  215
15 15 215
  152 
2
15 15 2
16 16 2
16 16 2
1616 16  162 
2
1616  1616 16 2 1616
2  
216
 2
1616  1616 16 22 

16 2
16 16 2
1616  1616  162162
  
1616  22

16 16 162 
1616 2 
1616 162 
16  162 
2
16 16 2
16 16 2
16 16 2
16 16 2
16 16 2
16 16 2
16 16 2
16 16 162 
16 2
16 16 2
16 16 2
16 16 2
1616  1616  22

16 16 2
16 16 2
16 16 162 
16 2
16 16 2
161616   161616   222


1616  1616  162162 
 
161616  2 2
16
 2
1616  161616   1622 

2
16 16 2
16 161616   16216
  22
16
 16 2
16161616    16161616    221622

 

16 2
16 1616  162 
2
16 16 2
16 16 16216 
 1616  22

16 1616 16 16162   
21616
  1622

 16 2
1616  1616  22

1616  1616  22

16 16 2
16 16 216
 16 2
16 16 2
