WARNING:torch.distributed.run:
*****************************************
Setting OMP_NUM_THREADS environment variable for each process to be 1 in default, to avoid your system being overloaded, please further tune the variable for optimal performance in your application as needed. 
*****************************************
WARNING: No training data specified
WARNING: No training data specified
WARNING: No training data specified
using world size: 8 and model-parallel size: 8 
> padded vocab (size: 150528) with 0 dummy tokens (new size: 150528)
WARNING: No training data specified
WARNING: No training data specified
WARNING: No training data specified
WARNING: No training data specified
WARNING: No training data specified
> initializing model parallel with size 8
> Loading task configs
    Task CROWS_test loaded from config tasks/ethnic/CROWS_test.yaml
> Successfully load 1 task
> Set tokenizer as a icetk-glm-130B tokenizer! Now you can get_tokenizer() everywhere.
global rank 5 is loading checkpoint /mnt/yrfs/aohan/checkpoints/glm-130b-sat/49300/mp_rank_05_model_states.pt
global rank 7 is loading checkpoint /mnt/yrfs/aohan/checkpoints/glm-130b-sat/49300/mp_rank_07_model_states.pt
global rank 1 is loading checkpoint /mnt/yrfs/aohan/checkpoints/glm-130b-sat/49300/mp_rank_01_model_states.pt
global rank 2 is loading checkpoint /mnt/yrfs/aohan/checkpoints/glm-130b-sat/49300/mp_rank_02_model_states.pt
global rank 0 is loading checkpoint /mnt/yrfs/aohan/checkpoints/glm-130b-sat/49300/mp_rank_00_model_states.pt
global rank 6 is loading checkpoint /mnt/yrfs/aohan/checkpoints/glm-130b-sat/49300/mp_rank_06_model_states.pt
global rank 3 is loading checkpoint /mnt/yrfs/aohan/checkpoints/glm-130b-sat/49300/mp_rank_03_model_states.pt
global rank 4 is loading checkpoint /mnt/yrfs/aohan/checkpoints/glm-130b-sat/49300/mp_rank_04_model_states.pt
  successfully loaded /mnt/yrfs/aohan/checkpoints/glm-130b-sat/49300/mp_rank_04_model_states.pt
  successfully loaded /mnt/yrfs/aohan/checkpoints/glm-130b-sat/49300/mp_rank_06_model_states.pt
  successfully loaded /mnt/yrfs/aohan/checkpoints/glm-130b-sat/49300/mp_rank_07_model_states.pt
  successfully loaded /mnt/yrfs/aohan/checkpoints/glm-130b-sat/49300/mp_rank_05_model_states.pt
  successfully loaded /mnt/yrfs/aohan/checkpoints/glm-130b-sat/49300/mp_rank_03_model_states.pt
  successfully loaded /mnt/yrfs/aohan/checkpoints/glm-130b-sat/49300/mp_rank_02_model_states.pt
  successfully loaded /mnt/yrfs/aohan/checkpoints/glm-130b-sat/49300/mp_rank_00_model_states.pt
  successfully loaded /mnt/yrfs/aohan/checkpoints/glm-130b-sat/49300/mp_rank_01_model_states.pt
> Checkpoint loaded in 22.5s


CrowsPairTaskConfig(name='CROWS_test', type=<TaskType.MULTICHOICE: 'mul'>, path='data/CROWS', module='evaluation.CrowsPairTask', metrics=['CP'], use_task_mask=False, use_multitask_encoding=False, unidirectional=False, max_seq_length=2048, file_pattern={'test': '**/CROWS_100.jsonl'}, micro_batch_size=1)
Evaluating task CROWS_test:
    Evaluating group test:
37 37 2
37 37 2
37 37 2
37 37 2
37 37 2
37 37 2
37 37 2
37 37 2
37 37 2
37 37 2
37 37 2
37 37 2
37 37 2
37 37 2
37 37 2
37 37 2
37 37 237 37 2

37 37 2
37 37 2
37 37 2
37 37 2
37 37 2
37 37 2
38 38 2
3838 38  238
 2
38 38 2
38 38 2
38 38 2
38 38 2
38 38 2
3737  3737  22

37 37 2
3737  3737  2237

 37 2
37 37 2
37 37 2
37 37 2
37 37 2
37 37 2
37 3737  237
 2
37 37 2
37 37 2
37 37 2
37 37 2
37 37 2
37 37 2
37 37 2
37 37 2
37 37 2
37 37 2
37 37 2
37 37 2
37 37 2
37 37 2
37 37 2
37 37 2
37 37 2
37 37 2
37 37 2
37 37 2
37 37 372 
37 2
37 37 2
37 3737  237
 2
37 37 2
37 37 2
3737  3737  22

37 37 2
37 3737  37237
  237
 2
37 37 2
37 37 2
37 37 2
37 37 2
37 37 372
 37 2
37 37 2
37 37 2
37 37 2
37 37 2
38 3838  38382  
3838382  
 23838
  2238

 38 2
38 38 2
38 38 2
3737  3737  2
2
37 37 2
37 37 2
37 37 2
37 37 2
37 37 2
37 37 2
37 37 2
37 37 372 
3737  237
 2
37 37 2
37 37 2
37 37 2
37 37 2
3737  373737   3722 

2
37 37 2
37 3737  237
 2
37 37 2
37 37 2
3737  373737   2237

 2
3737  3737 37 2 2
37
 2
37 37 2
37 37 2
37373737   3737 37  3737 222  

37
2 
2
37 37 2
37 3737  237
 2
37 37 2
37 37 2
37 3737  372 
2
37 37 2
37 3737  237
 2
37 37 2
37 37 2
3737  373737   373722 
 
372 
2
37 37 2
37 37 2
37 37 2
3737  373737   2237

 2
37 37 2
37 37 2
37 3737  237
 2
37 37 2
37 37 2
37 37 2
37 37 2
37 3737  373737 2  
372 37
2 
2
37 37 2
37 37 2
37 37 2
37 37 2
3737  3737  22

37 37 2
37 37 2
37 37 2
3838  3838  22

38 38 2
38 3838  238
 2
38 38 2
38 38 2
38 38 2
37 3737  237
 2
37 37 372 
37 372 
37 2
37 37 2
37 37 2
37 37 2
37 37 2
37 37 2
37 37 2
37 37 372 
37 2
37 37 2
37 37 2
37 37 2
37 37 2
37 37 2
3737  3737  22

37 3737 2 
37 2
37 37 2
37 37 2
3737  3737  237372
 
 3737  22

37 37 2
37 3737  237
 2
37 37 2
38 38 2
38 3838  23838
  382 
2
38 38 2
38 38 238
 38 238
 38 2
37 37 372 
37 2
37 37 2
37 37 2
37 37 237
 37 2
37 37 2
37 37 2
37 37 2
37 37 2
3737  3737  22

37 37 37372  
3737  22

37 37 2
3737  3737  2237

 37 2
37 37 2
37 37 2
373737  37 37 37  222


37 37 2
3737  3737  22

37 37 2
3737 37  372 
2
37 37 2
37 37 2
37 37 372 
37 372
 37 2
37 37 2
37 37 2
37 37 2
37 37 2
37 37 2
37 37 2
37 37 2
37 37 372 
37 2
37 37 2
37 3737 2 
37 2
37 37 2
38 38 2
38 38 382
 38 2
38 38 238
 38 2
38 38 2
38 38 2
38 38 2
3737  37 372
 2
37 37 2
37 37 2
37 37 2
3737  3737  22

37 37 2
37 37 2
37 3737  372 
2
37 37 2
37 37 2
3737  3737  22

37 37 2
37 37 2
37 37 2
37 37 2
3737  3737  22

37 37 2
37 37 2
37 37 2
3838  3838  238
2 
38 2
38 38 2
3838 38  382 
2
38 38 2
38 38 2
37 3737  237
 372
 37 2
37 37 2
37 37 2
37 37 2
37 37 2
37 37 2
37 37 2
37 37 2
3737  3737  22

37 37 2
37 37 2
37 37 2
37 37 2
37 37 2
37 37 2
37 37 2
3737 37 37 37 37 2 237
2

 37 2
37 37 2
37 37 2
37 37 2
37 37 2
37 37 2
37 37 2
37 37 2
37 37 2
37 37 2
37 3737 37 2 37
37  22

37 37 2
37 37 2
37 37 2
37 37 2
37 37 2
37 37 2
3737  3737  22

37 37 2
37 37 2
37 37 2
37 37 2
37 37 2
37 37 2
37 37 237
 37 2
37 37 237
 37 2
37 37 2
37 37 2
37 37 2
38 38 2
38 38 2
38 38 2
38 38 2
38 38 2
38 38 2
38 38 2
38 38 2
3737  3737  22

37 37 237
 37 2
37 37 2
37 37 2
37 37 2
37 37 2
37 37 2
37 37 2
37 37 2
37 37 2
37 37 2
3737  3737  22

37 37 2
37 37 2
37 37 2
37 37 372 
37 2
37 37 2
37 37 2
37 37 2
37 37 2
37 37 2
3737  3737  22
37
 37 2
37 37 2
3737 37 3737   2372
 
2
37 37 2
37 37 2
37 37 2
37 3737 2 
3737  37237 
 372 
2
37 37 2
3737 37 37 37 37 2 2
2

37 37 2
37 37 2
37 37 2
37 3737  237
 2
37 37 2
3737  3737  22

37 37 2
37 3737 2 
37 2
37 37 2
37 37 2
37 37 2
37 37 2
37 37 2
37 37 2
37 37 2
37 37 2
37 37 2
37 37 2
37 3737  237
 2
37 37 2
37 37 2
37 37 2
37 37 2
37 37 2
37 37 2
37 37 2
37 3737  237
 2
37 37 2
37 37 2
37 3737  237
 2
37 37 2
38 38 2
3838  3838  22

38 38 2
38 38 2
38 38 2
38 38 2
38 38 2
3737  3737  22
37
 37 2
37 37 2
37 37 2
37 37 2
37 37 2
37 37 2
37 37 2
37 37 2
37 3737  237
 2
37 37 2
37 37 2
37 37 2
37 37 2
3737  373737   2372
 37
2
 37 2
37 3737  372 
2
37 37 2
37 37 2
37 37 2
37 37 2
37 37 2
37 37 2
37 37 2
37 37 2
37 37 2
37 37 2
38 38 2
3838  3838  22

38 38 2
38 38 2
38 38 2
38 38 2
38 38 2
37 37 2
37 37 2
37 37 2
37 37 2
37 37 2
37 37 2
37 37 2
37 37 2
37 37 372 
37 2
37 37 2
37 37 2
3737 37  372 
2
37 37 2
37 37 2
37 37 2
37 37 2
37 37 2
37 37 2
37 37 2
3737 37  372 
2
37 37 2
37 37 2
37 37 2
37 37 237
 37 2
37 37 2
37 37 2
37 37 2
37 37 2
37 37 2
37 37 2
37 37 2
37 37 2
37 37 2
37 37 2
37 37 2
37 37 2
37 37 2
37 37 2
37 37 237
 37 2
3737  373737   2372
 
2
37 37 2
38 38 2
3838 38  382 
238
 38 2
38 38 2
38 3838  382 
2
38 38 2
16 1616  162 
2
1616  1616  2162
 
16 2
16 16 2
16 16 2
16 16 2
16 16 2
16 16 2
16 16 2
16 16 2
16 16 2
1616  1616  22

16 16 2
16 16 2
1616  161616 16  2 216

 162 
2
16 16 2
16 16 2
16 16 2
16 16 2
1616  1616  22

16 16 2
16 16 2
16 16 2
16 16 2
16 16 2
16 16 2
16 16 2
16 16 2
16 16 2
1616  1616 16 2 16
 22

16 16 2
16 16 2
16 16 2
16 16 2
16 16 2
16 1616  16162  
216
 2
16 16 2
16 16 2
16 16 2
1616  1616  161622 
 16
16  22

16 16 2
16 16 2
16 16 2
16 16 2
1616  1616  22

16 16 2
1616  1616  22

16 16 2
16 16 2
16 16 2
16 16 2
16 16 2
1616  1616  22
16
 1616  216
 2
16 16 2
16 16 2
1616  1616  22

16 16 2
16 16 2
16 16 2
16 16 2
16 16 2
16 16 2
16 16 2
1616  1616  22

1616  1616  22
16
 16 2
16 16 2
16 16 2
16 16 2
1616 16  162 
216
 1616  216
 2
16 16 2
16 16 2
16 16 2
16 16 2
16 16 2
1616  1616  2162

 16 2
16 16 2
1717 17  217
 2
17 17 2
17 17 2
17 17 2
17 17 2
17 17 2
17 17 2
16 16 2
16 16 2
16 16 2
161616   161616   222


16 16 2
16 16 2
161616   161616   22216


 16 2
16 16 2
16 16 2
16 16 2
16 16 2
16 16 2
16 16 2
16 16 2
161616   1616 16 2 2
2

16 16 2
16 16 2
1616  16 162 
2
16 16 2
16 16 2
16 16 2
16 16 2
16 16 2
16 16 2
16 16 2
16 16 2
16 16 2
16 16 2
1616  1616  22

16 16 2
16 16 2
16 16 2
16 16 2
16 16 2
16 16 2
16 16 2
16 16 162 
16 2
16 16 2
16 16 2
1616  1616  22

16 16 2
16 16 2
16 161616  2 1616
  22

16 16 2
16 1616  162 16
2 
16 2
1616 16  16162 
 162 
2
16 16 2
16 16 2
16 16 2
16 16 2
16 16 162
 16 2
16 16 2
16 16 2
16 16 2
16 16 2
16 16 2
16 1616  216
 2
16 16 16162 
 1616  1622 

16 2
1616  1616  162216
 16
 161616    162216
 16
2  
216 
2
16 16 2
16 16 2
16 16 2
16 16 2
161616   161616   222


16 16 2
16 16 2
16 16 2
16 16 2
16 16 2
16 16 2
16 16 2
1616  1616  22

16 16 2
17 17 172 
17 2
17 17 2
1717  171717  17 2217 

2 
17 2
17 17 2
1919  191919  19 22 1919  
2
2

19 19 2
19 19 2
19 19 2
19 19 2
19 19 2
19 19 2
1919  1919  2219

19 19  19192 19 
2 19
19  22

19 19 2
19 19 2
19 19 2
19 19 2
19 19 2
1919  1919 192  19
2 
2
19 19 2
19 19 2
19 19 2
191919  1919 19  192 19 
2 2
2

19 19 2
19 19 2
19 19 2
1919  191919   1922 

2
19 19 2
19 19 2
19 19 2
19 19 2
19 19 2
19 19 2
19 19 2
19 19 2
19 19 2
19 19 2
19 19 2
19 19 2
19 19 2
19 1919 19 19  2219

19 19 2 19
19  22

19 19 2
19 19 2
19 19 2
19 19 2
19 19 2
19 19 219
 19 2
19 19 2
19 19 2
1919 19  219
 2
19 19 2
1919  1919  22

1919  1919  22

19 19 2
19 19 2
19 19 219
 19 2
1919  191919   1922 

2
19 19 2
19 19 2
20 20 2
20 20 2
20 20 2
20 20 2
2020  2020  22

20 20 2
20 20 2
1919  1919  22

19 19 192 
19 2
1919  1919  22

19 19 2
19 19 2
19 19 2
19 19 2
19 19 2
19 19 2
19 19 2
19 19 2
19 19 2
19 19 2
19 19 2
19 191919   19219  
22

19 19 2
19 19 2
19 19 2
19 19 2
1919  1919  22

19 19 2
19 19 2
19 19 2
19 19 2
19 19 2
19 19 2
1919  1919  22

1919  191919  19 2 219
2
 
19 2
19 19 2
19 19 2
20 20 2
20 20 2
2020  2020  22

20 2020 2 
2020 2 
20 2
20 20 2
19 19 2
1919  1919  219219

  191919   1922 

2
1919  1919  22

19 19 2
19 191919   19219
  22

19 19 2
19 19 2
19 19 2
19 19 2
19 19 2
19 19 2
19 19 219
 19 19219 
 191919  2 19
2 
2
19 19 2
19 19 2
19 1919 2 
19 2
19 19 2
1919 19 19 19 19 2 2
2

19 19 2
19 1919 192 19 
1919 19  19 22 19

219 
2 
1919  219
 2
19 19 2
19 19 2
19 19 2
19 1919  219
 219
 19 2
19 19 2
19 1919  219
 2
19 19 2
19 19 2
19 19 219
 19 2
19 19 2
19 19 2
19 19 2
19 19 2
191919   191919   22192

19 
 1919  22

19 19 2
19 19 2
19 19 2
19 19 2
19 19 2
19 19 2
19 19 2
19 19 2
19 19 192 
19 2
19 19 2
