WARNING:torch.distributed.run:
*****************************************
Setting OMP_NUM_THREADS environment variable for each process to be 1 in default, to avoid your system being overloaded, please further tune the variable for optimal performance in your application as needed. 
*****************************************
WARNING: No training data specified
WARNING: No training data specified
using world size: 8 and model-parallel size: 8 
> padded vocab (size: 150528) with 0 dummy tokens (new size: 150528)
WARNING: No training data specified
WARNING: No training data specified
WARNING: No training data specified
WARNING: No training data specified
WARNING: No training data specified
WARNING: No training data specified
> initializing model parallel with size 8
> Loading task configs
    Task ETHOS_oneshot loaded from config tasks/ethnic/ETHOS_oneshot.yaml
    Task ETHOS_zeroshot loaded from config tasks/ethnic/ETHOS_zeroshot.yaml
> Successfully load 2 tasks
> Set tokenizer as a icetk-glm-130B tokenizer! Now you can get_tokenizer() everywhere.
global rank 1 is loading checkpoint /mnt/yrfs/aohan/checkpoints/glm-130b-sat/49300/mp_rank_01_model_states.pt
global rank 0 is loading checkpoint /mnt/yrfs/aohan/checkpoints/glm-130b-sat/49300/mp_rank_00_model_states.ptglobal rank 5 is loading checkpoint /mnt/yrfs/aohan/checkpoints/glm-130b-sat/49300/mp_rank_05_model_states.pt

global rank 4 is loading checkpoint /mnt/yrfs/aohan/checkpoints/glm-130b-sat/49300/mp_rank_04_model_states.pt
global rank 2 is loading checkpoint /mnt/yrfs/aohan/checkpoints/glm-130b-sat/49300/mp_rank_02_model_states.pt
global rank 6 is loading checkpoint /mnt/yrfs/aohan/checkpoints/glm-130b-sat/49300/mp_rank_06_model_states.pt
global rank 3 is loading checkpoint /mnt/yrfs/aohan/checkpoints/glm-130b-sat/49300/mp_rank_03_model_states.pt
global rank 7 is loading checkpoint /mnt/yrfs/aohan/checkpoints/glm-130b-sat/49300/mp_rank_07_model_states.pt
  successfully loaded /mnt/yrfs/aohan/checkpoints/glm-130b-sat/49300/mp_rank_03_model_states.pt
  successfully loaded /mnt/yrfs/aohan/checkpoints/glm-130b-sat/49300/mp_rank_02_model_states.pt
  successfully loaded /mnt/yrfs/aohan/checkpoints/glm-130b-sat/49300/mp_rank_00_model_states.pt
  successfully loaded /mnt/yrfs/aohan/checkpoints/glm-130b-sat/49300/mp_rank_04_model_states.pt
  successfully loaded /mnt/yrfs/aohan/checkpoints/glm-130b-sat/49300/mp_rank_01_model_states.pt
  successfully loaded /mnt/yrfs/aohan/checkpoints/glm-130b-sat/49300/mp_rank_05_model_states.pt
  successfully loaded /mnt/yrfs/aohan/checkpoints/glm-130b-sat/49300/mp_rank_07_model_states.pt
  successfully loaded /mnt/yrfs/aohan/checkpoints/glm-130b-sat/49300/mp_rank_06_model_states.pt
> Checkpoint loaded in 29.4s


MultiChoiceTaskConfig(name='ETHOS_oneshot', type=<TaskType.MULTICHOICE: 'mul'>, path='data/ETHOS/oneshot', module=None, metrics=['F1'], use_task_mask=False, use_multitask_encoding=False, unidirectional=False, max_seq_length=2048, file_pattern={'test': '**/oneshot.jsonl'}, micro_batch_size=32)
Evaluating task ETHOS_oneshot:
    Evaluating group test:
Evaluation results of task ETHOS_oneshot:
      Group test: 
Finish task ETHOS_oneshot in 0.0s.


MultiChoiceTaskConfig(name='ETHOS_zeroshot', type=<TaskType.MULTICHOICE: 'mul'>, path='data/ETHOS/zeroshot', module=None, metrics=['F1'], use_task_mask=False, use_multitask_encoding=False, unidirectional=False, max_seq_length=2048, file_pattern={'test': '**/zeroshot.jsonl'}, micro_batch_size=4)
Evaluating task ETHOS_zeroshot:
    Evaluating group test:
{'text': [20355, 20229, 20270, 20533, 20022, 20106, 22905, 20118, 20104, 30324], 'choices': [[20184], [23544]], 'label': 1}
Traceback (most recent call last):
  File "/mnt/yrfs/xuyifan/GLM-130B/evaluate.py", line 67, in <module>
    main()
  File "/mnt/yrfs/xuyifan/GLM-130B/evaluate.py", line 62, in main
    evaluate_all_tasks(args.data_path, model, tokenizer, args.task, task_classes)
  File "/mnt/yrfs/xuyifan/GLM-130B/evaluate.py", line 36, in evaluate_all_tasks
    task.evaluate()
  File "/mnt/yrfs/xuyifan/GLM-130B/evaluation/tasks.py", line 89, in evaluate
    result_dict = {key: metric(prediction, dataset.data) for key, metric in self.metrics.items()}
  File "/mnt/yrfs/xuyifan/GLM-130B/evaluation/tasks.py", line 89, in <dictcomp>
    result_dict = {key: metric(prediction, dataset.data) for key, metric in self.metrics.items()}
  File "/mnt/yrfs/xuyifan/GLM-130B/evaluation/metrics.py", line 76, in qa_evaluate
    ground_truths = [tokenizer.tokenizer.decode(target) for target in example["targets"]]
KeyError: 'targets'
{'text': [20355, 20229, 20270, 20533, 20022, 20106, 22905, 20118, 20104, 30324], 'choices': [[20184], [23544]], 'label': 1}
Traceback (most recent call last):
  File "/mnt/yrfs/xuyifan/GLM-130B/evaluate.py", line 67, in <module>
    main()
  File "/mnt/yrfs/xuyifan/GLM-130B/evaluate.py", line 62, in main
    evaluate_all_tasks(args.data_path, model, tokenizer, args.task, task_classes)
  File "/mnt/yrfs/xuyifan/GLM-130B/evaluate.py", line 36, in evaluate_all_tasks
    task.evaluate()
  File "/mnt/yrfs/xuyifan/GLM-130B/evaluation/tasks.py", line 89, in evaluate
    result_dict = {key: metric(prediction, dataset.data) for key, metric in self.metrics.items()}
  File "/mnt/yrfs/xuyifan/GLM-130B/evaluation/tasks.py", line 89, in <dictcomp>
    result_dict = {key: metric(prediction, dataset.data) for key, metric in self.metrics.items()}
  File "/mnt/yrfs/xuyifan/GLM-130B/evaluation/metrics.py", line 76, in qa_evaluate
    ground_truths = [tokenizer.tokenizer.decode(target) for target in example["targets"]]
KeyError: 'targets'
{'text': [20355, 20229, 20270, 20533, 20022, 20106, 22905, 20118, 20104, 30324], 'choices': [[20184], [23544]], 'label': 1}
Traceback (most recent call last):
  File "/mnt/yrfs/xuyifan/GLM-130B/evaluate.py", line 67, in <module>
{'text': [20355, 20229, 20270, 20533, 20022, 20106, 22905, 20118, 20104, 30324], 'choices': [[20184], [23544]], 'label': 1}
    main()
  File "/mnt/yrfs/xuyifan/GLM-130B/evaluate.py", line 62, in main
Traceback (most recent call last):
  File "/mnt/yrfs/xuyifan/GLM-130B/evaluate.py", line 67, in <module>
    evaluate_all_tasks(args.data_path, model, tokenizer, args.task, task_classes)
  File "/mnt/yrfs/xuyifan/GLM-130B/evaluate.py", line 36, in evaluate_all_tasks
    main()
  File "/mnt/yrfs/xuyifan/GLM-130B/evaluate.py", line 62, in main
{'text': [20355, 20229, 20270, 20533, 20022, 20106, 22905, 20118, 20104, 30324], 'choices': [[20184], [23544]], 'label': 1}
Traceback (most recent call last):
  File "/mnt/yrfs/xuyifan/GLM-130B/evaluate.py", line 67, in <module>
    evaluate_all_tasks(args.data_path, model, tokenizer, args.task, task_classes)
  File "/mnt/yrfs/xuyifan/GLM-130B/evaluate.py", line 36, in evaluate_all_tasks
    task.evaluate()
  File "/mnt/yrfs/xuyifan/GLM-130B/evaluation/tasks.py", line 89, in evaluate
    main()
  File "/mnt/yrfs/xuyifan/GLM-130B/evaluate.py", line 62, in main
    task.evaluate()
  File "/mnt/yrfs/xuyifan/GLM-130B/evaluation/tasks.py", line 89, in evaluate
    evaluate_all_tasks(args.data_path, model, tokenizer, args.task, task_classes)
  File "/mnt/yrfs/xuyifan/GLM-130B/evaluate.py", line 36, in evaluate_all_tasks
    result_dict = {key: metric(prediction, dataset.data) for key, metric in self.metrics.items()}
  File "/mnt/yrfs/xuyifan/GLM-130B/evaluation/tasks.py", line 89, in <dictcomp>
    result_dict = {key: metric(prediction, dataset.data) for key, metric in self.metrics.items()}
  File "/mnt/yrfs/xuyifan/GLM-130B/evaluation/tasks.py", line 89, in <dictcomp>
    task.evaluate()
  File "/mnt/yrfs/xuyifan/GLM-130B/evaluation/tasks.py", line 89, in evaluate
        result_dict = {key: metric(prediction, dataset.data) for key, metric in self.metrics.items()}result_dict = {key: metric(prediction, dataset.data) for key, metric in self.metrics.items()}

  File "/mnt/yrfs/xuyifan/GLM-130B/evaluation/metrics.py", line 76, in qa_evaluate
  File "/mnt/yrfs/xuyifan/GLM-130B/evaluation/metrics.py", line 76, in qa_evaluate
    result_dict = {key: metric(prediction, dataset.data) for key, metric in self.metrics.items()}
  File "/mnt/yrfs/xuyifan/GLM-130B/evaluation/tasks.py", line 89, in <dictcomp>
    ground_truths = [tokenizer.tokenizer.decode(target) for target in example["targets"]]
KeyError: 'targets'
    ground_truths = [tokenizer.tokenizer.decode(target) for target in example["targets"]]
KeyError: 'targets'
    result_dict = {key: metric(prediction, dataset.data) for key, metric in self.metrics.items()}
  File "/mnt/yrfs/xuyifan/GLM-130B/evaluation/metrics.py", line 76, in qa_evaluate
{'text': [20355, 20229, 20270, 20533, 20022, 20106, 22905, 20118, 20104, 30324], 'choices': [[20184], [23544]], 'label': 1}
    ground_truths = [tokenizer.tokenizer.decode(target) for target in example["targets"]]
KeyError: 'targets'
Traceback (most recent call last):
  File "/mnt/yrfs/xuyifan/GLM-130B/evaluate.py", line 67, in <module>
    main()
  File "/mnt/yrfs/xuyifan/GLM-130B/evaluate.py", line 62, in main
    evaluate_all_tasks(args.data_path, model, tokenizer, args.task, task_classes)
  File "/mnt/yrfs/xuyifan/GLM-130B/evaluate.py", line 36, in evaluate_all_tasks
    task.evaluate()
  File "/mnt/yrfs/xuyifan/GLM-130B/evaluation/tasks.py", line 89, in evaluate
    result_dict = {key: metric(prediction, dataset.data) for key, metric in self.metrics.items()}
  File "/mnt/yrfs/xuyifan/GLM-130B/evaluation/tasks.py", line 89, in <dictcomp>
{'text': [20355, 20229, 20270, 20533, 20022, 20106, 22905, 20118, 20104, 30324], 'choices': [[20184], [23544]], 'label': 1}
Traceback (most recent call last):
  File "/mnt/yrfs/xuyifan/GLM-130B/evaluate.py", line 67, in <module>
    result_dict = {key: metric(prediction, dataset.data) for key, metric in self.metrics.items()}
  File "/mnt/yrfs/xuyifan/GLM-130B/evaluation/metrics.py", line 76, in qa_evaluate
    main()
  File "/mnt/yrfs/xuyifan/GLM-130B/evaluate.py", line 62, in main
    ground_truths = [tokenizer.tokenizer.decode(target) for target in example["targets"]]
KeyError: 'targets'
    evaluate_all_tasks(args.data_path, model, tokenizer, args.task, task_classes)
  File "/mnt/yrfs/xuyifan/GLM-130B/evaluate.py", line 36, in evaluate_all_tasks
    task.evaluate()
  File "/mnt/yrfs/xuyifan/GLM-130B/evaluation/tasks.py", line 89, in evaluate
    result_dict = {key: metric(prediction, dataset.data) for key, metric in self.metrics.items()}
  File "/mnt/yrfs/xuyifan/GLM-130B/evaluation/tasks.py", line 89, in <dictcomp>
    result_dict = {key: metric(prediction, dataset.data) for key, metric in self.metrics.items()}
  File "/mnt/yrfs/xuyifan/GLM-130B/evaluation/metrics.py", line 76, in qa_evaluate
    ground_truths = [tokenizer.tokenizer.decode(target) for target in example["targets"]]
KeyError: 'targets'
{'text': [20355, 20229, 20270, 20533, 20022, 20106, 22905, 20118, 20104, 30324], 'choices': [[20184], [23544]], 'label': 1}
Traceback (most recent call last):
  File "/mnt/yrfs/xuyifan/GLM-130B/evaluate.py", line 67, in <module>
    main()
  File "/mnt/yrfs/xuyifan/GLM-130B/evaluate.py", line 62, in main
    evaluate_all_tasks(args.data_path, model, tokenizer, args.task, task_classes)
  File "/mnt/yrfs/xuyifan/GLM-130B/evaluate.py", line 36, in evaluate_all_tasks
    task.evaluate()
  File "/mnt/yrfs/xuyifan/GLM-130B/evaluation/tasks.py", line 89, in evaluate
    result_dict = {key: metric(prediction, dataset.data) for key, metric in self.metrics.items()}
  File "/mnt/yrfs/xuyifan/GLM-130B/evaluation/tasks.py", line 89, in <dictcomp>
    result_dict = {key: metric(prediction, dataset.data) for key, metric in self.metrics.items()}
  File "/mnt/yrfs/xuyifan/GLM-130B/evaluation/metrics.py", line 76, in qa_evaluate
    ground_truths = [tokenizer.tokenizer.decode(target) for target in example["targets"]]
KeyError: 'targets'
ERROR:torch.distributed.elastic.multiprocessing.api:failed (exitcode: 1) local_rank: 0 (pid: 307105) of binary: /mnt/yrfs/qinkai/miniconda3/envs/largescale/bin/python
Traceback (most recent call last):
  File "/mnt/yrfs/qinkai/miniconda3/envs/largescale/bin/torchrun", line 33, in <module>
    sys.exit(load_entry_point('torch==1.12.0', 'console_scripts', 'torchrun')())
  File "/mnt/yrfs/qinkai/miniconda3/envs/largescale/lib/python3.9/site-packages/torch/distributed/elastic/multiprocessing/errors/__init__.py", line 345, in wrapper
    return f(*args, **kwargs)
  File "/mnt/yrfs/qinkai/miniconda3/envs/largescale/lib/python3.9/site-packages/torch/distributed/run.py", line 761, in main
    run(args)
  File "/mnt/yrfs/qinkai/miniconda3/envs/largescale/lib/python3.9/site-packages/torch/distributed/run.py", line 752, in run
    elastic_launch(
  File "/mnt/yrfs/qinkai/miniconda3/envs/largescale/lib/python3.9/site-packages/torch/distributed/launcher/api.py", line 131, in __call__
    return launch_agent(self._config, self._entrypoint, list(args))
  File "/mnt/yrfs/qinkai/miniconda3/envs/largescale/lib/python3.9/site-packages/torch/distributed/launcher/api.py", line 245, in launch_agent
    raise ChildFailedError(
torch.distributed.elastic.multiprocessing.errors.ChildFailedError: 
============================================================
/mnt/yrfs/xuyifan/GLM-130B/evaluate.py FAILED
------------------------------------------------------------
Failures:
[1]:
  time      : 2022-09-22_22:06:08
  host      : node15
  rank      : 1 (local_rank: 1)
  exitcode  : 1 (pid: 307106)
  error_file: <N/A>
  traceback : To enable traceback see: https://pytorch.org/docs/stable/elastic/errors.html
[2]:
  time      : 2022-09-22_22:06:08
  host      : node15
  rank      : 2 (local_rank: 2)
  exitcode  : 1 (pid: 307107)
  error_file: <N/A>
  traceback : To enable traceback see: https://pytorch.org/docs/stable/elastic/errors.html
[3]:
  time      : 2022-09-22_22:06:08
  host      : node15
  rank      : 3 (local_rank: 3)
  exitcode  : 1 (pid: 307109)
  error_file: <N/A>
  traceback : To enable traceback see: https://pytorch.org/docs/stable/elastic/errors.html
[4]:
  time      : 2022-09-22_22:06:08
  host      : node15
  rank      : 4 (local_rank: 4)
  exitcode  : 1 (pid: 307111)
  error_file: <N/A>
  traceback : To enable traceback see: https://pytorch.org/docs/stable/elastic/errors.html
[5]:
  time      : 2022-09-22_22:06:08
  host      : node15
  rank      : 5 (local_rank: 5)
  exitcode  : 1 (pid: 307113)
  error_file: <N/A>
  traceback : To enable traceback see: https://pytorch.org/docs/stable/elastic/errors.html
[6]:
  time      : 2022-09-22_22:06:08
  host      : node15
  rank      : 6 (local_rank: 6)
  exitcode  : 1 (pid: 307115)
  error_file: <N/A>
  traceback : To enable traceback see: https://pytorch.org/docs/stable/elastic/errors.html
[7]:
  time      : 2022-09-22_22:06:08
  host      : node15
  rank      : 7 (local_rank: 7)
  exitcode  : 1 (pid: 307116)
  error_file: <N/A>
  traceback : To enable traceback see: https://pytorch.org/docs/stable/elastic/errors.html
------------------------------------------------------------
Root Cause (first observed failure):
[0]:
  time      : 2022-09-22_22:06:08
  host      : node15
  rank      : 0 (local_rank: 0)
  exitcode  : 1 (pid: 307105)
  error_file: <N/A>
  traceback : To enable traceback see: https://pytorch.org/docs/stable/elastic/errors.html
============================================================
