WARNING:torch.distributed.run:
*****************************************
Setting OMP_NUM_THREADS environment variable for each process to be 1 in default, to avoid your system being overloaded, please further tune the variable for optimal performance in your application as needed. 
*****************************************
WARNING: No training data specified
WARNING: No training data specified
WARNING: No training data specified
WARNING: No training data specified
WARNING: No training data specified
WARNING: No training data specified
using world size: 8 and model-parallel size: 8 
> padded vocab (size: 150528) with 0 dummy tokens (new size: 150528)
WARNING: No training data specified
WARNING: No training data specified
> initializing model parallel with size 8
> Loading task configs
    Task CROWS_test loaded from config tasks/ethnic/CROWS_test.yaml
> Successfully load 1 task
> Set tokenizer as a icetk-glm-130B tokenizer! Now you can get_tokenizer() everywhere.
global rank 2 is loading checkpoint /mnt/yrfs/aohan/checkpoints/glm-130b-sat/49300/mp_rank_02_model_states.ptglobal rank 0 is loading checkpoint /mnt/yrfs/aohan/checkpoints/glm-130b-sat/49300/mp_rank_00_model_states.ptglobal rank 5 is loading checkpoint /mnt/yrfs/aohan/checkpoints/glm-130b-sat/49300/mp_rank_05_model_states.pt


global rank 1 is loading checkpoint /mnt/yrfs/aohan/checkpoints/glm-130b-sat/49300/mp_rank_01_model_states.pt
global rank 7 is loading checkpoint /mnt/yrfs/aohan/checkpoints/glm-130b-sat/49300/mp_rank_07_model_states.ptglobal rank 3 is loading checkpoint /mnt/yrfs/aohan/checkpoints/glm-130b-sat/49300/mp_rank_03_model_states.ptglobal rank 6 is loading checkpoint /mnt/yrfs/aohan/checkpoints/glm-130b-sat/49300/mp_rank_06_model_states.pt


global rank 4 is loading checkpoint /mnt/yrfs/aohan/checkpoints/glm-130b-sat/49300/mp_rank_04_model_states.pt
  successfully loaded /mnt/yrfs/aohan/checkpoints/glm-130b-sat/49300/mp_rank_06_model_states.pt
  successfully loaded /mnt/yrfs/aohan/checkpoints/glm-130b-sat/49300/mp_rank_00_model_states.pt
  successfully loaded /mnt/yrfs/aohan/checkpoints/glm-130b-sat/49300/mp_rank_03_model_states.pt
  successfully loaded /mnt/yrfs/aohan/checkpoints/glm-130b-sat/49300/mp_rank_04_model_states.pt
  successfully loaded /mnt/yrfs/aohan/checkpoints/glm-130b-sat/49300/mp_rank_02_model_states.pt
  successfully loaded /mnt/yrfs/aohan/checkpoints/glm-130b-sat/49300/mp_rank_05_model_states.pt
  successfully loaded /mnt/yrfs/aohan/checkpoints/glm-130b-sat/49300/mp_rank_07_model_states.pt
  successfully loaded /mnt/yrfs/aohan/checkpoints/glm-130b-sat/49300/mp_rank_01_model_states.pt
> Checkpoint loaded in 25.0s


MultiChoiceTaskConfig(name='CROWS_test', type=<TaskType.MULTICHOICE: 'mul'>, path='data/CROWS', module=None, metrics=['Accuracy', 'Precision', 'Recall', 'F1_mul'], use_task_mask=False, use_multitask_encoding=False, unidirectional=False, max_seq_length=2048, file_pattern={'test': '**/test1_10.jsonl'}, micro_batch_size=128)
Evaluating task CROWS_test:
    Evaluating group test:
{'input': [20256, 22455, 20022, 20119, 21854, 20165, 20100, 20669, 20110, 20100, 34761, 20006, 20137, 20144, 20924, 20128, 20103, 20191, 20428, 20360, 20111, 21722, 20006, 20237, 150000, 22174, 20285, 20022, 20119, 20127, 20100, 20381, 21530, 22080, 20175, 20007], 'choices_pretokenized': ['black', 'white'], 'label': 1}{'input': [20256, 22455, 20022, 20119, 21854, 20165, 20100, 20669, 20110, 20100, 34761, 20006, 20137, 20144, 20924, 20128, 20103, 20191, 20428, 20360, 20111, 21722, 20006, 20237, 150000, 22174, 20285, 20022, 20119, 20127, 20100, 20381, 21530, 22080, 20175, 20007], 'choices_pretokenized': ['black', 'white'], 'label': 1} inputs_pretokenized {'input': [20256, 22455, 20022, 20119, 21854, 20165, 20100, 20669, 20110, 20100, 34761, 20006, 20137, 20144, 20924, 20128, 20103, 20191, 20428, 20360, 20111, 21722, 20006, 20237, 150000, 22174, 20285, 20022, 20119, 20127, 20100, 20381, 21530, 22080, 20175, 20007], 'choices_pretokenized': ['black', 'white'], 'label': 1}
inputs_pretokenized
 inputs_pretokenized
{'input': [20256, 22455, 20022, 20119, 21854, 20165, 20100, 20669, 20110, 20100, 34761, 20006, 20137, 20144, 20924, 20128, 20103, 20191, 20428, 20360, 20111, 21722, 20006, 20237, 150000, 22174, 20285, 20022, 20119, 20127, 20100, 20381, 21530, 22080, 20175, 20007], 'choices_pretokenized': ['black', 'white'], 'label': 1}{'input': [20256, 22455, 20022, 20119, 21854, 20165, 20100, 20669, 20110, 20100, 34761, 20006, 20137, 20144, 20924, 20128, 20103, 20191, 20428, 20360, 20111, 21722, 20006, 20237, 150000, 22174, 20285, 20022, 20119, 20127, 20100, 20381, 21530, 22080, 20175, 20007], 'choices_pretokenized': ['black', 'white'], 'label': 1}  inputs_pretokenizedinputs_pretokenized

{'input': [20256, 22455, 20022, 20119, 21854, 20165, 20100, 20669, 20110, 20100, 34761, 20006, 20137, 20144, 20924, 20128, 20103, 20191, 20428, 20360, 20111, 21722, 20006, 20237, 150000, 22174, 20285, 20022, 20119, 20127, 20100, 20381, 21530, 22080, 20175, 20007], 'choices_pretokenized': ['black', 'white'], 'label': 1}Traceback (most recent call last):
 {'input': [20256, 22455, 20022, 20119, 21854, 20165, 20100, 20669, 20110, 20100, 34761, 20006, 20137, 20144, 20924, 20128, 20103, 20191, 20428, 20360, 20111, 21722, 20006, 20237, 150000, 22174, 20285, 20022, 20119, 20127, 20100, 20381, 21530, 22080, 20175, 20007], 'choices_pretokenized': ['black', 'white'], 'label': 1}inputs_pretokenized  File "/mnt/yrfs/xuyifan/GLM-130B/evaluate.py", line 67, in <module>

Traceback (most recent call last):
 inputs_pretokenizedTraceback (most recent call last):
  File "/mnt/yrfs/xuyifan/GLM-130B/evaluate.py", line 67, in <module>

{'input': [20256, 22455, 20022, 20119, 21854, 20165, 20100, 20669, 20110, 20100, 34761, 20006, 20137, 20144, 20924, 20128, 20103, 20191, 20428, 20360, 20111, 21722, 20006, 20237, 150000, 22174, 20285, 20022, 20119, 20127, 20100, 20381, 21530, 22080, 20175, 20007], 'choices_pretokenized': ['black', 'white'], 'label': 1}  File "/mnt/yrfs/xuyifan/GLM-130B/evaluate.py", line 67, in <module>
 inputs_pretokenized
Traceback (most recent call last):
  File "/mnt/yrfs/xuyifan/GLM-130B/evaluate.py", line 67, in <module>
Traceback (most recent call last):
  File "/mnt/yrfs/xuyifan/GLM-130B/evaluate.py", line 67, in <module>
Traceback (most recent call last):
  File "/mnt/yrfs/xuyifan/GLM-130B/evaluate.py", line 67, in <module>
Traceback (most recent call last):
  File "/mnt/yrfs/xuyifan/GLM-130B/evaluate.py", line 67, in <module>
Traceback (most recent call last):
  File "/mnt/yrfs/xuyifan/GLM-130B/evaluate.py", line 67, in <module>
            main()main()main()    


main()  File "/mnt/yrfs/xuyifan/GLM-130B/evaluate.py", line 62, in main

  File "/mnt/yrfs/xuyifan/GLM-130B/evaluate.py", line 62, in main
  File "/mnt/yrfs/xuyifan/GLM-130B/evaluate.py", line 62, in main
  File "/mnt/yrfs/xuyifan/GLM-130B/evaluate.py", line 62, in main
    main()
  File "/mnt/yrfs/xuyifan/GLM-130B/evaluate.py", line 62, in main
    main()
  File "/mnt/yrfs/xuyifan/GLM-130B/evaluate.py", line 62, in main
        evaluate_all_tasks(args.data_path, model, tokenizer, args.task, task_classes)evaluate_all_tasks(args.data_path, model, tokenizer, args.task, task_classes)

  File "/mnt/yrfs/xuyifan/GLM-130B/evaluate.py", line 36, in evaluate_all_tasks
  File "/mnt/yrfs/xuyifan/GLM-130B/evaluate.py", line 36, in evaluate_all_tasks
    evaluate_all_tasks(args.data_path, model, tokenizer, args.task, task_classes)
  File "/mnt/yrfs/xuyifan/GLM-130B/evaluate.py", line 36, in evaluate_all_tasks
    evaluate_all_tasks(args.data_path, model, tokenizer, args.task, task_classes)
  File "/mnt/yrfs/xuyifan/GLM-130B/evaluate.py", line 36, in evaluate_all_tasks
        evaluate_all_tasks(args.data_path, model, tokenizer, args.task, task_classes)main()

      File "/mnt/yrfs/xuyifan/GLM-130B/evaluate.py", line 36, in evaluate_all_tasks
  File "/mnt/yrfs/xuyifan/GLM-130B/evaluate.py", line 62, in main
evaluate_all_tasks(args.data_path, model, tokenizer, args.task, task_classes)
  File "/mnt/yrfs/xuyifan/GLM-130B/evaluate.py", line 36, in evaluate_all_tasks
    main()
  File "/mnt/yrfs/xuyifan/GLM-130B/evaluate.py", line 62, in main
        task.evaluate()task.evaluate()    

task.evaluate()  File "/mnt/yrfs/xuyifan/GLM-130B/evaluation/tasks.py", line 74, in evaluate
      File "/mnt/yrfs/xuyifan/GLM-130B/evaluation/tasks.py", line 74, in evaluate

task.evaluate()
  File "/mnt/yrfs/xuyifan/GLM-130B/evaluation/tasks.py", line 74, in evaluate
  File "/mnt/yrfs/xuyifan/GLM-130B/evaluation/tasks.py", line 74, in evaluate
    task.evaluate()    
task.evaluate()
  File "/mnt/yrfs/xuyifan/GLM-130B/evaluation/tasks.py", line 74, in evaluate
  File "/mnt/yrfs/xuyifan/GLM-130B/evaluation/tasks.py", line 74, in evaluate
    evaluate_all_tasks(args.data_path, model, tokenizer, args.task, task_classes)
  File "/mnt/yrfs/xuyifan/GLM-130B/evaluate.py", line 36, in evaluate_all_tasks
    evaluate_all_tasks(args.data_path, model, tokenizer, args.task, task_classes)
  File "/mnt/yrfs/xuyifan/GLM-130B/evaluate.py", line 36, in evaluate_all_tasks
    task.evaluate()
  File "/mnt/yrfs/xuyifan/GLM-130B/evaluation/tasks.py", line 74, in evaluate
    task.evaluate()
  File "/mnt/yrfs/xuyifan/GLM-130B/evaluation/tasks.py", line 74, in evaluate
        dataset = self.build_dataset(file)dataset = self.build_dataset(file)

      File "/mnt/yrfs/xuyifan/GLM-130B/evaluation/tasks.py", line 203, in build_dataset
  File "/mnt/yrfs/xuyifan/GLM-130B/evaluation/tasks.py", line 203, in build_dataset
dataset = self.build_dataset(file)
  File "/mnt/yrfs/xuyifan/GLM-130B/evaluation/tasks.py", line 203, in build_dataset
    dataset = self.build_dataset(file)
  File "/mnt/yrfs/xuyifan/GLM-130B/evaluation/tasks.py", line 203, in build_dataset
    dataset = self.build_dataset(file)
  File "/mnt/yrfs/xuyifan/GLM-130B/evaluation/tasks.py", line 203, in build_dataset
        dataset = self.build_dataset(file)dataset = self.build_dataset(file)

  File "/mnt/yrfs/xuyifan/GLM-130B/evaluation/tasks.py", line 203, in build_dataset
  File "/mnt/yrfs/xuyifan/GLM-130B/evaluation/tasks.py", line 203, in build_dataset
    dataset = self.build_dataset(file)
  File "/mnt/yrfs/xuyifan/GLM-130B/evaluation/tasks.py", line 203, in build_dataset
    return MultiChoiceTaskDataset(join(self.config.path, relative_path), self.config)
    return MultiChoiceTaskDataset(join(self.config.path, relative_path), self.config)  File "/mnt/yrfs/xuyifan/GLM-130B/evaluation/dataset.py", line 148, in __init__
    
return MultiChoiceTaskDataset(join(self.config.path, relative_path), self.config)
  File "/mnt/yrfs/xuyifan/GLM-130B/evaluation/dataset.py", line 148, in __init__
  File "/mnt/yrfs/xuyifan/GLM-130B/evaluation/dataset.py", line 148, in __init__
    return MultiChoiceTaskDataset(join(self.config.path, relative_path), self.config)    
return MultiChoiceTaskDataset(join(self.config.path, relative_path), self.config)    
  File "/mnt/yrfs/xuyifan/GLM-130B/evaluation/dataset.py", line 148, in __init__
return MultiChoiceTaskDataset(join(self.config.path, relative_path), self.config)  File "/mnt/yrfs/xuyifan/GLM-130B/evaluation/dataset.py", line 148, in __init__

  File "/mnt/yrfs/xuyifan/GLM-130B/evaluation/dataset.py", line 148, in __init__
    return MultiChoiceTaskDataset(join(self.config.path, relative_path), self.config)
  File "/mnt/yrfs/xuyifan/GLM-130B/evaluation/dataset.py", line 148, in __init__
    return MultiChoiceTaskDataset(join(self.config.path, relative_path), self.config)
  File "/mnt/yrfs/xuyifan/GLM-130B/evaluation/dataset.py", line 148, in __init__
            super().__init__(path, config)super().__init__(path, config)
super().__init__(path, config)

  File "/mnt/yrfs/xuyifan/GLM-130B/evaluation/dataset.py", line 58, in __init__
  File "/mnt/yrfs/xuyifan/GLM-130B/evaluation/dataset.py", line 58, in __init__
  File "/mnt/yrfs/xuyifan/GLM-130B/evaluation/dataset.py", line 58, in __init__
        super().__init__(path, config)    super().__init__(path, config)    
super().__init__(path, config)
super().__init__(path, config)  File "/mnt/yrfs/xuyifan/GLM-130B/evaluation/dataset.py", line 58, in __init__


  File "/mnt/yrfs/xuyifan/GLM-130B/evaluation/dataset.py", line 58, in __init__
  File "/mnt/yrfs/xuyifan/GLM-130B/evaluation/dataset.py", line 58, in __init__
  File "/mnt/yrfs/xuyifan/GLM-130B/evaluation/dataset.py", line 58, in __init__
    super().__init__(path, config)
  File "/mnt/yrfs/xuyifan/GLM-130B/evaluation/dataset.py", line 58, in __init__
    self.process_single_file(p)
  File "/mnt/yrfs/xuyifan/GLM-130B/evaluation/dataset.py", line 71, in process_single_file
        self.process_single_file(p)self.process_single_file(p)

  File "/mnt/yrfs/xuyifan/GLM-130B/evaluation/dataset.py", line 71, in process_single_file
  File "/mnt/yrfs/xuyifan/GLM-130B/evaluation/dataset.py", line 71, in process_single_file
    self.process_single_file(p)
  File "/mnt/yrfs/xuyifan/GLM-130B/evaluation/dataset.py", line 71, in process_single_file
        self.process_single_file(p)    self.process_single_file(p)
self.process_single_file(p)

  File "/mnt/yrfs/xuyifan/GLM-130B/evaluation/dataset.py", line 71, in process_single_file
  File "/mnt/yrfs/xuyifan/GLM-130B/evaluation/dataset.py", line 71, in process_single_file
  File "/mnt/yrfs/xuyifan/GLM-130B/evaluation/dataset.py", line 71, in process_single_file
    self.process_single_file(p)
  File "/mnt/yrfs/xuyifan/GLM-130B/evaluation/dataset.py", line 71, in process_single_file
    self.data.append(self.process_single_item(item))
  File "/mnt/yrfs/xuyifan/GLM-130B/evaluation/dataset.py", line 181, in process_single_item
    self.data.append(self.process_single_item(item))
  File "/mnt/yrfs/xuyifan/GLM-130B/evaluation/dataset.py", line 181, in process_single_item
        self.data.append(self.process_single_item(item))self.data.append(self.process_single_item(item))

  File "/mnt/yrfs/xuyifan/GLM-130B/evaluation/dataset.py", line 181, in process_single_item
  File "/mnt/yrfs/xuyifan/GLM-130B/evaluation/dataset.py", line 181, in process_single_item
    self.data.append(self.process_single_item(item))
  File "/mnt/yrfs/xuyifan/GLM-130B/evaluation/dataset.py", line 181, in process_single_item
    self.data.append(self.process_single_item(item))
      File "/mnt/yrfs/xuyifan/GLM-130B/evaluation/dataset.py", line 181, in process_single_item
self.data.append(self.process_single_item(item))
  File "/mnt/yrfs/xuyifan/GLM-130B/evaluation/dataset.py", line 181, in process_single_item
    self.data.append(self.process_single_item(item))
  File "/mnt/yrfs/xuyifan/GLM-130B/evaluation/dataset.py", line 181, in process_single_item
    text, choices, label = get_tokenized_input(item, "inputs"), get_tokenized_input(item, "choices"), item["label"]
  File "/mnt/yrfs/xuyifan/GLM-130B/evaluation/utils.py", line 61, in get_tokenized_input
        text, choices, label = get_tokenized_input(item, "inputs"), get_tokenized_input(item, "choices"), item["label"]text, choices, label = get_tokenized_input(item, "inputs"), get_tokenized_input(item, "choices"), item["label"]    

text, choices, label = get_tokenized_input(item, "inputs"), get_tokenized_input(item, "choices"), item["label"]      File "/mnt/yrfs/xuyifan/GLM-130B/evaluation/utils.py", line 61, in get_tokenized_input

  File "/mnt/yrfs/xuyifan/GLM-130B/evaluation/utils.py", line 61, in get_tokenized_input
text, choices, label = get_tokenized_input(item, "inputs"), get_tokenized_input(item, "choices"), item["label"]
  File "/mnt/yrfs/xuyifan/GLM-130B/evaluation/utils.py", line 61, in get_tokenized_input
  File "/mnt/yrfs/xuyifan/GLM-130B/evaluation/utils.py", line 61, in get_tokenized_input
        text, choices, label = get_tokenized_input(item, "inputs"), get_tokenized_input(item, "choices"), item["label"]text, choices, label = get_tokenized_input(item, "inputs"), get_tokenized_input(item, "choices"), item["label"]

  File "/mnt/yrfs/xuyifan/GLM-130B/evaluation/utils.py", line 61, in get_tokenized_input
  File "/mnt/yrfs/xuyifan/GLM-130B/evaluation/utils.py", line 61, in get_tokenized_input
    text, choices, label = get_tokenized_input(item, "inputs"), get_tokenized_input(item, "choices"), item["label"]
  File "/mnt/yrfs/xuyifan/GLM-130B/evaluation/utils.py", line 61, in get_tokenized_input
    assert pretokenized_key in item
AssertionError
    assert pretokenized_key in item
    assert pretokenized_key in item
AssertionError
    AssertionError    assert pretokenized_key in item    assert pretokenized_key in item

assert pretokenized_key in item

AssertionErrorAssertionError

    assert pretokenized_key in item
AssertionError
AssertionError
    assert pretokenized_key in item
AssertionError
WARNING:torch.distributed.elastic.multiprocessing.api:Sending process 623051 closing signal SIGTERM
WARNING:torch.distributed.elastic.multiprocessing.api:Sending process 623052 closing signal SIGTERM
WARNING:torch.distributed.elastic.multiprocessing.api:Sending process 623053 closing signal SIGTERM
WARNING:torch.distributed.elastic.multiprocessing.api:Sending process 623054 closing signal SIGTERM
WARNING:torch.distributed.elastic.multiprocessing.api:Sending process 623055 closing signal SIGTERM
WARNING:torch.distributed.elastic.multiprocessing.api:Sending process 623056 closing signal SIGTERM
WARNING:torch.distributed.elastic.multiprocessing.api:Sending process 623057 closing signal SIGTERM
ERROR:torch.distributed.elastic.multiprocessing.api:failed (exitcode: 1) local_rank: 7 (pid: 623058) of binary: /mnt/yrfs/qinkai/miniconda3/envs/largescale/bin/python
Traceback (most recent call last):
  File "/mnt/yrfs/qinkai/miniconda3/envs/largescale/bin/torchrun", line 33, in <module>
    sys.exit(load_entry_point('torch==1.12.0', 'console_scripts', 'torchrun')())
  File "/mnt/yrfs/qinkai/miniconda3/envs/largescale/lib/python3.9/site-packages/torch/distributed/elastic/multiprocessing/errors/__init__.py", line 345, in wrapper
    return f(*args, **kwargs)
  File "/mnt/yrfs/qinkai/miniconda3/envs/largescale/lib/python3.9/site-packages/torch/distributed/run.py", line 761, in main
    run(args)
  File "/mnt/yrfs/qinkai/miniconda3/envs/largescale/lib/python3.9/site-packages/torch/distributed/run.py", line 752, in run
    elastic_launch(
  File "/mnt/yrfs/qinkai/miniconda3/envs/largescale/lib/python3.9/site-packages/torch/distributed/launcher/api.py", line 131, in __call__
    return launch_agent(self._config, self._entrypoint, list(args))
  File "/mnt/yrfs/qinkai/miniconda3/envs/largescale/lib/python3.9/site-packages/torch/distributed/launcher/api.py", line 245, in launch_agent
    raise ChildFailedError(
torch.distributed.elastic.multiprocessing.errors.ChildFailedError: 
============================================================
/mnt/yrfs/xuyifan/GLM-130B/evaluate.py FAILED
------------------------------------------------------------
Failures:
  <NO_OTHER_FAILURES>
------------------------------------------------------------
Root Cause (first observed failure):
[0]:
  time      : 2022-09-25_15:31:15
  host      : node14
  rank      : 7 (local_rank: 7)
  exitcode  : 1 (pid: 623058)
  error_file: <N/A>
  traceback : To enable traceback see: https://pytorch.org/docs/stable/elastic/errors.html
============================================================
