WARNING:torch.distributed.run:
*****************************************
Setting OMP_NUM_THREADS environment variable for each process to be 1 in default, to avoid your system being overloaded, please further tune the variable for optimal performance in your application as needed. 
*****************************************
WARNING: No training data specified
WARNING: No training data specified
WARNING: No training data specified
WARNING: No training data specified
WARNING: No training data specified
using world size: 8 and model-parallel size: 8 
> padded vocab (size: 150528) with 0 dummy tokens (new size: 150528)
WARNING: No training data specified
WARNING: No training data specified
WARNING: No training data specified
> initializing model parallel with size 8
> Loading task configs
    Task ETHOS_zeroshot loaded from config tasks/ethnic/ETHOS_zeroshot.yaml
> Successfully load 1 task
> Set tokenizer as a icetk-glm-130B tokenizer! Now you can get_tokenizer() everywhere.
global rank 5 is loading checkpoint /mnt/yrfs/aohan/checkpoints/glm-130b-sat/49300/mp_rank_05_model_states.pt
global rank 6 is loading checkpoint /mnt/yrfs/aohan/checkpoints/glm-130b-sat/49300/mp_rank_06_model_states.pt
global rank 2 is loading checkpoint /mnt/yrfs/aohan/checkpoints/glm-130b-sat/49300/mp_rank_02_model_states.pt
global rank 7 is loading checkpoint /mnt/yrfs/aohan/checkpoints/glm-130b-sat/49300/mp_rank_07_model_states.pt
global rank 3 is loading checkpoint /mnt/yrfs/aohan/checkpoints/glm-130b-sat/49300/mp_rank_03_model_states.ptglobal rank 0 is loading checkpoint /mnt/yrfs/aohan/checkpoints/glm-130b-sat/49300/mp_rank_00_model_states.pt

global rank 4 is loading checkpoint /mnt/yrfs/aohan/checkpoints/glm-130b-sat/49300/mp_rank_04_model_states.pt
global rank 1 is loading checkpoint /mnt/yrfs/aohan/checkpoints/glm-130b-sat/49300/mp_rank_01_model_states.pt
  successfully loaded /mnt/yrfs/aohan/checkpoints/glm-130b-sat/49300/mp_rank_06_model_states.pt
  successfully loaded /mnt/yrfs/aohan/checkpoints/glm-130b-sat/49300/mp_rank_01_model_states.pt
  successfully loaded /mnt/yrfs/aohan/checkpoints/glm-130b-sat/49300/mp_rank_05_model_states.pt
  successfully loaded /mnt/yrfs/aohan/checkpoints/glm-130b-sat/49300/mp_rank_03_model_states.pt
  successfully loaded /mnt/yrfs/aohan/checkpoints/glm-130b-sat/49300/mp_rank_07_model_states.pt
  successfully loaded /mnt/yrfs/aohan/checkpoints/glm-130b-sat/49300/mp_rank_04_model_states.pt
  successfully loaded /mnt/yrfs/aohan/checkpoints/glm-130b-sat/49300/mp_rank_00_model_states.pt
  successfully loaded /mnt/yrfs/aohan/checkpoints/glm-130b-sat/49300/mp_rank_02_model_states.pt
> Checkpoint loaded in 28.3s


MultiChoiceTaskConfig(name='ETHOS_zeroshot', type=<TaskType.MULTICHOICE: 'mul'>, path='data/ETHOS/zeroshot', module=None, metrics=['F1_mul'], use_task_mask=False, use_multitask_encoding=False, unidirectional=False, max_seq_length=2048, file_pattern={'test': '**/zeroshot_small.jsonl'}, micro_batch_size=32)
Evaluating task ETHOS_zeroshot:
    Evaluating group test:
Traceback (most recent call last):
  File "/mnt/yrfs/xuyifan/GLM-130B/evaluate.py", line 67, in <module>
Traceback (most recent call last):
  File "/mnt/yrfs/xuyifan/GLM-130B/evaluate.py", line 67, in <module>
Traceback (most recent call last):
Traceback (most recent call last):
  File "/mnt/yrfs/xuyifan/GLM-130B/evaluate.py", line 67, in <module>
  File "/mnt/yrfs/xuyifan/GLM-130B/evaluate.py", line 67, in <module>
Traceback (most recent call last):
  File "/mnt/yrfs/xuyifan/GLM-130B/evaluate.py", line 67, in <module>
Traceback (most recent call last):
  File "/mnt/yrfs/xuyifan/GLM-130B/evaluate.py", line 67, in <module>
Traceback (most recent call last):
Traceback (most recent call last):
  File "/mnt/yrfs/xuyifan/GLM-130B/evaluate.py", line 67, in <module>
  File "/mnt/yrfs/xuyifan/GLM-130B/evaluate.py", line 67, in <module>
    main()
  File "/mnt/yrfs/xuyifan/GLM-130B/evaluate.py", line 62, in main
        main()main()
    
    main()  File "/mnt/yrfs/xuyifan/GLM-130B/evaluate.py", line 62, in main
main()
  File "/mnt/yrfs/xuyifan/GLM-130B/evaluate.py", line 62, in main

  File "/mnt/yrfs/xuyifan/GLM-130B/evaluate.py", line 62, in main
  File "/mnt/yrfs/xuyifan/GLM-130B/evaluate.py", line 62, in main
        main()main()

  File "/mnt/yrfs/xuyifan/GLM-130B/evaluate.py", line 62, in main
  File "/mnt/yrfs/xuyifan/GLM-130B/evaluate.py", line 62, in main
    main()
  File "/mnt/yrfs/xuyifan/GLM-130B/evaluate.py", line 62, in main
    evaluate_all_tasks(args.data_path, model, tokenizer, args.task, task_classes)
  File "/mnt/yrfs/xuyifan/GLM-130B/evaluate.py", line 36, in evaluate_all_tasks
    evaluate_all_tasks(args.data_path, model, tokenizer, args.task, task_classes)
  File "/mnt/yrfs/xuyifan/GLM-130B/evaluate.py", line 36, in evaluate_all_tasks
    evaluate_all_tasks(args.data_path, model, tokenizer, args.task, task_classes)
    evaluate_all_tasks(args.data_path, model, tokenizer, args.task, task_classes)  File "/mnt/yrfs/xuyifan/GLM-130B/evaluate.py", line 36, in evaluate_all_tasks

  File "/mnt/yrfs/xuyifan/GLM-130B/evaluate.py", line 36, in evaluate_all_tasks
    evaluate_all_tasks(args.data_path, model, tokenizer, args.task, task_classes)
  File "/mnt/yrfs/xuyifan/GLM-130B/evaluate.py", line 36, in evaluate_all_tasks
    evaluate_all_tasks(args.data_path, model, tokenizer, args.task, task_classes)
  File "/mnt/yrfs/xuyifan/GLM-130B/evaluate.py", line 36, in evaluate_all_tasks
    evaluate_all_tasks(args.data_path, model, tokenizer, args.task, task_classes)
    evaluate_all_tasks(args.data_path, model, tokenizer, args.task, task_classes)  File "/mnt/yrfs/xuyifan/GLM-130B/evaluate.py", line 36, in evaluate_all_tasks

  File "/mnt/yrfs/xuyifan/GLM-130B/evaluate.py", line 36, in evaluate_all_tasks
    task.evaluate()
  File "/mnt/yrfs/xuyifan/GLM-130B/evaluation/tasks.py", line 89, in evaluate
    task.evaluate()
  File "/mnt/yrfs/xuyifan/GLM-130B/evaluation/tasks.py", line 89, in evaluate
    task.evaluate()
  File "/mnt/yrfs/xuyifan/GLM-130B/evaluation/tasks.py", line 89, in evaluate
    task.evaluate()
  File "/mnt/yrfs/xuyifan/GLM-130B/evaluation/tasks.py", line 89, in evaluate
    task.evaluate()
  File "/mnt/yrfs/xuyifan/GLM-130B/evaluation/tasks.py", line 89, in evaluate
    task.evaluate()
  File "/mnt/yrfs/xuyifan/GLM-130B/evaluation/tasks.py", line 89, in evaluate
    task.evaluate()
  File "/mnt/yrfs/xuyifan/GLM-130B/evaluation/tasks.py", line 89, in evaluate
    task.evaluate()
  File "/mnt/yrfs/xuyifan/GLM-130B/evaluation/tasks.py", line 89, in evaluate
    result_dict = {key: metric(prediction, dataset.data) for key, metric in self.metrics.items()}
      File "/mnt/yrfs/xuyifan/GLM-130B/evaluation/tasks.py", line 89, in <dictcomp>
result_dict = {key: metric(prediction, dataset.data) for key, metric in self.metrics.items()}
  File "/mnt/yrfs/xuyifan/GLM-130B/evaluation/tasks.py", line 89, in <dictcomp>
        result_dict = {key: metric(prediction, dataset.data) for key, metric in self.metrics.items()}
result_dict = {key: metric(prediction, dataset.data) for key, metric in self.metrics.items()}
  File "/mnt/yrfs/xuyifan/GLM-130B/evaluation/tasks.py", line 89, in <dictcomp>
  File "/mnt/yrfs/xuyifan/GLM-130B/evaluation/tasks.py", line 89, in <dictcomp>
    result_dict = {key: metric(prediction, dataset.data) for key, metric in self.metrics.items()}
  File "/mnt/yrfs/xuyifan/GLM-130B/evaluation/tasks.py", line 89, in <dictcomp>
    result_dict = {key: metric(prediction, dataset.data) for key, metric in self.metrics.items()}
      File "/mnt/yrfs/xuyifan/GLM-130B/evaluation/tasks.py", line 89, in <dictcomp>
result_dict = {key: metric(prediction, dataset.data) for key, metric in self.metrics.items()}
  File "/mnt/yrfs/xuyifan/GLM-130B/evaluation/tasks.py", line 89, in <dictcomp>
    result_dict = {key: metric(prediction, dataset.data) for key, metric in self.metrics.items()}
  File "/mnt/yrfs/xuyifan/GLM-130B/evaluation/tasks.py", line 89, in <dictcomp>
        result_dict = {key: metric(prediction, dataset.data) for key, metric in self.metrics.items()}result_dict = {key: metric(prediction, dataset.data) for key, metric in self.metrics.items()}

  File "/mnt/yrfs/xuyifan/GLM-130B/evaluation/metrics.py", line 27, in F1_metric
  File "/mnt/yrfs/xuyifan/GLM-130B/evaluation/metrics.py", line 27, in F1_metric
    result_dict = {key: metric(prediction, dataset.data) for key, metric in self.metrics.items()}
  File "/mnt/yrfs/xuyifan/GLM-130B/evaluation/metrics.py", line 27, in F1_metric
    result_dict = {key: metric(prediction, dataset.data) for key, metric in self.metrics.items()}
  File "/mnt/yrfs/xuyifan/GLM-130B/evaluation/metrics.py", line 27, in F1_metric
    result_dict = {key: metric(prediction, dataset.data) for key, metric in self.metrics.items()}
  File "/mnt/yrfs/xuyifan/GLM-130B/evaluation/metrics.py", line 27, in F1_metric
    result_dict = {key: metric(prediction, dataset.data) for key, metric in self.metrics.items()}
  File "/mnt/yrfs/xuyifan/GLM-130B/evaluation/metrics.py", line 27, in F1_metric
    result_dict = {key: metric(prediction, dataset.data) for key, metric in self.metrics.items()}
  File "/mnt/yrfs/xuyifan/GLM-130B/evaluation/metrics.py", line 27, in F1_metric
    result_dict = {key: metric(prediction, dataset.data) for key, metric in self.metrics.items()}
  File "/mnt/yrfs/xuyifan/GLM-130B/evaluation/metrics.py", line 27, in F1_metric
        return f1_score(predictions, examples, average='weighted')return f1_score(predictions, examples, average='weighted')

  File "/mnt/yrfs/qinkai/miniconda3/envs/largescale/lib/python3.9/site-packages/sklearn/metrics/_classification.py", line 1123, in f1_score
  File "/mnt/yrfs/qinkai/miniconda3/envs/largescale/lib/python3.9/site-packages/sklearn/metrics/_classification.py", line 1123, in f1_score
    return f1_score(predictions, examples, average='weighted')
    return f1_score(predictions, examples, average='weighted')  File "/mnt/yrfs/qinkai/miniconda3/envs/largescale/lib/python3.9/site-packages/sklearn/metrics/_classification.py", line 1123, in f1_score

    return f1_score(predictions, examples, average='weighted')  File "/mnt/yrfs/qinkai/miniconda3/envs/largescale/lib/python3.9/site-packages/sklearn/metrics/_classification.py", line 1123, in f1_score

  File "/mnt/yrfs/qinkai/miniconda3/envs/largescale/lib/python3.9/site-packages/sklearn/metrics/_classification.py", line 1123, in f1_score
    return f1_score(predictions, examples, average='weighted')
  File "/mnt/yrfs/qinkai/miniconda3/envs/largescale/lib/python3.9/site-packages/sklearn/metrics/_classification.py", line 1123, in f1_score
    return f1_score(predictions, examples, average='weighted')
  File "/mnt/yrfs/qinkai/miniconda3/envs/largescale/lib/python3.9/site-packages/sklearn/metrics/_classification.py", line 1123, in f1_score
    return f1_score(predictions, examples, average='weighted')
  File "/mnt/yrfs/qinkai/miniconda3/envs/largescale/lib/python3.9/site-packages/sklearn/metrics/_classification.py", line 1123, in f1_score
            return fbeta_score(return fbeta_score(return fbeta_score(


          File "/mnt/yrfs/qinkai/miniconda3/envs/largescale/lib/python3.9/site-packages/sklearn/metrics/_classification.py", line 1261, in fbeta_score
    return fbeta_score(      File "/mnt/yrfs/qinkai/miniconda3/envs/largescale/lib/python3.9/site-packages/sklearn/metrics/_classification.py", line 1261, in fbeta_score

  File "/mnt/yrfs/qinkai/miniconda3/envs/largescale/lib/python3.9/site-packages/sklearn/metrics/_classification.py", line 1261, in fbeta_score
return fbeta_score(return fbeta_score(return fbeta_score(  File "/mnt/yrfs/qinkai/miniconda3/envs/largescale/lib/python3.9/site-packages/sklearn/metrics/_classification.py", line 1261, in fbeta_score



  File "/mnt/yrfs/qinkai/miniconda3/envs/largescale/lib/python3.9/site-packages/sklearn/metrics/_classification.py", line 1261, in fbeta_score
  File "/mnt/yrfs/qinkai/miniconda3/envs/largescale/lib/python3.9/site-packages/sklearn/metrics/_classification.py", line 1261, in fbeta_score
  File "/mnt/yrfs/qinkai/miniconda3/envs/largescale/lib/python3.9/site-packages/sklearn/metrics/_classification.py", line 1261, in fbeta_score
    return fbeta_score(
  File "/mnt/yrfs/qinkai/miniconda3/envs/largescale/lib/python3.9/site-packages/sklearn/metrics/_classification.py", line 1261, in fbeta_score
    _, _, f, _ = precision_recall_fscore_support(
  File "/mnt/yrfs/qinkai/miniconda3/envs/largescale/lib/python3.9/site-packages/sklearn/metrics/_classification.py", line 1544, in precision_recall_fscore_support
    _, _, f, _ = precision_recall_fscore_support(
  File "/mnt/yrfs/qinkai/miniconda3/envs/largescale/lib/python3.9/site-packages/sklearn/metrics/_classification.py", line 1544, in precision_recall_fscore_support
    _, _, f, _ = precision_recall_fscore_support(
  File "/mnt/yrfs/qinkai/miniconda3/envs/largescale/lib/python3.9/site-packages/sklearn/metrics/_classification.py", line 1544, in precision_recall_fscore_support
    _, _, f, _ = precision_recall_fscore_support(
  File "/mnt/yrfs/qinkai/miniconda3/envs/largescale/lib/python3.9/site-packages/sklearn/metrics/_classification.py", line 1544, in precision_recall_fscore_support
    _, _, f, _ = precision_recall_fscore_support(
  File "/mnt/yrfs/qinkai/miniconda3/envs/largescale/lib/python3.9/site-packages/sklearn/metrics/_classification.py", line 1544, in precision_recall_fscore_support
    _, _, f, _ = precision_recall_fscore_support(
  File "/mnt/yrfs/qinkai/miniconda3/envs/largescale/lib/python3.9/site-packages/sklearn/metrics/_classification.py", line 1544, in precision_recall_fscore_support
    _, _, f, _ = precision_recall_fscore_support(
  File "/mnt/yrfs/qinkai/miniconda3/envs/largescale/lib/python3.9/site-packages/sklearn/metrics/_classification.py", line 1544, in precision_recall_fscore_support
    _, _, f, _ = precision_recall_fscore_support(
  File "/mnt/yrfs/qinkai/miniconda3/envs/largescale/lib/python3.9/site-packages/sklearn/metrics/_classification.py", line 1544, in precision_recall_fscore_support
    labels = _check_set_wise_labels(y_true, y_pred, average, labels, pos_label)
  File "/mnt/yrfs/qinkai/miniconda3/envs/largescale/lib/python3.9/site-packages/sklearn/metrics/_classification.py", line 1348, in _check_set_wise_labels
    labels = _check_set_wise_labels(y_true, y_pred, average, labels, pos_label)
  File "/mnt/yrfs/qinkai/miniconda3/envs/largescale/lib/python3.9/site-packages/sklearn/metrics/_classification.py", line 1348, in _check_set_wise_labels
    labels = _check_set_wise_labels(y_true, y_pred, average, labels, pos_label)
  File "/mnt/yrfs/qinkai/miniconda3/envs/largescale/lib/python3.9/site-packages/sklearn/metrics/_classification.py", line 1348, in _check_set_wise_labels
    labels = _check_set_wise_labels(y_true, y_pred, average, labels, pos_label)
  File "/mnt/yrfs/qinkai/miniconda3/envs/largescale/lib/python3.9/site-packages/sklearn/metrics/_classification.py", line 1348, in _check_set_wise_labels
    labels = _check_set_wise_labels(y_true, y_pred, average, labels, pos_label)
  File "/mnt/yrfs/qinkai/miniconda3/envs/largescale/lib/python3.9/site-packages/sklearn/metrics/_classification.py", line 1348, in _check_set_wise_labels
    labels = _check_set_wise_labels(y_true, y_pred, average, labels, pos_label)
  File "/mnt/yrfs/qinkai/miniconda3/envs/largescale/lib/python3.9/site-packages/sklearn/metrics/_classification.py", line 1348, in _check_set_wise_labels
    labels = _check_set_wise_labels(y_true, y_pred, average, labels, pos_label)
  File "/mnt/yrfs/qinkai/miniconda3/envs/largescale/lib/python3.9/site-packages/sklearn/metrics/_classification.py", line 1348, in _check_set_wise_labels
    labels = _check_set_wise_labels(y_true, y_pred, average, labels, pos_label)
  File "/mnt/yrfs/qinkai/miniconda3/envs/largescale/lib/python3.9/site-packages/sklearn/metrics/_classification.py", line 1348, in _check_set_wise_labels
    y_type, y_true, y_pred = _check_targets(y_true, y_pred)
  File "/mnt/yrfs/qinkai/miniconda3/envs/largescale/lib/python3.9/site-packages/sklearn/metrics/_classification.py", line 93, in _check_targets
    y_type, y_true, y_pred = _check_targets(y_true, y_pred)
  File "/mnt/yrfs/qinkai/miniconda3/envs/largescale/lib/python3.9/site-packages/sklearn/metrics/_classification.py", line 93, in _check_targets
    y_type, y_true, y_pred = _check_targets(y_true, y_pred)
  File "/mnt/yrfs/qinkai/miniconda3/envs/largescale/lib/python3.9/site-packages/sklearn/metrics/_classification.py", line 93, in _check_targets
    y_type, y_true, y_pred = _check_targets(y_true, y_pred)
  File "/mnt/yrfs/qinkai/miniconda3/envs/largescale/lib/python3.9/site-packages/sklearn/metrics/_classification.py", line 93, in _check_targets
    y_type, y_true, y_pred = _check_targets(y_true, y_pred)
  File "/mnt/yrfs/qinkai/miniconda3/envs/largescale/lib/python3.9/site-packages/sklearn/metrics/_classification.py", line 93, in _check_targets
    y_type, y_true, y_pred = _check_targets(y_true, y_pred)
  File "/mnt/yrfs/qinkai/miniconda3/envs/largescale/lib/python3.9/site-packages/sklearn/metrics/_classification.py", line 93, in _check_targets
    y_type, y_true, y_pred = _check_targets(y_true, y_pred)
  File "/mnt/yrfs/qinkai/miniconda3/envs/largescale/lib/python3.9/site-packages/sklearn/metrics/_classification.py", line 93, in _check_targets
    raise ValueError(
ValueError: Classification metrics can't handle a mix of binary and unknown targets
    raise ValueError(
ValueError: Classification metrics can't handle a mix of binary and unknown targets
        raise ValueError(raise ValueError(

ValueErrorValueError: : Classification metrics can't handle a mix of binary and unknown targetsClassification metrics can't handle a mix of binary and unknown targets
    
raise ValueError(
ValueError: Classification metrics can't handle a mix of binary and unknown targets
    y_type, y_true, y_pred = _check_targets(y_true, y_pred)
  File "/mnt/yrfs/qinkai/miniconda3/envs/largescale/lib/python3.9/site-packages/sklearn/metrics/_classification.py", line 93, in _check_targets
    raise ValueError(
ValueError: Classification metrics can't handle a mix of binary and unknown targets
    raise ValueError(
ValueError: Classification metrics can't handle a mix of binary and unknown targets
    raise ValueError(
ValueError: Classification metrics can't handle a mix of binary and unknown targets
WARNING:torch.distributed.elastic.multiprocessing.api:Sending process 337946 closing signal SIGTERM
WARNING:torch.distributed.elastic.multiprocessing.api:Sending process 337947 closing signal SIGTERM
WARNING:torch.distributed.elastic.multiprocessing.api:Sending process 337949 closing signal SIGTERM
WARNING:torch.distributed.elastic.multiprocessing.api:Sending process 337950 closing signal SIGTERM
WARNING:torch.distributed.elastic.multiprocessing.api:Sending process 337955 closing signal SIGTERM
WARNING:torch.distributed.elastic.multiprocessing.api:Sending process 337957 closing signal SIGTERM
WARNING:torch.distributed.elastic.multiprocessing.api:Sending process 337960 closing signal SIGTERM
ERROR:torch.distributed.elastic.multiprocessing.api:failed (exitcode: 1) local_rank: 4 (pid: 337954) of binary: /mnt/yrfs/qinkai/miniconda3/envs/largescale/bin/python
Traceback (most recent call last):
  File "/mnt/yrfs/qinkai/miniconda3/envs/largescale/bin/torchrun", line 33, in <module>
    sys.exit(load_entry_point('torch==1.12.0', 'console_scripts', 'torchrun')())
  File "/mnt/yrfs/qinkai/miniconda3/envs/largescale/lib/python3.9/site-packages/torch/distributed/elastic/multiprocessing/errors/__init__.py", line 345, in wrapper
    return f(*args, **kwargs)
  File "/mnt/yrfs/qinkai/miniconda3/envs/largescale/lib/python3.9/site-packages/torch/distributed/run.py", line 761, in main
    run(args)
  File "/mnt/yrfs/qinkai/miniconda3/envs/largescale/lib/python3.9/site-packages/torch/distributed/run.py", line 752, in run
    elastic_launch(
  File "/mnt/yrfs/qinkai/miniconda3/envs/largescale/lib/python3.9/site-packages/torch/distributed/launcher/api.py", line 131, in __call__
    return launch_agent(self._config, self._entrypoint, list(args))
  File "/mnt/yrfs/qinkai/miniconda3/envs/largescale/lib/python3.9/site-packages/torch/distributed/launcher/api.py", line 245, in launch_agent
    raise ChildFailedError(
torch.distributed.elastic.multiprocessing.errors.ChildFailedError: 
============================================================
/mnt/yrfs/xuyifan/GLM-130B/evaluate.py FAILED
------------------------------------------------------------
Failures:
  <NO_OTHER_FAILURES>
------------------------------------------------------------
Root Cause (first observed failure):
[0]:
  time      : 2022-09-22_23:33:33
  host      : node15
  rank      : 4 (local_rank: 4)
  exitcode  : 1 (pid: 337954)
  error_file: <N/A>
  traceback : To enable traceback see: https://pytorch.org/docs/stable/elastic/errors.html
============================================================
