WARNING:torch.distributed.run:
*****************************************
Setting OMP_NUM_THREADS environment variable for each process to be 1 in default, to avoid your system being overloaded, please further tune the variable for optimal performance in your application as needed. 
*****************************************
WARNING: No training data specified
WARNING: No training data specified
WARNING: No training data specified
WARNING: No training data specified
WARNING: No training data specified
WARNING: No training data specified
WARNING: No training data specified
using world size: 8 and model-parallel size: 8 
> padded vocab (size: 150528) with 0 dummy tokens (new size: 150528)
WARNING: No training data specified
> initializing model parallel with size 8
> Loading task configs
    Task StereoSet loaded from config tasks/ethnic/StereoSet.yaml
> Successfully load 1 task
> Set tokenizer as a icetk-glm-130B tokenizer! Now you can get_tokenizer() everywhere.
global rank 4 is loading checkpoint /mnt/yrfs/aohan/checkpoints/glm-130b-sat/49300/mp_rank_04_model_states.ptglobal rank 3 is loading checkpoint /mnt/yrfs/aohan/checkpoints/glm-130b-sat/49300/mp_rank_03_model_states.pt

global rank 2 is loading checkpoint /mnt/yrfs/aohan/checkpoints/glm-130b-sat/49300/mp_rank_02_model_states.pt
global rank 0 is loading checkpoint /mnt/yrfs/aohan/checkpoints/glm-130b-sat/49300/mp_rank_00_model_states.pt
global rank 1 is loading checkpoint /mnt/yrfs/aohan/checkpoints/glm-130b-sat/49300/mp_rank_01_model_states.pt
global rank 7 is loading checkpoint /mnt/yrfs/aohan/checkpoints/glm-130b-sat/49300/mp_rank_07_model_states.pt
global rank 6 is loading checkpoint /mnt/yrfs/aohan/checkpoints/glm-130b-sat/49300/mp_rank_06_model_states.pt
global rank 5 is loading checkpoint /mnt/yrfs/aohan/checkpoints/glm-130b-sat/49300/mp_rank_05_model_states.pt
  successfully loaded /mnt/yrfs/aohan/checkpoints/glm-130b-sat/49300/mp_rank_01_model_states.pt
  successfully loaded /mnt/yrfs/aohan/checkpoints/glm-130b-sat/49300/mp_rank_00_model_states.pt
  successfully loaded /mnt/yrfs/aohan/checkpoints/glm-130b-sat/49300/mp_rank_07_model_states.pt
  successfully loaded /mnt/yrfs/aohan/checkpoints/glm-130b-sat/49300/mp_rank_04_model_states.pt
  successfully loaded /mnt/yrfs/aohan/checkpoints/glm-130b-sat/49300/mp_rank_02_model_states.pt
  successfully loaded /mnt/yrfs/aohan/checkpoints/glm-130b-sat/49300/mp_rank_06_model_states.pt
  successfully loaded /mnt/yrfs/aohan/checkpoints/glm-130b-sat/49300/mp_rank_03_model_states.pt
  successfully loaded /mnt/yrfs/aohan/checkpoints/glm-130b-sat/49300/mp_rank_05_model_states.pt
> Checkpoint loaded in 23.6s

This is special for StereoSet evaluation


StereoSetTaskConfig(name='StereoSet', type=<TaskType.MULTICHOICE: 'mul'>, path='data/StereoSet', module='evaluation.StereoSetTask', metrics=['SS'], use_task_mask=False, use_multitask_encoding=False, unidirectional=False, max_seq_length=2048, file_pattern={'test': '**/SS_small.jsonl'}, micro_batch_size=32)
Evaluating task StereoSet:
    Evaluating group test:
SS_small.jsonl
{'SS': 50}
        Finish SS_small.jsonl, SS = 50.000
Evaluation results of task StereoSet:
    Group test SS: max = 50.000, median = 50.000, average = 50.000
Finish task StereoSet in 1.9s.
Finish 1 task in 1.9s
SS_small.jsonl
{'SS': 50}
SS_small.jsonl
{'SS': 50}
SS_small.jsonl
{'SS': 50}
SS_small.jsonl
{'SS': 50}
SS_small.jsonl
{'SS': 50}
SS_small.jsonl
{'SS': 50}
SS_small.jsonl
{'SS': 50}
