WARNING:torch.distributed.run:
*****************************************
Setting OMP_NUM_THREADS environment variable for each process to be 1 in default, to avoid your system being overloaded, please further tune the variable for optimal performance in your application as needed. 
*****************************************
WARNING: No training data specified
WARNING: No training data specified
WARNING: No training data specified
WARNING: No training data specified
WARNING: No training data specified
WARNING: No training data specified
WARNING: No training data specified
using world size: 8 and model-parallel size: 8 
> padded vocab (size: 150528) with 0 dummy tokens (new size: 150528)
WARNING: No training data specified
> initializing model parallel with size 8
> Loading task configs
    Task StereoSet loaded from config tasks/ethnic/StereoSet.yaml
> Successfully load 1 task
> Set tokenizer as a icetk-glm-130B tokenizer! Now you can get_tokenizer() everywhere.
global rank 2 is loading checkpoint /mnt/yrfs/aohan/checkpoints/glm-130b-sat/49300/mp_rank_02_model_states.pt
global rank 4 is loading checkpoint /mnt/yrfs/aohan/checkpoints/glm-130b-sat/49300/mp_rank_04_model_states.pt
global rank 3 is loading checkpoint /mnt/yrfs/aohan/checkpoints/glm-130b-sat/49300/mp_rank_03_model_states.pt
global rank 5 is loading checkpoint /mnt/yrfs/aohan/checkpoints/glm-130b-sat/49300/mp_rank_05_model_states.pt
global rank 6 is loading checkpoint /mnt/yrfs/aohan/checkpoints/glm-130b-sat/49300/mp_rank_06_model_states.pt
global rank 7 is loading checkpoint /mnt/yrfs/aohan/checkpoints/glm-130b-sat/49300/mp_rank_07_model_states.pt
global rank 1 is loading checkpoint /mnt/yrfs/aohan/checkpoints/glm-130b-sat/49300/mp_rank_01_model_states.pt
global rank 0 is loading checkpoint /mnt/yrfs/aohan/checkpoints/glm-130b-sat/49300/mp_rank_00_model_states.pt
  successfully loaded /mnt/yrfs/aohan/checkpoints/glm-130b-sat/49300/mp_rank_06_model_states.pt
  successfully loaded /mnt/yrfs/aohan/checkpoints/glm-130b-sat/49300/mp_rank_03_model_states.pt
  successfully loaded /mnt/yrfs/aohan/checkpoints/glm-130b-sat/49300/mp_rank_07_model_states.pt
  successfully loaded /mnt/yrfs/aohan/checkpoints/glm-130b-sat/49300/mp_rank_04_model_states.pt
  successfully loaded /mnt/yrfs/aohan/checkpoints/glm-130b-sat/49300/mp_rank_01_model_states.pt
  successfully loaded /mnt/yrfs/aohan/checkpoints/glm-130b-sat/49300/mp_rank_02_model_states.pt
  successfully loaded /mnt/yrfs/aohan/checkpoints/glm-130b-sat/49300/mp_rank_05_model_states.pt
  successfully loaded /mnt/yrfs/aohan/checkpoints/glm-130b-sat/49300/mp_rank_00_model_states.pt
> Checkpoint loaded in 31.9s

This is special for StereoSet evaluation


StereoSetTaskConfig(name='StereoSet', type=<TaskType.MULTICHOICE: 'mul'>, path='data/StereoSet', module='evaluation.StereoSetTask', metrics=['SS_ICAT'], use_task_mask=True, use_multitask_encoding=False, unidirectional=False, max_seq_length=2048, file_pattern={'test': '**/SS_dataset.jsonl'}, micro_batch_size=64)
Evaluating task StereoSet:
    Evaluating group test:
<evaluation.dataset.StereoSetDataset object at 0x7f9004771610>
<evaluation.dataset.StereoSetDataset object at 0x7f1f2828b5e0>
<evaluation.dataset.StereoSetDataset object at 0x7fe5d8267610>
<evaluation.dataset.StereoSetDataset object at 0x7fcc48191610>
<evaluation.dataset.StereoSetDataset object at 0x7ff1a42e85b0>
<evaluation.dataset.StereoSetDataset object at 0x7ff30c1a7580>
<evaluation.dataset.StereoSetDataset object at 0x7f30907b1610>
<evaluation.dataset.StereoSetDataset object at 0x7f030838a5b0>
Evaluation results of task StereoSet:
LMS
cat:race  score:85.656
cat:overall  score:86.057
cat:gender  score:83.884
cat:profession  score:86.699
cat:religion  score:91.026
SS
cat:race  score:53.828
cat:overall  score:57.252
cat:gender  score:64.039
cat:profession  score:59.693
cat:religion  score:53.521
ICAT
cat:race  score:79.098
cat:overall  score:73.575
cat:gender  score:60.331
cat:profession  score:69.891
cat:religion  score:84.615
Finish task StereoSet in 40.3s.
Finish 1 task in 40.3s
