WARNING:torch.distributed.run:
*****************************************
Setting OMP_NUM_THREADS environment variable for each process to be 1 in default, to avoid your system being overloaded, please further tune the variable for optimal performance in your application as needed. 
*****************************************
Traceback (most recent call last):
  File "/mnt/yrfs/xuyifan/GLM-130B/evaluate.py", line 7, in <module>
    from evaluation import BaseConfig, ModelForEvaluation, DEFAULT_CLASS, print_rank_0
  File "/mnt/yrfs/xuyifan/GLM-130B/evaluation/__init__.py", line 1, in <module>
    from .configs import *
  File "/mnt/yrfs/xuyifan/GLM-130B/evaluation/configs.py", line 2, in <module>
    from dataclass_wizard import YAMLWizard
ModuleNotFoundError: No module named 'dataclass_wizard'
Traceback (most recent call last):
  File "/mnt/yrfs/xuyifan/GLM-130B/evaluate.py", line 7, in <module>
    from evaluation import BaseConfig, ModelForEvaluation, DEFAULT_CLASS, print_rank_0
  File "/mnt/yrfs/xuyifan/GLM-130B/evaluation/__init__.py", line 1, in <module>
    from .configs import *
  File "/mnt/yrfs/xuyifan/GLM-130B/evaluation/configs.py", line 2, in <module>
    from dataclass_wizard import YAMLWizard
ModuleNotFoundError: No module named 'dataclass_wizard'
Traceback (most recent call last):
  File "/mnt/yrfs/xuyifan/GLM-130B/evaluate.py", line 7, in <module>
    from evaluation import BaseConfig, ModelForEvaluation, DEFAULT_CLASS, print_rank_0
  File "/mnt/yrfs/xuyifan/GLM-130B/evaluation/__init__.py", line 1, in <module>
    from .configs import *
  File "/mnt/yrfs/xuyifan/GLM-130B/evaluation/configs.py", line 2, in <module>
    from dataclass_wizard import YAMLWizard
ModuleNotFoundError: No module named 'dataclass_wizard'
Traceback (most recent call last):
  File "/mnt/yrfs/xuyifan/GLM-130B/evaluate.py", line 7, in <module>
    from evaluation import BaseConfig, ModelForEvaluation, DEFAULT_CLASS, print_rank_0
  File "/mnt/yrfs/xuyifan/GLM-130B/evaluation/__init__.py", line 1, in <module>
    from .configs import *
  File "/mnt/yrfs/xuyifan/GLM-130B/evaluation/configs.py", line 2, in <module>
    from dataclass_wizard import YAMLWizard
ModuleNotFoundError: No module named 'dataclass_wizard'
Traceback (most recent call last):
  File "/mnt/yrfs/xuyifan/GLM-130B/evaluate.py", line 7, in <module>
    from evaluation import BaseConfig, ModelForEvaluation, DEFAULT_CLASS, print_rank_0
  File "/mnt/yrfs/xuyifan/GLM-130B/evaluation/__init__.py", line 1, in <module>
    from .configs import *
  File "/mnt/yrfs/xuyifan/GLM-130B/evaluation/configs.py", line 2, in <module>
    from dataclass_wizard import YAMLWizard
ModuleNotFoundError: No module named 'dataclass_wizard'
Traceback (most recent call last):
  File "/mnt/yrfs/xuyifan/GLM-130B/evaluate.py", line 7, in <module>
    from evaluation import BaseConfig, ModelForEvaluation, DEFAULT_CLASS, print_rank_0
  File "/mnt/yrfs/xuyifan/GLM-130B/evaluation/__init__.py", line 1, in <module>
    from .configs import *
  File "/mnt/yrfs/xuyifan/GLM-130B/evaluation/configs.py", line 2, in <module>
    from dataclass_wizard import YAMLWizard
ModuleNotFoundError: No module named 'dataclass_wizard'
Traceback (most recent call last):
  File "/mnt/yrfs/xuyifan/GLM-130B/evaluate.py", line 7, in <module>
    from evaluation import BaseConfig, ModelForEvaluation, DEFAULT_CLASS, print_rank_0
  File "/mnt/yrfs/xuyifan/GLM-130B/evaluation/__init__.py", line 1, in <module>
    from .configs import *
  File "/mnt/yrfs/xuyifan/GLM-130B/evaluation/configs.py", line 2, in <module>
    from dataclass_wizard import YAMLWizard
ModuleNotFoundError: No module named 'dataclass_wizard'
Traceback (most recent call last):
  File "/mnt/yrfs/xuyifan/GLM-130B/evaluate.py", line 7, in <module>
    from evaluation import BaseConfig, ModelForEvaluation, DEFAULT_CLASS, print_rank_0
  File "/mnt/yrfs/xuyifan/GLM-130B/evaluation/__init__.py", line 1, in <module>
    from .configs import *
  File "/mnt/yrfs/xuyifan/GLM-130B/evaluation/configs.py", line 2, in <module>
    from dataclass_wizard import YAMLWizard
ModuleNotFoundError: No module named 'dataclass_wizard'
