WARNING:torch.distributed.run:
*****************************************
Setting OMP_NUM_THREADS environment variable for each process to be 1 in default, to avoid your system being overloaded, please further tune the variable for optimal performance in your application as needed. 
*****************************************
WARNING: No training data specified
WARNING: No training data specified
WARNING: No training data specified
WARNING: No training data specified
using world size: 8 and model-parallel size: 8 
> padded vocab (size: 150528) with 0 dummy tokens (new size: 150528)
WARNING: No training data specified
WARNING: No training data specified
WARNING: No training data specified
WARNING: No training data specified
> initializing model parallel with size 8
> Loading task configs
Traceback (most recent call last):
  File "/mnt/yrfs/xuyifan/GLM-130B/evaluate.py", line 67, in <module>
Traceback (most recent call last):
  File "/mnt/yrfs/xuyifan/GLM-130B/evaluate.py", line 67, in <module>
    main()
  File "/mnt/yrfs/xuyifan/GLM-130B/evaluate.py", line 49, in main
    main()
  File "/mnt/yrfs/xuyifan/GLM-130B/evaluate.py", line 49, in main
Traceback (most recent call last):
  File "/mnt/yrfs/xuyifan/GLM-130B/evaluate.py", line 67, in <module>
    module = importlib.import_module(path)
  File "/mnt/yrfs/qinkai/miniconda3/envs/largescale/lib/python3.9/importlib/__init__.py", line 127, in import_module
    module = importlib.import_module(path)
  File "/mnt/yrfs/qinkai/miniconda3/envs/largescale/lib/python3.9/importlib/__init__.py", line 127, in import_module
    main()
  File "/mnt/yrfs/xuyifan/GLM-130B/evaluate.py", line 49, in main
Traceback (most recent call last):
  File "/mnt/yrfs/xuyifan/GLM-130B/evaluate.py", line 67, in <module>
    module = importlib.import_module(path)
      File "/mnt/yrfs/qinkai/miniconda3/envs/largescale/lib/python3.9/importlib/__init__.py", line 127, in import_module
main()
  File "/mnt/yrfs/xuyifan/GLM-130B/evaluate.py", line 49, in main
    return _bootstrap._gcd_import(name[level:], package, level)
    return _bootstrap._gcd_import(name[level:], package, level)  File "<frozen importlib._bootstrap>", line 1030, in _gcd_import

  File "<frozen importlib._bootstrap>", line 1030, in _gcd_import
Traceback (most recent call last):
  File "/mnt/yrfs/xuyifan/GLM-130B/evaluate.py", line 67, in <module>
    return _bootstrap._gcd_import(name[level:], package, level)
  File "<frozen importlib._bootstrap>", line 1030, in _gcd_import
    module = importlib.import_module(path)
  File "/mnt/yrfs/qinkai/miniconda3/envs/largescale/lib/python3.9/importlib/__init__.py", line 127, in import_module
    main()
  File "/mnt/yrfs/xuyifan/GLM-130B/evaluate.py", line 49, in main
    return _bootstrap._gcd_import(name[level:], package, level)
  File "<frozen importlib._bootstrap>", line 1030, in _gcd_import
  File "<frozen importlib._bootstrap>", line 1007, in _find_and_load
    module = importlib.import_module(path)
  File "/mnt/yrfs/qinkai/miniconda3/envs/largescale/lib/python3.9/importlib/__init__.py", line 127, in import_module
  File "<frozen importlib._bootstrap>", line 1007, in _find_and_load
  File "<frozen importlib._bootstrap>", line 1007, in _find_and_load
Traceback (most recent call last):
  File "/mnt/yrfs/xuyifan/GLM-130B/evaluate.py", line 67, in <module>
    return _bootstrap._gcd_import(name[level:], package, level)
  File "<frozen importlib._bootstrap>", line 1030, in _gcd_import
  File "<frozen importlib._bootstrap>", line 986, in _find_and_load_unlocked
    main()
  File "/mnt/yrfs/xuyifan/GLM-130B/evaluate.py", line 49, in main
  File "<frozen importlib._bootstrap>", line 986, in _find_and_load_unlocked
  File "<frozen importlib._bootstrap>", line 1007, in _find_and_load
Traceback (most recent call last):
  File "/mnt/yrfs/xuyifan/GLM-130B/evaluate.py", line 67, in <module>
  File "<frozen importlib._bootstrap>", line 986, in _find_and_load_unlocked
  File "<frozen importlib._bootstrap>", line 1007, in _find_and_load
    module = importlib.import_module(path)
  File "/mnt/yrfs/qinkai/miniconda3/envs/largescale/lib/python3.9/importlib/__init__.py", line 127, in import_module
    main()
  File "/mnt/yrfs/xuyifan/GLM-130B/evaluate.py", line 49, in main
  File "<frozen importlib._bootstrap>", line 680, in _load_unlocked
Traceback (most recent call last):
  File "/mnt/yrfs/xuyifan/GLM-130B/evaluate.py", line 67, in <module>
  File "<frozen importlib._bootstrap>", line 680, in _load_unlocked
    return _bootstrap._gcd_import(name[level:], package, level)
  File "<frozen importlib._bootstrap>", line 1030, in _gcd_import
  File "<frozen importlib._bootstrap>", line 986, in _find_and_load_unlocked
    module = importlib.import_module(path)
  File "/mnt/yrfs/qinkai/miniconda3/envs/largescale/lib/python3.9/importlib/__init__.py", line 127, in import_module
    main()
  File "/mnt/yrfs/xuyifan/GLM-130B/evaluate.py", line 49, in main
  File "<frozen importlib._bootstrap>", line 986, in _find_and_load_unlocked
  File "<frozen importlib._bootstrap_external>", line 850, in exec_module
  File "<frozen importlib._bootstrap>", line 680, in _load_unlocked
    return _bootstrap._gcd_import(name[level:], package, level)
  File "<frozen importlib._bootstrap>", line 1030, in _gcd_import
  File "<frozen importlib._bootstrap>", line 1007, in _find_and_load
  File "<frozen importlib._bootstrap_external>", line 850, in exec_module
    module = importlib.import_module(path)
  File "/mnt/yrfs/qinkai/miniconda3/envs/largescale/lib/python3.9/importlib/__init__.py", line 127, in import_module
  File "<frozen importlib._bootstrap>", line 680, in _load_unlocked
  File "<frozen importlib._bootstrap>", line 228, in _call_with_frames_removed
  File "<frozen importlib._bootstrap>", line 680, in _load_unlocked
  File "<frozen importlib._bootstrap_external>", line 850, in exec_module
  File "<frozen importlib._bootstrap>", line 986, in _find_and_load_unlocked
    return _bootstrap._gcd_import(name[level:], package, level)
  File "<frozen importlib._bootstrap>", line 1030, in _gcd_import
  File "<frozen importlib._bootstrap>", line 228, in _call_with_frames_removed
  File "/mnt/yrfs/xuyifan/GLM-130B/tasks/ethnic/tasks.py", line 13, in <module>
  File "<frozen importlib._bootstrap>", line 228, in _call_with_frames_removed
  File "<frozen importlib._bootstrap_external>", line 850, in exec_module
  File "<frozen importlib._bootstrap>", line 1007, in _find_and_load
  File "<frozen importlib._bootstrap_external>", line 850, in exec_module
    class StereoSetTask(BaseTask, ABC):
NameError: name 'BaseTask' is not defined
  File "/mnt/yrfs/xuyifan/GLM-130B/tasks/ethnic/tasks.py", line 13, in <module>
  File "<frozen importlib._bootstrap>", line 228, in _call_with_frames_removed
  File "/mnt/yrfs/xuyifan/GLM-130B/tasks/ethnic/tasks.py", line 13, in <module>
  File "<frozen importlib._bootstrap>", line 680, in _load_unlocked
    class StereoSetTask(BaseTask, ABC):
NameError: name 'BaseTask' is not defined
  File "<frozen importlib._bootstrap>", line 1007, in _find_and_load
    class StereoSetTask(BaseTask, ABC):
NameError: name 'BaseTask' is not defined
  File "<frozen importlib._bootstrap>", line 228, in _call_with_frames_removed
  File "<frozen importlib._bootstrap>", line 986, in _find_and_load_unlocked
  File "/mnt/yrfs/xuyifan/GLM-130B/tasks/ethnic/tasks.py", line 13, in <module>
  File "<frozen importlib._bootstrap_external>", line 850, in exec_module
    class StereoSetTask(BaseTask, ABC):
NameError: name 'BaseTask' is not defined
  File "<frozen importlib._bootstrap>", line 680, in _load_unlocked
  File "/mnt/yrfs/xuyifan/GLM-130B/tasks/ethnic/tasks.py", line 13, in <module>
  File "<frozen importlib._bootstrap>", line 986, in _find_and_load_unlocked
  File "<frozen importlib._bootstrap>", line 228, in _call_with_frames_removed
    class StereoSetTask(BaseTask, ABC):
NameError: name 'BaseTask' is not defined
  File "<frozen importlib._bootstrap_external>", line 850, in exec_module
  File "<frozen importlib._bootstrap>", line 680, in _load_unlocked
  File "/mnt/yrfs/xuyifan/GLM-130B/tasks/ethnic/tasks.py", line 13, in <module>
  File "<frozen importlib._bootstrap>", line 228, in _call_with_frames_removed
    class StereoSetTask(BaseTask, ABC):
NameError: name 'BaseTask' is not defined
  File "<frozen importlib._bootstrap_external>", line 850, in exec_module
  File "/mnt/yrfs/xuyifan/GLM-130B/tasks/ethnic/tasks.py", line 13, in <module>
  File "<frozen importlib._bootstrap>", line 228, in _call_with_frames_removed
    class StereoSetTask(BaseTask, ABC):
NameError: name 'BaseTask' is not defined
  File "/mnt/yrfs/xuyifan/GLM-130B/tasks/ethnic/tasks.py", line 13, in <module>
    class StereoSetTask(BaseTask, ABC):
NameError: name 'BaseTask' is not defined
ERROR:torch.distributed.elastic.multiprocessing.api:failed (exitcode: 1) local_rank: 0 (pid: 391824) of binary: /mnt/yrfs/qinkai/miniconda3/envs/largescale/bin/python
Traceback (most recent call last):
  File "/mnt/yrfs/qinkai/miniconda3/envs/largescale/bin/torchrun", line 33, in <module>
    sys.exit(load_entry_point('torch==1.12.0', 'console_scripts', 'torchrun')())
  File "/mnt/yrfs/qinkai/miniconda3/envs/largescale/lib/python3.9/site-packages/torch/distributed/elastic/multiprocessing/errors/__init__.py", line 345, in wrapper
    return f(*args, **kwargs)
  File "/mnt/yrfs/qinkai/miniconda3/envs/largescale/lib/python3.9/site-packages/torch/distributed/run.py", line 761, in main
    run(args)
  File "/mnt/yrfs/qinkai/miniconda3/envs/largescale/lib/python3.9/site-packages/torch/distributed/run.py", line 752, in run
    elastic_launch(
  File "/mnt/yrfs/qinkai/miniconda3/envs/largescale/lib/python3.9/site-packages/torch/distributed/launcher/api.py", line 131, in __call__
    return launch_agent(self._config, self._entrypoint, list(args))
  File "/mnt/yrfs/qinkai/miniconda3/envs/largescale/lib/python3.9/site-packages/torch/distributed/launcher/api.py", line 245, in launch_agent
    raise ChildFailedError(
torch.distributed.elastic.multiprocessing.errors.ChildFailedError: 
============================================================
/mnt/yrfs/xuyifan/GLM-130B/evaluate.py FAILED
------------------------------------------------------------
Failures:
[1]:
  time      : 2022-09-24_16:59:12
  host      : node14
  rank      : 1 (local_rank: 1)
  exitcode  : 1 (pid: 391825)
  error_file: <N/A>
  traceback : To enable traceback see: https://pytorch.org/docs/stable/elastic/errors.html
[2]:
  time      : 2022-09-24_16:59:12
  host      : node14
  rank      : 2 (local_rank: 2)
  exitcode  : 1 (pid: 391826)
  error_file: <N/A>
  traceback : To enable traceback see: https://pytorch.org/docs/stable/elastic/errors.html
[3]:
  time      : 2022-09-24_16:59:12
  host      : node14
  rank      : 3 (local_rank: 3)
  exitcode  : 1 (pid: 391828)
  error_file: <N/A>
  traceback : To enable traceback see: https://pytorch.org/docs/stable/elastic/errors.html
[4]:
  time      : 2022-09-24_16:59:12
  host      : node14
  rank      : 4 (local_rank: 4)
  exitcode  : 1 (pid: 391829)
  error_file: <N/A>
  traceback : To enable traceback see: https://pytorch.org/docs/stable/elastic/errors.html
[5]:
  time      : 2022-09-24_16:59:12
  host      : node14
  rank      : 5 (local_rank: 5)
  exitcode  : 1 (pid: 391830)
  error_file: <N/A>
  traceback : To enable traceback see: https://pytorch.org/docs/stable/elastic/errors.html
[6]:
  time      : 2022-09-24_16:59:12
  host      : node14
  rank      : 6 (local_rank: 6)
  exitcode  : 1 (pid: 391831)
  error_file: <N/A>
  traceback : To enable traceback see: https://pytorch.org/docs/stable/elastic/errors.html
[7]:
  time      : 2022-09-24_16:59:12
  host      : node14
  rank      : 7 (local_rank: 7)
  exitcode  : 1 (pid: 391832)
  error_file: <N/A>
  traceback : To enable traceback see: https://pytorch.org/docs/stable/elastic/errors.html
------------------------------------------------------------
Root Cause (first observed failure):
[0]:
  time      : 2022-09-24_16:59:12
  host      : node14
  rank      : 0 (local_rank: 0)
  exitcode  : 1 (pid: 391824)
  error_file: <N/A>
  traceback : To enable traceback see: https://pytorch.org/docs/stable/elastic/errors.html
============================================================
