WARNING:torch.distributed.run:
*****************************************
Setting OMP_NUM_THREADS environment variable for each process to be 1 in default, to avoid your system being overloaded, please further tune the variable for optimal performance in your application as needed. 
*****************************************
WARNING: No training data specified
WARNING: No training data specified
WARNING: No training data specified
WARNING: No training data specified
WARNING: No training data specified
WARNING: No training data specified
WARNING: No training data specified
WARNING: No training data specified
using world size: 8 and model-parallel size: 8 
> padded vocab (size: 150528) with 0 dummy tokens (new size: 150528)
> initializing model parallel with size 8
> Loading task configs
    Task CROWS_test loaded from config tasks/ethnic/CROWS_test.yaml
> Successfully load 1 task
> Set tokenizer as a icetk-glm-130B tokenizer! Now you can get_tokenizer() everywhere.
global rank 5 is loading checkpoint /mnt/yrfs/aohan/checkpoints/glm-130b-sat/49300/mp_rank_05_model_states.pt
global rank 4 is loading checkpoint /mnt/yrfs/aohan/checkpoints/glm-130b-sat/49300/mp_rank_04_model_states.pt
global rank 1 is loading checkpoint /mnt/yrfs/aohan/checkpoints/glm-130b-sat/49300/mp_rank_01_model_states.pt
global rank 3 is loading checkpoint /mnt/yrfs/aohan/checkpoints/glm-130b-sat/49300/mp_rank_03_model_states.pt
global rank 0 is loading checkpoint /mnt/yrfs/aohan/checkpoints/glm-130b-sat/49300/mp_rank_00_model_states.pt
global rank 2 is loading checkpoint /mnt/yrfs/aohan/checkpoints/glm-130b-sat/49300/mp_rank_02_model_states.pt
global rank 6 is loading checkpoint /mnt/yrfs/aohan/checkpoints/glm-130b-sat/49300/mp_rank_06_model_states.pt
global rank 7 is loading checkpoint /mnt/yrfs/aohan/checkpoints/glm-130b-sat/49300/mp_rank_07_model_states.pt
  successfully loaded /mnt/yrfs/aohan/checkpoints/glm-130b-sat/49300/mp_rank_05_model_states.pt
  successfully loaded /mnt/yrfs/aohan/checkpoints/glm-130b-sat/49300/mp_rank_01_model_states.pt
  successfully loaded /mnt/yrfs/aohan/checkpoints/glm-130b-sat/49300/mp_rank_07_model_states.pt
  successfully loaded /mnt/yrfs/aohan/checkpoints/glm-130b-sat/49300/mp_rank_04_model_states.pt
  successfully loaded /mnt/yrfs/aohan/checkpoints/glm-130b-sat/49300/mp_rank_00_model_states.pt
  successfully loaded /mnt/yrfs/aohan/checkpoints/glm-130b-sat/49300/mp_rank_03_model_states.pt
  successfully loaded /mnt/yrfs/aohan/checkpoints/glm-130b-sat/49300/mp_rank_02_model_states.pt
  successfully loaded /mnt/yrfs/aohan/checkpoints/glm-130b-sat/49300/mp_rank_06_model_states.pt
> Checkpoint loaded in 22.3s


CrowsPairTaskConfig(name='CROWS_test', type=<TaskType.MULTICHOICE: 'mul'>, path='data/CROWS', module='evaluation.CrowsPairTask', metrics=['CP'], use_task_mask=False, use_multitask_encoding=False, unidirectional=False, max_seq_length=2048, file_pattern={'test': '**/CROWS_dataset.jsonl'}, micro_batch_size=1)
Evaluating task CROWS_test:
    Evaluating group test:
Traceback (most recent call last):
  File "/mnt/yrfs/xuyifan/GLM-130B/evaluate.py", line 67, in <module>
    main()
  File "/mnt/yrfs/xuyifan/GLM-130B/evaluate.py", line 62, in main
    evaluate_all_tasks(args.data_path, model, tokenizer, args.task, task_classes)
  File "/mnt/yrfs/xuyifan/GLM-130B/evaluate.py", line 36, in evaluate_all_tasks
Traceback (most recent call last):
  File "/mnt/yrfs/xuyifan/GLM-130B/evaluate.py", line 67, in <module>
    task.evaluate()
  File "/mnt/yrfs/xuyifan/GLM-130B/evaluation/tasks.py", line 254, in evaluate
    main()
  File "/mnt/yrfs/xuyifan/GLM-130B/evaluate.py", line 62, in main
Traceback (most recent call last):
  File "/mnt/yrfs/xuyifan/GLM-130B/evaluate.py", line 67, in <module>
    evaluate_all_tasks(args.data_path, model, tokenizer, args.task, task_classes)
  File "/mnt/yrfs/xuyifan/GLM-130B/evaluate.py", line 36, in evaluate_all_tasks
    prediction.append(self.predict_single_batch(batch))
  File "/mnt/yrfs/xuyifan/GLM-130B/evaluation/tasks.py", line 221, in predict_single_batch
    task.evaluate()
  File "/mnt/yrfs/xuyifan/GLM-130B/evaluation/tasks.py", line 254, in evaluate
Traceback (most recent call last):
  File "/mnt/yrfs/xuyifan/GLM-130B/evaluate.py", line 67, in <module>
    main()
  File "/mnt/yrfs/xuyifan/GLM-130B/evaluate.py", line 62, in main
    prediction.append(self.predict_single_batch(batch))
  File "/mnt/yrfs/xuyifan/GLM-130B/evaluation/tasks.py", line 221, in predict_single_batch
    log_probs = self.model.cond_log_prob(batch)
  File "/mnt/yrfs/xuyifan/GLM-130B/evaluation/model.py", line 33, in cond_log_prob
    evaluate_all_tasks(args.data_path, model, tokenizer, args.task, task_classes)
  File "/mnt/yrfs/xuyifan/GLM-130B/evaluate.py", line 36, in evaluate_all_tasks
    main()
  File "/mnt/yrfs/xuyifan/GLM-130B/evaluate.py", line 62, in main
    task.evaluate()
  File "/mnt/yrfs/xuyifan/GLM-130B/evaluation/tasks.py", line 254, in evaluate
    evaluate_all_tasks(args.data_path, model, tokenizer, args.task, task_classes)
  File "/mnt/yrfs/xuyifan/GLM-130B/evaluate.py", line 36, in evaluate_all_tasks
    log_probs = self.model.cond_log_prob(batch)
  File "/mnt/yrfs/xuyifan/GLM-130B/evaluation/model.py", line 33, in cond_log_prob
    logits, *output_per_layers = self.model(tokens, position_ids, attention_mask, log_attention_weights=None)
  File "/mnt/yrfs/qinkai/miniconda3/envs/largescale/lib/python3.9/site-packages/torch/nn/modules/module.py", line 1130, in _call_impl
    prediction.append(self.predict_single_batch(batch))
  File "/mnt/yrfs/xuyifan/GLM-130B/evaluation/tasks.py", line 221, in predict_single_batch
    task.evaluate()
  File "/mnt/yrfs/xuyifan/GLM-130B/evaluation/tasks.py", line 254, in evaluate
    logits, *output_per_layers = self.model(tokens, position_ids, attention_mask, log_attention_weights=None)
  File "/mnt/yrfs/qinkai/miniconda3/envs/largescale/lib/python3.9/site-packages/torch/nn/modules/module.py", line 1130, in _call_impl
    log_probs = self.model.cond_log_prob(batch)
  File "/mnt/yrfs/xuyifan/GLM-130B/evaluation/model.py", line 33, in cond_log_prob
    prediction.append(self.predict_single_batch(batch))
  File "/mnt/yrfs/xuyifan/GLM-130B/evaluation/tasks.py", line 221, in predict_single_batch
Traceback (most recent call last):
  File "/mnt/yrfs/xuyifan/GLM-130B/evaluate.py", line 67, in <module>
    logits, *output_per_layers = self.model(tokens, position_ids, attention_mask, log_attention_weights=None)
  File "/mnt/yrfs/qinkai/miniconda3/envs/largescale/lib/python3.9/site-packages/torch/nn/modules/module.py", line 1130, in _call_impl
    log_probs = self.model.cond_log_prob(batch)
  File "/mnt/yrfs/xuyifan/GLM-130B/evaluation/model.py", line 33, in cond_log_prob
    main()
  File "/mnt/yrfs/xuyifan/GLM-130B/evaluate.py", line 62, in main
    logits, *output_per_layers = self.model(tokens, position_ids, attention_mask, log_attention_weights=None)
  File "/mnt/yrfs/qinkai/miniconda3/envs/largescale/lib/python3.9/site-packages/torch/nn/modules/module.py", line 1130, in _call_impl
    evaluate_all_tasks(args.data_path, model, tokenizer, args.task, task_classes)
  File "/mnt/yrfs/xuyifan/GLM-130B/evaluate.py", line 36, in evaluate_all_tasks
    return forward_call(*input, **kwargs)
  File "/mnt/yrfs/qinkai/miniconda3/envs/largescale/lib/python3.9/site-packages/SwissArmyTransformer/model/base_model.py", line 114, in forward
    return forward_call(*input, **kwargs)
      File "/mnt/yrfs/qinkai/miniconda3/envs/largescale/lib/python3.9/site-packages/SwissArmyTransformer/model/base_model.py", line 114, in forward
return forward_call(*input, **kwargs)
  File "/mnt/yrfs/qinkai/miniconda3/envs/largescale/lib/python3.9/site-packages/SwissArmyTransformer/model/base_model.py", line 114, in forward
    task.evaluate()
  File "/mnt/yrfs/xuyifan/GLM-130B/evaluation/tasks.py", line 254, in evaluate
    return forward_call(*input, **kwargs)
  File "/mnt/yrfs/qinkai/miniconda3/envs/largescale/lib/python3.9/site-packages/SwissArmyTransformer/model/base_model.py", line 114, in forward
Traceback (most recent call last):
  File "/mnt/yrfs/xuyifan/GLM-130B/evaluate.py", line 67, in <module>
        return self.transformer(*args, **kwargs)return self.transformer(*args, **kwargs)

  File "/mnt/yrfs/qinkai/miniconda3/envs/largescale/lib/python3.9/site-packages/torch/nn/modules/module.py", line 1130, in _call_impl
  File "/mnt/yrfs/qinkai/miniconda3/envs/largescale/lib/python3.9/site-packages/torch/nn/modules/module.py", line 1130, in _call_impl
    return self.transformer(*args, **kwargs)
  File "/mnt/yrfs/qinkai/miniconda3/envs/largescale/lib/python3.9/site-packages/torch/nn/modules/module.py", line 1130, in _call_impl
    prediction.append(self.predict_single_batch(batch))
      File "/mnt/yrfs/xuyifan/GLM-130B/evaluation/tasks.py", line 221, in predict_single_batch
return self.transformer(*args, **kwargs)
  File "/mnt/yrfs/qinkai/miniconda3/envs/largescale/lib/python3.9/site-packages/torch/nn/modules/module.py", line 1130, in _call_impl
    main()
  File "/mnt/yrfs/xuyifan/GLM-130B/evaluate.py", line 62, in main
    log_probs = self.model.cond_log_prob(batch)
  File "/mnt/yrfs/xuyifan/GLM-130B/evaluation/model.py", line 33, in cond_log_prob
    return forward_call(*input, **kwargs)
      File "/mnt/yrfs/qinkai/miniconda3/envs/largescale/lib/python3.9/site-packages/SwissArmyTransformer/model/transformer.py", line 551, in forward
evaluate_all_tasks(args.data_path, model, tokenizer, args.task, task_classes)    
return forward_call(*input, **kwargs)
  File "/mnt/yrfs/xuyifan/GLM-130B/evaluate.py", line 36, in evaluate_all_tasks
  File "/mnt/yrfs/qinkai/miniconda3/envs/largescale/lib/python3.9/site-packages/SwissArmyTransformer/model/transformer.py", line 551, in forward
    return forward_call(*input, **kwargs)
  File "/mnt/yrfs/qinkai/miniconda3/envs/largescale/lib/python3.9/site-packages/SwissArmyTransformer/model/transformer.py", line 551, in forward
    return forward_call(*input, **kwargs)
  File "/mnt/yrfs/qinkai/miniconda3/envs/largescale/lib/python3.9/site-packages/SwissArmyTransformer/model/transformer.py", line 551, in forward
    logits, *output_per_layers = self.model(tokens, position_ids, attention_mask, log_attention_weights=None)
  File "/mnt/yrfs/qinkai/miniconda3/envs/largescale/lib/python3.9/site-packages/torch/nn/modules/module.py", line 1130, in _call_impl
    task.evaluate()
  File "/mnt/yrfs/xuyifan/GLM-130B/evaluation/tasks.py", line 254, in evaluate
    layer_ret = self.hooks['layer_forward'](*args,
  File "/mnt/yrfs/qinkai/miniconda3/envs/largescale/lib/python3.9/site-packages/SwissArmyTransformer/model/official/glm130B_model.py", line 135, in layer_forward
    layer_ret = self.hooks['layer_forward'](*args,
  File "/mnt/yrfs/qinkai/miniconda3/envs/largescale/lib/python3.9/site-packages/SwissArmyTransformer/model/official/glm130B_model.py", line 135, in layer_forward
    layer_ret = self.hooks['layer_forward'](*args,
  File "/mnt/yrfs/qinkai/miniconda3/envs/largescale/lib/python3.9/site-packages/SwissArmyTransformer/model/official/glm130B_model.py", line 135, in layer_forward
    layer_ret = self.hooks['layer_forward'](*args,
  File "/mnt/yrfs/qinkai/miniconda3/envs/largescale/lib/python3.9/site-packages/SwissArmyTransformer/model/official/glm130B_model.py", line 135, in layer_forward
    prediction.append(self.predict_single_batch(batch))
  File "/mnt/yrfs/xuyifan/GLM-130B/evaluation/tasks.py", line 221, in predict_single_batch
    return forward_call(*input, **kwargs)
  File "/mnt/yrfs/qinkai/miniconda3/envs/largescale/lib/python3.9/site-packages/SwissArmyTransformer/model/base_model.py", line 114, in forward
    log_probs = self.model.cond_log_prob(batch)
  File "/mnt/yrfs/xuyifan/GLM-130B/evaluation/model.py", line 33, in cond_log_prob
    attention_output = layer.attention(attention_input, mask, **kw_args)
  File "/mnt/yrfs/qinkai/miniconda3/envs/largescale/lib/python3.9/site-packages/torch/nn/modules/module.py", line 1130, in _call_impl
        attention_output = layer.attention(attention_input, mask, **kw_args)
attention_output = layer.attention(attention_input, mask, **kw_args)  File "/mnt/yrfs/qinkai/miniconda3/envs/largescale/lib/python3.9/site-packages/torch/nn/modules/module.py", line 1130, in _call_impl

  File "/mnt/yrfs/qinkai/miniconda3/envs/largescale/lib/python3.9/site-packages/torch/nn/modules/module.py", line 1130, in _call_impl
    attention_output = layer.attention(attention_input, mask, **kw_args)
  File "/mnt/yrfs/qinkai/miniconda3/envs/largescale/lib/python3.9/site-packages/torch/nn/modules/module.py", line 1130, in _call_impl
    return self.transformer(*args, **kwargs)
  File "/mnt/yrfs/qinkai/miniconda3/envs/largescale/lib/python3.9/site-packages/torch/nn/modules/module.py", line 1130, in _call_impl
    logits, *output_per_layers = self.model(tokens, position_ids, attention_mask, log_attention_weights=None)
  File "/mnt/yrfs/qinkai/miniconda3/envs/largescale/lib/python3.9/site-packages/torch/nn/modules/module.py", line 1130, in _call_impl
    return forward_call(*input, **kwargs)
  File "/mnt/yrfs/qinkai/miniconda3/envs/largescale/lib/python3.9/site-packages/SwissArmyTransformer/model/transformer.py", line 551, in forward
    return forward_call(*input, **kwargs)
  File "/mnt/yrfs/qinkai/miniconda3/envs/largescale/lib/python3.9/site-packages/SwissArmyTransformer/model/transformer.py", line 105, in forward
    return forward_call(*input, **kwargs)
  File "/mnt/yrfs/qinkai/miniconda3/envs/largescale/lib/python3.9/site-packages/SwissArmyTransformer/model/base_model.py", line 114, in forward
    return forward_call(*input, **kwargs)
      File "/mnt/yrfs/qinkai/miniconda3/envs/largescale/lib/python3.9/site-packages/SwissArmyTransformer/model/transformer.py", line 105, in forward
return forward_call(*input, **kwargs)
  File "/mnt/yrfs/qinkai/miniconda3/envs/largescale/lib/python3.9/site-packages/SwissArmyTransformer/model/transformer.py", line 105, in forward
    return forward_call(*input, **kwargs)
  File "/mnt/yrfs/qinkai/miniconda3/envs/largescale/lib/python3.9/site-packages/SwissArmyTransformer/model/transformer.py", line 105, in forward
    return self.hooks['attention_forward'](hidden_states, mask, **kw_args)
  File "/mnt/yrfs/qinkai/miniconda3/envs/largescale/lib/python3.9/site-packages/SwissArmyTransformer/model/official/glm130B_model.py", line 76, in attention_forward
Traceback (most recent call last):
  File "/mnt/yrfs/xuyifan/GLM-130B/evaluate.py", line 67, in <module>
    layer_ret = self.hooks['layer_forward'](*args,
    return self.transformer(*args, **kwargs)  File "/mnt/yrfs/qinkai/miniconda3/envs/largescale/lib/python3.9/site-packages/SwissArmyTransformer/model/official/glm130B_model.py", line 135, in layer_forward

  File "/mnt/yrfs/qinkai/miniconda3/envs/largescale/lib/python3.9/site-packages/torch/nn/modules/module.py", line 1130, in _call_impl
    return self.hooks['attention_forward'](hidden_states, mask, **kw_args)
  File "/mnt/yrfs/qinkai/miniconda3/envs/largescale/lib/python3.9/site-packages/SwissArmyTransformer/model/official/glm130B_model.py", line 76, in attention_forward
    return self.hooks['attention_forward'](hidden_states, mask, **kw_args)
  File "/mnt/yrfs/qinkai/miniconda3/envs/largescale/lib/python3.9/site-packages/SwissArmyTransformer/model/official/glm130B_model.py", line 76, in attention_forward
    return self.hooks['attention_forward'](hidden_states, mask, **kw_args)
  File "/mnt/yrfs/qinkai/miniconda3/envs/largescale/lib/python3.9/site-packages/SwissArmyTransformer/model/official/glm130B_model.py", line 76, in attention_forward
    attention_output = layer.attention(attention_input, mask, **kw_args)
  File "/mnt/yrfs/qinkai/miniconda3/envs/largescale/lib/python3.9/site-packages/torch/nn/modules/module.py", line 1130, in _call_impl
    context_layer = attention_fn(query_layer, key_layer, value_layer, mask, dropout_fn, **kw_args)
  File "/mnt/yrfs/qinkai/miniconda3/envs/largescale/lib/python3.9/site-packages/SwissArmyTransformer/model/official/glm130B_model.py", line 250, in attention_fn
    context_layer = attention_fn(query_layer, key_layer, value_layer, mask, dropout_fn, **kw_args)
  File "/mnt/yrfs/qinkai/miniconda3/envs/largescale/lib/python3.9/site-packages/SwissArmyTransformer/model/official/glm130B_model.py", line 250, in attention_fn
    context_layer = attention_fn(query_layer, key_layer, value_layer, mask, dropout_fn, **kw_args)
  File "/mnt/yrfs/qinkai/miniconda3/envs/largescale/lib/python3.9/site-packages/SwissArmyTransformer/model/official/glm130B_model.py", line 250, in attention_fn
    context_layer = attention_fn(query_layer, key_layer, value_layer, mask, dropout_fn, **kw_args)
  File "/mnt/yrfs/qinkai/miniconda3/envs/largescale/lib/python3.9/site-packages/SwissArmyTransformer/model/official/glm130B_model.py", line 250, in attention_fn
    main()
  File "/mnt/yrfs/xuyifan/GLM-130B/evaluate.py", line 62, in main
    attention_probs = self.scale_mask_softmax(attention_scores, attention_mask.contiguous())
  File "/mnt/yrfs/qinkai/miniconda3/envs/largescale/lib/python3.9/site-packages/torch/nn/modules/module.py", line 1130, in _call_impl
    attention_probs = self.scale_mask_softmax(attention_scores, attention_mask.contiguous())
  File "/mnt/yrfs/qinkai/miniconda3/envs/largescale/lib/python3.9/site-packages/torch/nn/modules/module.py", line 1130, in _call_impl
    attention_probs = self.scale_mask_softmax(attention_scores, attention_mask.contiguous())
  File "/mnt/yrfs/qinkai/miniconda3/envs/largescale/lib/python3.9/site-packages/torch/nn/modules/module.py", line 1130, in _call_impl
    return forward_call(*input, **kwargs)
  File "/mnt/yrfs/qinkai/miniconda3/envs/largescale/lib/python3.9/site-packages/SwissArmyTransformer/model/transformer.py", line 551, in forward
    attention_probs = self.scale_mask_softmax(attention_scores, attention_mask.contiguous())
  File "/mnt/yrfs/qinkai/miniconda3/envs/largescale/lib/python3.9/site-packages/torch/nn/modules/module.py", line 1130, in _call_impl
    return forward_call(*input, **kwargs)
  File "/mnt/yrfs/qinkai/miniconda3/envs/largescale/lib/python3.9/site-packages/SwissArmyTransformer/model/transformer.py", line 105, in forward
    evaluate_all_tasks(args.data_path, model, tokenizer, args.task, task_classes)
  File "/mnt/yrfs/xuyifan/GLM-130B/evaluate.py", line 36, in evaluate_all_tasks
    return self.hooks['attention_forward'](hidden_states, mask, **kw_args)
  File "/mnt/yrfs/qinkai/miniconda3/envs/largescale/lib/python3.9/site-packages/SwissArmyTransformer/model/official/glm130B_model.py", line 76, in attention_forward
    return forward_call(*input, **kwargs)
  File "/mnt/yrfs/qinkai/miniconda3/envs/largescale/lib/python3.9/site-packages/apex/transformer/functional/fused_softmax.py", line 155, in forward
    layer_ret = self.hooks['layer_forward'](*args,
  File "/mnt/yrfs/qinkai/miniconda3/envs/largescale/lib/python3.9/site-packages/SwissArmyTransformer/model/official/glm130B_model.py", line 135, in layer_forward
    return forward_call(*input, **kwargs)
  File "/mnt/yrfs/qinkai/miniconda3/envs/largescale/lib/python3.9/site-packages/apex/transformer/functional/fused_softmax.py", line 155, in forward
    return forward_call(*input, **kwargs)
  File "/mnt/yrfs/qinkai/miniconda3/envs/largescale/lib/python3.9/site-packages/apex/transformer/functional/fused_softmax.py", line 155, in forward
    task.evaluate()
  File "/mnt/yrfs/xuyifan/GLM-130B/evaluation/tasks.py", line 254, in evaluate
    context_layer = attention_fn(query_layer, key_layer, value_layer, mask, dropout_fn, **kw_args)
  File "/mnt/yrfs/qinkai/miniconda3/envs/largescale/lib/python3.9/site-packages/SwissArmyTransformer/model/official/glm130B_model.py", line 250, in attention_fn
    attention_output = layer.attention(attention_input, mask, **kw_args)
  File "/mnt/yrfs/qinkai/miniconda3/envs/largescale/lib/python3.9/site-packages/torch/nn/modules/module.py", line 1130, in _call_impl
    return forward_call(*input, **kwargs)
  File "/mnt/yrfs/qinkai/miniconda3/envs/largescale/lib/python3.9/site-packages/apex/transformer/functional/fused_softmax.py", line 155, in forward
    prediction.append(self.predict_single_batch(batch))
  File "/mnt/yrfs/xuyifan/GLM-130B/evaluation/tasks.py", line 221, in predict_single_batch
    return forward_call(*input, **kwargs)
    attention_probs = self.scale_mask_softmax(attention_scores, attention_mask.contiguous())  File "/mnt/yrfs/qinkai/miniconda3/envs/largescale/lib/python3.9/site-packages/SwissArmyTransformer/model/transformer.py", line 105, in forward

  File "/mnt/yrfs/qinkai/miniconda3/envs/largescale/lib/python3.9/site-packages/torch/nn/modules/module.py", line 1130, in _call_impl
    return self.forward_fused_softmax(input, mask)
  File "/mnt/yrfs/qinkai/miniconda3/envs/largescale/lib/python3.9/site-packages/apex/transformer/functional/fused_softmax.py", line 184, in forward_fused_softmax
    return self.forward_fused_softmax(input, mask)
    return self.forward_fused_softmax(input, mask)
  File "/mnt/yrfs/qinkai/miniconda3/envs/largescale/lib/python3.9/site-packages/apex/transformer/functional/fused_softmax.py", line 184, in forward_fused_softmax
  File "/mnt/yrfs/qinkai/miniconda3/envs/largescale/lib/python3.9/site-packages/apex/transformer/functional/fused_softmax.py", line 184, in forward_fused_softmax
    return self.forward_fused_softmax(input, mask)
  File "/mnt/yrfs/qinkai/miniconda3/envs/largescale/lib/python3.9/site-packages/apex/transformer/functional/fused_softmax.py", line 184, in forward_fused_softmax
    log_probs = self.model.cond_log_prob(batch)
  File "/mnt/yrfs/xuyifan/GLM-130B/evaluation/model.py", line 33, in cond_log_prob
    return self.hooks['attention_forward'](hidden_states, mask, **kw_args)
  File "/mnt/yrfs/qinkai/miniconda3/envs/largescale/lib/python3.9/site-packages/SwissArmyTransformer/model/official/glm130B_model.py", line 76, in attention_forward
    logits, *output_per_layers = self.model(tokens, position_ids, attention_mask, log_attention_weights=None)
  File "/mnt/yrfs/qinkai/miniconda3/envs/largescale/lib/python3.9/site-packages/torch/nn/modules/module.py", line 1130, in _call_impl
    context_layer = attention_fn(query_layer, key_layer, value_layer, mask, dropout_fn, **kw_args)
  File "/mnt/yrfs/qinkai/miniconda3/envs/largescale/lib/python3.9/site-packages/SwissArmyTransformer/model/official/glm130B_model.py", line 250, in attention_fn
    return self.fused_softmax_func(input, mask, scale)
  File "/mnt/yrfs/qinkai/miniconda3/envs/largescale/lib/python3.9/site-packages/apex/transformer/functional/fused_softmax.py", line 98, in scaled_masked_softmax
    return forward_call(*input, **kwargs)
  File "/mnt/yrfs/qinkai/miniconda3/envs/largescale/lib/python3.9/site-packages/apex/transformer/functional/fused_softmax.py", line 155, in forward
    return self.fused_softmax_func(input, mask, scale)
  File "/mnt/yrfs/qinkai/miniconda3/envs/largescale/lib/python3.9/site-packages/apex/transformer/functional/fused_softmax.py", line 98, in scaled_masked_softmax
    return self.fused_softmax_func(input, mask, scale)
  File "/mnt/yrfs/qinkai/miniconda3/envs/largescale/lib/python3.9/site-packages/apex/transformer/functional/fused_softmax.py", line 98, in scaled_masked_softmax
    return self.fused_softmax_func(input, mask, scale)
  File "/mnt/yrfs/qinkai/miniconda3/envs/largescale/lib/python3.9/site-packages/apex/transformer/functional/fused_softmax.py", line 98, in scaled_masked_softmax
    return ScaledMaskedSoftmax.apply(*args)
  File "/mnt/yrfs/qinkai/miniconda3/envs/largescale/lib/python3.9/site-packages/apex/transformer/functional/fused_softmax.py", line 78, in forward
    return ScaledMaskedSoftmax.apply(*args)
  File "/mnt/yrfs/qinkai/miniconda3/envs/largescale/lib/python3.9/site-packages/apex/transformer/functional/fused_softmax.py", line 78, in forward
    return self.forward_fused_softmax(input, mask)
  File "/mnt/yrfs/qinkai/miniconda3/envs/largescale/lib/python3.9/site-packages/apex/transformer/functional/fused_softmax.py", line 184, in forward_fused_softmax
    return ScaledMaskedSoftmax.apply(*args)    
return ScaledMaskedSoftmax.apply(*args)
  File "/mnt/yrfs/qinkai/miniconda3/envs/largescale/lib/python3.9/site-packages/apex/transformer/functional/fused_softmax.py", line 78, in forward
  File "/mnt/yrfs/qinkai/miniconda3/envs/largescale/lib/python3.9/site-packages/apex/transformer/functional/fused_softmax.py", line 78, in forward
    attention_probs = self.scale_mask_softmax(attention_scores, attention_mask.contiguous())
  File "/mnt/yrfs/qinkai/miniconda3/envs/largescale/lib/python3.9/site-packages/torch/nn/modules/module.py", line 1130, in _call_impl
    return forward_call(*input, **kwargs)
  File "/mnt/yrfs/qinkai/miniconda3/envs/largescale/lib/python3.9/site-packages/SwissArmyTransformer/model/base_model.py", line 114, in forward
    softmax_results = scaled_masked_softmax_cuda.forward(inputs, mask, scale_t[0])
RuntimeError: mask.size(2) == query_seq_len INTERNAL ASSERT FAILED at "csrc/megatron/scaled_masked_softmax_cuda.cu":51, please report a bug to PyTorch. 
        return self.fused_softmax_func(input, mask, scale)softmax_results = scaled_masked_softmax_cuda.forward(inputs, mask, scale_t[0])

  File "/mnt/yrfs/qinkai/miniconda3/envs/largescale/lib/python3.9/site-packages/apex/transformer/functional/fused_softmax.py", line 98, in scaled_masked_softmax
RuntimeError: mask.size(2) == query_seq_len INTERNAL ASSERT FAILED at "csrc/megatron/scaled_masked_softmax_cuda.cu":51, please report a bug to PyTorch. 
    softmax_results = scaled_masked_softmax_cuda.forward(inputs, mask, scale_t[0])
RuntimeError: mask.size(2) == query_seq_len INTERNAL ASSERT FAILED at "csrc/megatron/scaled_masked_softmax_cuda.cu":51, please report a bug to PyTorch. 
    softmax_results = scaled_masked_softmax_cuda.forward(inputs, mask, scale_t[0])
RuntimeError: mask.size(2) == query_seq_len INTERNAL ASSERT FAILED at "csrc/megatron/scaled_masked_softmax_cuda.cu":51, please report a bug to PyTorch. 
    return self.transformer(*args, **kwargs)
  File "/mnt/yrfs/qinkai/miniconda3/envs/largescale/lib/python3.9/site-packages/torch/nn/modules/module.py", line 1130, in _call_impl
    return forward_call(*input, **kwargs)
  File "/mnt/yrfs/qinkai/miniconda3/envs/largescale/lib/python3.9/site-packages/apex/transformer/functional/fused_softmax.py", line 155, in forward
    return ScaledMaskedSoftmax.apply(*args)
  File "/mnt/yrfs/qinkai/miniconda3/envs/largescale/lib/python3.9/site-packages/apex/transformer/functional/fused_softmax.py", line 78, in forward
    return forward_call(*input, **kwargs)
  File "/mnt/yrfs/qinkai/miniconda3/envs/largescale/lib/python3.9/site-packages/SwissArmyTransformer/model/transformer.py", line 551, in forward
    softmax_results = scaled_masked_softmax_cuda.forward(inputs, mask, scale_t[0])
RuntimeError: mask.size(2) == query_seq_len INTERNAL ASSERT FAILED at "csrc/megatron/scaled_masked_softmax_cuda.cu":51, please report a bug to PyTorch. 
    return self.forward_fused_softmax(input, mask)
  File "/mnt/yrfs/qinkai/miniconda3/envs/largescale/lib/python3.9/site-packages/apex/transformer/functional/fused_softmax.py", line 184, in forward_fused_softmax
    layer_ret = self.hooks['layer_forward'](*args,
  File "/mnt/yrfs/qinkai/miniconda3/envs/largescale/lib/python3.9/site-packages/SwissArmyTransformer/model/official/glm130B_model.py", line 135, in layer_forward
    attention_output = layer.attention(attention_input, mask, **kw_args)
  File "/mnt/yrfs/qinkai/miniconda3/envs/largescale/lib/python3.9/site-packages/torch/nn/modules/module.py", line 1130, in _call_impl
    return self.fused_softmax_func(input, mask, scale)
  File "/mnt/yrfs/qinkai/miniconda3/envs/largescale/lib/python3.9/site-packages/apex/transformer/functional/fused_softmax.py", line 98, in scaled_masked_softmax
    return ScaledMaskedSoftmax.apply(*args)
  File "/mnt/yrfs/qinkai/miniconda3/envs/largescale/lib/python3.9/site-packages/apex/transformer/functional/fused_softmax.py", line 78, in forward
    return forward_call(*input, **kwargs)
  File "/mnt/yrfs/qinkai/miniconda3/envs/largescale/lib/python3.9/site-packages/SwissArmyTransformer/model/transformer.py", line 105, in forward
    softmax_results = scaled_masked_softmax_cuda.forward(inputs, mask, scale_t[0])
RuntimeError: mask.size(2) == query_seq_len INTERNAL ASSERT FAILED at "csrc/megatron/scaled_masked_softmax_cuda.cu":51, please report a bug to PyTorch. 
    return self.hooks['attention_forward'](hidden_states, mask, **kw_args)
  File "/mnt/yrfs/qinkai/miniconda3/envs/largescale/lib/python3.9/site-packages/SwissArmyTransformer/model/official/glm130B_model.py", line 76, in attention_forward
Traceback (most recent call last):
    context_layer = attention_fn(query_layer, key_layer, value_layer, mask, dropout_fn, **kw_args)
  File "/mnt/yrfs/qinkai/miniconda3/envs/largescale/lib/python3.9/site-packages/SwissArmyTransformer/model/official/glm130B_model.py", line 250, in attention_fn
  File "/mnt/yrfs/xuyifan/GLM-130B/evaluate.py", line 67, in <module>
    attention_probs = self.scale_mask_softmax(attention_scores, attention_mask.contiguous())
  File "/mnt/yrfs/qinkai/miniconda3/envs/largescale/lib/python3.9/site-packages/torch/nn/modules/module.py", line 1130, in _call_impl
    main()
  File "/mnt/yrfs/xuyifan/GLM-130B/evaluate.py", line 62, in main
    evaluate_all_tasks(args.data_path, model, tokenizer, args.task, task_classes)
  File "/mnt/yrfs/xuyifan/GLM-130B/evaluate.py", line 36, in evaluate_all_tasks
    return forward_call(*input, **kwargs)
  File "/mnt/yrfs/qinkai/miniconda3/envs/largescale/lib/python3.9/site-packages/apex/transformer/functional/fused_softmax.py", line 155, in forward
    task.evaluate()
  File "/mnt/yrfs/xuyifan/GLM-130B/evaluation/tasks.py", line 254, in evaluate
    return self.forward_fused_softmax(input, mask)
  File "/mnt/yrfs/qinkai/miniconda3/envs/largescale/lib/python3.9/site-packages/apex/transformer/functional/fused_softmax.py", line 184, in forward_fused_softmax
    prediction.append(self.predict_single_batch(batch))
  File "/mnt/yrfs/xuyifan/GLM-130B/evaluation/tasks.py", line 221, in predict_single_batch
    return self.fused_softmax_func(input, mask, scale)
  File "/mnt/yrfs/qinkai/miniconda3/envs/largescale/lib/python3.9/site-packages/apex/transformer/functional/fused_softmax.py", line 98, in scaled_masked_softmax
    log_probs = self.model.cond_log_prob(batch)
  File "/mnt/yrfs/xuyifan/GLM-130B/evaluation/model.py", line 33, in cond_log_prob
    return ScaledMaskedSoftmax.apply(*args)
  File "/mnt/yrfs/qinkai/miniconda3/envs/largescale/lib/python3.9/site-packages/apex/transformer/functional/fused_softmax.py", line 78, in forward
    logits, *output_per_layers = self.model(tokens, position_ids, attention_mask, log_attention_weights=None)
  File "/mnt/yrfs/qinkai/miniconda3/envs/largescale/lib/python3.9/site-packages/torch/nn/modules/module.py", line 1130, in _call_impl
    softmax_results = scaled_masked_softmax_cuda.forward(inputs, mask, scale_t[0])
RuntimeError: mask.size(2) == query_seq_len INTERNAL ASSERT FAILED at "csrc/megatron/scaled_masked_softmax_cuda.cu":51, please report a bug to PyTorch. 
    return forward_call(*input, **kwargs)
  File "/mnt/yrfs/qinkai/miniconda3/envs/largescale/lib/python3.9/site-packages/SwissArmyTransformer/model/base_model.py", line 114, in forward
    return self.transformer(*args, **kwargs)
  File "/mnt/yrfs/qinkai/miniconda3/envs/largescale/lib/python3.9/site-packages/torch/nn/modules/module.py", line 1130, in _call_impl
    return forward_call(*input, **kwargs)
  File "/mnt/yrfs/qinkai/miniconda3/envs/largescale/lib/python3.9/site-packages/SwissArmyTransformer/model/transformer.py", line 551, in forward
    layer_ret = self.hooks['layer_forward'](*args,
  File "/mnt/yrfs/qinkai/miniconda3/envs/largescale/lib/python3.9/site-packages/SwissArmyTransformer/model/official/glm130B_model.py", line 135, in layer_forward
    attention_output = layer.attention(attention_input, mask, **kw_args)
  File "/mnt/yrfs/qinkai/miniconda3/envs/largescale/lib/python3.9/site-packages/torch/nn/modules/module.py", line 1130, in _call_impl
    return forward_call(*input, **kwargs)
  File "/mnt/yrfs/qinkai/miniconda3/envs/largescale/lib/python3.9/site-packages/SwissArmyTransformer/model/transformer.py", line 105, in forward
    return self.hooks['attention_forward'](hidden_states, mask, **kw_args)
  File "/mnt/yrfs/qinkai/miniconda3/envs/largescale/lib/python3.9/site-packages/SwissArmyTransformer/model/official/glm130B_model.py", line 76, in attention_forward
    context_layer = attention_fn(query_layer, key_layer, value_layer, mask, dropout_fn, **kw_args)
  File "/mnt/yrfs/qinkai/miniconda3/envs/largescale/lib/python3.9/site-packages/SwissArmyTransformer/model/official/glm130B_model.py", line 250, in attention_fn
    attention_probs = self.scale_mask_softmax(attention_scores, attention_mask.contiguous())
  File "/mnt/yrfs/qinkai/miniconda3/envs/largescale/lib/python3.9/site-packages/torch/nn/modules/module.py", line 1130, in _call_impl
    return forward_call(*input, **kwargs)
  File "/mnt/yrfs/qinkai/miniconda3/envs/largescale/lib/python3.9/site-packages/apex/transformer/functional/fused_softmax.py", line 155, in forward
    return self.forward_fused_softmax(input, mask)
  File "/mnt/yrfs/qinkai/miniconda3/envs/largescale/lib/python3.9/site-packages/apex/transformer/functional/fused_softmax.py", line 184, in forward_fused_softmax
    return self.fused_softmax_func(input, mask, scale)
  File "/mnt/yrfs/qinkai/miniconda3/envs/largescale/lib/python3.9/site-packages/apex/transformer/functional/fused_softmax.py", line 98, in scaled_masked_softmax
    return ScaledMaskedSoftmax.apply(*args)
  File "/mnt/yrfs/qinkai/miniconda3/envs/largescale/lib/python3.9/site-packages/apex/transformer/functional/fused_softmax.py", line 78, in forward
    softmax_results = scaled_masked_softmax_cuda.forward(inputs, mask, scale_t[0])
RuntimeError: mask.size(2) == query_seq_len INTERNAL ASSERT FAILED at "csrc/megatron/scaled_masked_softmax_cuda.cu":51, please report a bug to PyTorch. 
ERROR:torch.distributed.elastic.multiprocessing.api:failed (exitcode: 1) local_rank: 0 (pid: 705219) of binary: /mnt/yrfs/qinkai/miniconda3/envs/largescale/bin/python
Traceback (most recent call last):
  File "/mnt/yrfs/qinkai/miniconda3/envs/largescale/bin/torchrun", line 33, in <module>
    sys.exit(load_entry_point('torch==1.12.0', 'console_scripts', 'torchrun')())
  File "/mnt/yrfs/qinkai/miniconda3/envs/largescale/lib/python3.9/site-packages/torch/distributed/elastic/multiprocessing/errors/__init__.py", line 345, in wrapper
    return f(*args, **kwargs)
  File "/mnt/yrfs/qinkai/miniconda3/envs/largescale/lib/python3.9/site-packages/torch/distributed/run.py", line 761, in main
    run(args)
  File "/mnt/yrfs/qinkai/miniconda3/envs/largescale/lib/python3.9/site-packages/torch/distributed/run.py", line 752, in run
    elastic_launch(
  File "/mnt/yrfs/qinkai/miniconda3/envs/largescale/lib/python3.9/site-packages/torch/distributed/launcher/api.py", line 131, in __call__
    return launch_agent(self._config, self._entrypoint, list(args))
  File "/mnt/yrfs/qinkai/miniconda3/envs/largescale/lib/python3.9/site-packages/torch/distributed/launcher/api.py", line 245, in launch_agent
    raise ChildFailedError(
torch.distributed.elastic.multiprocessing.errors.ChildFailedError: 
============================================================
/mnt/yrfs/xuyifan/GLM-130B/evaluate.py FAILED
------------------------------------------------------------
Failures:
[1]:
  time      : 2022-09-25_16:59:44
  host      : node14
  rank      : 1 (local_rank: 1)
  exitcode  : 1 (pid: 705220)
  error_file: <N/A>
  traceback : To enable traceback see: https://pytorch.org/docs/stable/elastic/errors.html
[2]:
  time      : 2022-09-25_16:59:44
  host      : node14
  rank      : 2 (local_rank: 2)
  exitcode  : 1 (pid: 705221)
  error_file: <N/A>
  traceback : To enable traceback see: https://pytorch.org/docs/stable/elastic/errors.html
[3]:
  time      : 2022-09-25_16:59:44
  host      : node14
  rank      : 3 (local_rank: 3)
  exitcode  : 1 (pid: 705222)
  error_file: <N/A>
  traceback : To enable traceback see: https://pytorch.org/docs/stable/elastic/errors.html
[4]:
  time      : 2022-09-25_16:59:44
  host      : node14
  rank      : 4 (local_rank: 4)
  exitcode  : 1 (pid: 705224)
  error_file: <N/A>
  traceback : To enable traceback see: https://pytorch.org/docs/stable/elastic/errors.html
[5]:
  time      : 2022-09-25_16:59:44
  host      : node14
  rank      : 5 (local_rank: 5)
  exitcode  : 1 (pid: 705225)
  error_file: <N/A>
  traceback : To enable traceback see: https://pytorch.org/docs/stable/elastic/errors.html
[6]:
  time      : 2022-09-25_16:59:44
  host      : node14
  rank      : 6 (local_rank: 6)
  exitcode  : 1 (pid: 705226)
  error_file: <N/A>
  traceback : To enable traceback see: https://pytorch.org/docs/stable/elastic/errors.html
[7]:
  time      : 2022-09-25_16:59:44
  host      : node14
  rank      : 7 (local_rank: 7)
  exitcode  : 1 (pid: 705227)
  error_file: <N/A>
  traceback : To enable traceback see: https://pytorch.org/docs/stable/elastic/errors.html
------------------------------------------------------------
Root Cause (first observed failure):
[0]:
  time      : 2022-09-25_16:59:44
  host      : node14
  rank      : 0 (local_rank: 0)
  exitcode  : 1 (pid: 705219)
  error_file: <N/A>
  traceback : To enable traceback see: https://pytorch.org/docs/stable/elastic/errors.html
============================================================
