WARNING:torch.distributed.run:
*****************************************
Setting OMP_NUM_THREADS environment variable for each process to be 1 in default, to avoid your system being overloaded, please further tune the variable for optimal performance in your application as needed. 
*****************************************
WARNING: No training data specified
WARNING: No training data specified
WARNING: No training data specified
WARNING: No training data specified
WARNING: No training data specified
WARNING: No training data specified
WARNING: No training data specified
using world size: 8 and model-parallel size: 8 
> padded vocab (size: 150528) with 0 dummy tokens (new size: 150528)
WARNING: No training data specified
> initializing model parallel with size 8
> Loading task configs
    Task StereoSet loaded from config tasks/ethnic/StereoSet.yaml
> Successfully load 1 task
> Set tokenizer as a icetk-glm-130B tokenizer! Now you can get_tokenizer() everywhere.
global rank 4 is loading checkpoint /mnt/yrfs/aohan/checkpoints/glm-130b-sat/49300/mp_rank_04_model_states.pt
global rank 5 is loading checkpoint /mnt/yrfs/aohan/checkpoints/glm-130b-sat/49300/mp_rank_05_model_states.ptglobal rank 3 is loading checkpoint /mnt/yrfs/aohan/checkpoints/glm-130b-sat/49300/mp_rank_03_model_states.ptglobal rank 7 is loading checkpoint /mnt/yrfs/aohan/checkpoints/glm-130b-sat/49300/mp_rank_07_model_states.pt

global rank 1 is loading checkpoint /mnt/yrfs/aohan/checkpoints/glm-130b-sat/49300/mp_rank_01_model_states.pt

global rank 0 is loading checkpoint /mnt/yrfs/aohan/checkpoints/glm-130b-sat/49300/mp_rank_00_model_states.pt
global rank 6 is loading checkpoint /mnt/yrfs/aohan/checkpoints/glm-130b-sat/49300/mp_rank_06_model_states.pt
global rank 2 is loading checkpoint /mnt/yrfs/aohan/checkpoints/glm-130b-sat/49300/mp_rank_02_model_states.pt
  successfully loaded /mnt/yrfs/aohan/checkpoints/glm-130b-sat/49300/mp_rank_02_model_states.pt
  successfully loaded /mnt/yrfs/aohan/checkpoints/glm-130b-sat/49300/mp_rank_06_model_states.pt
  successfully loaded /mnt/yrfs/aohan/checkpoints/glm-130b-sat/49300/mp_rank_00_model_states.pt
  successfully loaded /mnt/yrfs/aohan/checkpoints/glm-130b-sat/49300/mp_rank_04_model_states.pt
  successfully loaded /mnt/yrfs/aohan/checkpoints/glm-130b-sat/49300/mp_rank_07_model_states.pt
  successfully loaded /mnt/yrfs/aohan/checkpoints/glm-130b-sat/49300/mp_rank_01_model_states.pt
  successfully loaded /mnt/yrfs/aohan/checkpoints/glm-130b-sat/49300/mp_rank_05_model_states.pt
  successfully loaded /mnt/yrfs/aohan/checkpoints/glm-130b-sat/49300/mp_rank_03_model_states.pt
> Checkpoint loaded in 35.1s

This is special for StereoSet evaluation


StereoSetTaskConfig(name='StereoSet', type=<TaskType.MULTICHOICE: 'mul'>, path='data/StereoSet', module='evaluation.StereoSetTask', metrics=['SS_ICAT'], use_task_mask=True, use_multitask_encoding=False, unidirectional=False, max_seq_length=2048, file_pattern={'test': '**/SS_small.jsonl'}, micro_batch_size=32)
Evaluating task StereoSet:
    Evaluating group test:
<evaluation.dataset.StereoSetDataset object at 0x7f89045b3610>
<evaluation.dataset.StereoSetDataset object at 0x7fec705735b0>
<evaluation.dataset.StereoSetDataset object at 0x7f367420d610>
<evaluation.dataset.StereoSetDataset object at 0x7fc94420d5e0>
<evaluation.dataset.StereoSetDataset object at 0x7fea182cc610>
<evaluation.dataset.StereoSetDataset object at 0x7f937026a610>
<evaluation.dataset.StereoSetDataset object at 0x7f683040d610>
<evaluation.dataset.StereoSetDataset object at 0x7f9408772610>
150001
150001
150001
150001
150001
150001
150001
150001
150001
150001
150001
150001
150001
150001
150001
150001
150001
150001
150001
150001
150001
150001
150001
150001
150001
150001
150001
150001
150001
150001
150001
150001
150001
150001
150001
150001
150001
150001
150001
150001
150001
150001
150001
150001
150001
150001
150001
150001
150001
150001
150001
150001
150001
150001
150001
150001150001

150001
150001
150001150001

150001
150001
150001
150001
150001
150001
150001
150001
150001
150001
150001
150001
150001
150001
150001
150001
150001
150001
150001
150001
150001
150001
150001
150001
150001
150001
150001
150001
150001
150001
150001
150001
150001
150001150001

150001
150001
150001
150001
150001
150001
150001
150001
150001
150001
150001
150001
150001
150001
150001
150001
150001
150001
150001
150001
150001
150001
150001
150001
150001
150001
150001
150001
150001
150001
150001
150001
150001
150001
150001
150001
150001
150001
150001
150001
150001
150001
150001
150001
150001
150001
150001
150001
150001
150001150001

150001
150001
150001
150001
150001
150001
150001
150001
150001
150001
150001
150001
150001
150001
150001
150001
150001
150001
150001
150001
150001
150001
150001
150001150001

150001
150001150001

150001150001
150001
150001
150001
150001
150001
150001
150001
150001
150001
150001
150001

150001
150001
150001
150001
150001
150001
150001
150001150001

150001150001

150001150001

150001
150001
150001
150001
150001
150001
150001
150001
150001
150001
150001
150001
150001
150001
150001
150001
150001
150001
150001
150001
150001
150001
150001
150001
150001
150001
150001
150001
150001
150001
150001
150001
150001
150001
150001
150001
150001
150001
150001
150001
150001
150001
150001
150001
150001
150001
150001
150001
150001
150001
150001
150001
150001
150001
150001
150001
150001
150001
150001
150001
150001
150001
150001
150001
150001
150001
150001
150001
150001
150001
150001
150001
150001
150001
150001
150001
150001
150001
150001
150001
150001
150001
150001
150001
150001
150001
150001
150001
150001
150001
150001
150001
150001
150001
150001
150001
150001
150001
150001
150001
150001
150001
150001
150001
150001
150001
150001
150001
150001
150001
150001
150001
150001
150001
150001
150001
150001
150001
150001
150001
150001
150001
150001
150001
150001
150001
150001
150001
150001
150001
150001
150001
150001
150001
150001
150001
150001
150001
150001
150001
150001
150001
150001
150001
150001
150001
150001
150001
150001
150001
150001
150001
150001
150001
150001
150001
150001
150001
150001
150001
150001
150001
150001
150001
150001
150001
150001
150001
150001
150001
150001
150001
150001
150001
150001
150001
150001
150001
150001
150001
150001
150001
150001
150001
150001
150001
150001
150001
150001
150001
150001
150001
150001
150001
150001
150001
150001
150001
150001
150001
150001
150001
150001
150001
150001
150001
150001
150001
150001
150001
150001
150001
150001
150001
150001
150001
150001
150001
150001
150001
150001
150001
150001
150001
150001
150001
150001
150001
150001
150001
150001
150001
150001
150001
150001
150001
150001
150001
150001
150001
150001
150001
150001
150001
150001
150001
150001
150001
150001
150001
150001
150001
150001
150001
150001
150001
150001
150001
150001
150001
150001
150001
150001
150001
150001
150001
150001
150001
150001150001

150001
150001
150001
150001
150001
150001
150001
150001
150001
150001
150001
150001
150001
150001
150001
150001
150001
150001
150001
150001
150001
150001
150001
150001
150001
150001150001

150001
150001
150001
150001
150001
150001
150001
150001
150001150001

150001
150001
150001
150001
150001
150001
150001
150001
150001
150001
150001
150001
150001
150001
150001
150001
150001
150001
150001
150001
150001
150001
150001
150001
150001
150001
150001
150001
150001
150001
150001
150001
150001150001

150001150001

150001
150001
150001
150001
150001
150001
150001
150001
150001
150001
150001
150001
150001
150001
150001
150001
150001
150001
150001
150001
150001
150001
150001
150001
150001
150001
150001
150001
150001
150001
150001
150001
150001
150001
150001
150001
150001
150001
150001
150001
150001
150001
150001
150001
150001
150001
150001
150001
150001
150001
150001
150001
150001
150001
150001
150001
150001
150001
150001
150001
150001
150001
150001
150001
150001
150001
150001
150001
150001
150001
150001
150001
150001
150001
150001
150001
150001
150001
150001
150001
150001
150001
150001
150001150001

150001
150001
150001
150001
150001
150001
150001
150001
150001
150001
150001
150001
150001
150001
150001
150001
150001
150001
150001
150001
150001
150001
150001
150001
150001
150001
150001
150001
150001
150001
150001
150001
150001
150001
150001
150001
150001
150001
150001
150001
150001
150001
150001
150001
150001
150001
150001
150001
150001
150001
150001
150001
150001
150001
150001
150001
150001
150001
150001
150001
150001
150001
150001
150001
150001
150001
150001
150001
150001
150001
150001
150001
150001150001

150001
150001
150001
150001
150001
150001
150001
150001
150001
150001
150001
150001
150001
150001
150001
150001
150001
150001
150001
150001
150001
150001
150001
150001
150001
150001
150001
150001
150001
150001
150001
150001
150001
150001
150001
150001
150001
150001
150001
150001
150001
150001
150001
150001
150001
150001
150001
150001
150001
150001
150001
150001
150001
150001
150001
150001
150001
150001
150001
150001
150001
150001
150001
150001
150001
150001
150001
150001
150001
150001
150001
150001
150001150001

150001
150001
150001
150001150001

150001
150001
150001
150001150001

150001
150001
150001
150001150001

150001
150001
150001
150001
150001
150001
150001
150001
150001
150001
150001
150001150001

150001150001

150001
150001
150001
150001150001

150001150001

150001
150001
150001
150001
150001
150001
150001
150001
150001
150001
150001
150001
150001
150001
150001
150001
150001
150001
150001
150001150001

150001
150001
150001
150001
150001
150001
150001
150001150001

150001
150001150001

150001
150001
150001
150001
150001
150001
150001
150001
150001
150001
150001
150001
150001
150001150001

150001
150001
150001
150001
150001
150001
150001150001150001


150001150001

150001
150001
150001
150001
150001
150001
150001
150001
150001
150001
150001
150001
150001
150001150001

150001
150001
150001
150001
150001
150001
150001
150001
150001
150001
150001
150001150001
150001

150001
150001
150001150001

150001
150001
150001
150001
150001
150001
150001
150001
150001
150001
150001
150001
150001
150001
150001
150001150001

150001
150001
150001
150001
150001
150001150001

150001
150001
150001
150001
150001
150001
150001
150001150001

150001
150001150001

150001150001

150001
150001
150001
150001
150001150001

150001
150001
150001
150001
150001
150001
150001
150001
150001
150001
150001
150001
150001
150001
150001
150001
150001
150001
150001
150001
150001
150001
150001
150001
150001
150001
150001
150001
150001
150001
150001
150001
150001
150001150001

150001
150001150001

150001
150001
150001
150001
150001
150001
150001
150001
150001
150001
150001
150001
150001
150001
150001
150001
150001
150001
150001
150001
150001
150001
150001
150001
150001
150001
150001
150001
150001
150001
150001
150001
150001
150001
150001
150001
150001
150001
150001
150001
150001
150001
150001
150001
150001
150001
150001
150001
150001
150001
150001
150001
150001
150001150001

150001
150001
150001
150001
150001
150001
150001
150001
150001
150001
150001
150001
150001
150001
150001
150001
150001
150001
150001
150001
150001
150001150001

150001
150001
150001
150001
150001
150001
150001
150001
150001
150001
150001
150001
150001
150001
150001
150001
150001
150001
150001
150001
150001
150001
150001
150001
150001
150001
150001
150001
150001
150001
150001
150001
150001
150001
150001
150001
150001
150001
150001
150001
150001
150001
150001
150001150001
150001

150001
150001
150001
150001
150001150001

150001150001

150001
150001
150001
150001
150001
150001
150001
150001
150001
150001
150001
150001
150001
150001
150001
150001
150001
150001
150001
150001
150001
150001
150001
150001
150001150001

150001
150001
150001
150001
150001
150001
150001
150001
150001150001

150001
150001
150001
150001
150001
150001
150001
150001
150001
150001150001

150001
150001
150001
150001150001

150001
150001
150001
150001
150001
150001
150001
150001
150001
150001
150001150001

150001
150001
150001
150001
150001
150001
150001
150001
150001150001

150001
150001
150001150001

150001
150001
150001
150001
150001
150001
150001
150001
150001
150001
150001
150001
150001
150001
150001
150001
150001
150001
150001
150001
150001
150001
150001
150001
150001
150001
150001
150001
150001
150001
150001
150001150001

150001
150001
150001
150001
150001
150001
150001
150001
150001
150001
150001
150001
150001
150001150001

150001
150001150001

150001
150001
150001
150001
150001
150001
150001
150001
150001
150001
150001
150001
150001
150001
150001
150001
150001
150001
150001
150001
150001
150001
150001
150001
150001
150001
150001
150001
150001
150001
150001
150001
150001
150001
150001
150001
150001
150001
150001
150001
150001
150001
150001
150001
150001
150001
150001
150001
150001
150001
150001
150001
150001
150001
150001
150001
150001150001

150001150001

150001
150001
150001
150001
150001
150001150001

150001
150001
150001
150001
150001
150001
150001
150001
150001
150001
150001
150001
150001
150001
150001
150001
150001
150001
150001
150001150001

150001
150001
150001
150001
150001
150001
150001
150001
150001
150001
150001
150001
150001
150001
150001
150001
150001
150001
150001
150001
150001150001

150001150001

150001
150001
150001
150001150001

150001
150001
150001
150001
150001150001

150001
150001
150001
150001
150001
150001
150001
150001
150001
150001
150001
150001
150001150001

150001150001

150001
150001
150001
150001
150001
150001150001

150001150001

150001
150001
150001150001

150001
150001
150001
150001
150001
150001150001

150001
150001
150001
150001
150001
150001
150001
150001
150001
150001
150001
150001
150001
150001
150001
150001
150001150001

150001
150001
150001
150001
150001
150001
150001
150001
150001
150001
150001
150001
150001
150001
150001
150001
150001
150001
150001
150001
150001
150001150001

150001
150001
150001
150001
150001
150001
150001
150001
150001
150001
150001
150001
150001
150001150001

150001
150001
150001150001

150001
150001
150001
150001
150001
150001
150001
150001
150001
150001
150001
150001
150001
150001
150001
150001
150001
150001150001

150001
150001
150001
150001
150001
150001
150001
150001
150001
150001
150001
150001
150001
150001
150001
150001
150001
150001
150001
150001
150001
150001
150001
150001
150001
150001
150001
150001
150001
150001
150001
150001
150001
150001
150001
150001
150001
150001
150001
150001
150001
150001
150001
150001
150001
150001
150001
150001
150001
150001
150001
150001
150001
150001
150001
150001
150001
150001150001

150001
150001
150001
150001
150001150001

150001
150001
150001
150001
150001
150001
150001
150001
150001
150001150001150001


150001
150001
150001150001

150001
150001
150001
150001
150001
150001150001

150001
150001150001

150001
150001
150001
150001
150001
150001
150001
150001
150001
150001
150001
150001
150001
150001
150001
150001
150001
150001
150001
150001
150001
150001
150001
150001
150001150001

150001
150001
150001
150001
150001
150001
150001
150001
150001
150001
150001
150001
150001
150001
150001
150001
150001
150001
150001
150001
150001150001

150001
150001
150001
150001
150001
150001
150001
150001150001

150001
150001150001

150001
150001
150001
150001
150001
150001
150001150001

150001
150001
150001
150001
150001
150001
150001
150001
150001
150001
150001
150001150001

150001
150001
150001
150001
150001
150001
150001
150001
150001
150001150001

150001
150001
150001
150001
150001
150001
150001
150001
150001
150001
150001
150001
150001
150001
150001
150001
150001
150001
150001
150001
150001
150001
150001
150001
150001
150001
150001
150001
150001
150001
150001
150001
150001
150001
150001
150001
150001
150001
150001
150001
150001
150001
150001
150001
150001
150001
150001
150001
150001
150001
150001
150001
150001
150001
150001
150001
150001
150001
150001
150001
150001
150001
150001
150001
150001
150001
150001150001

150001
150001
150001
150001
150001
150001
150001
150001
150001
150001
150001
150001
150001
150001
150001
150001
150001
150001
150001
150001150001

150001
150001150001

150001
150001
150001
150001150001

150001
150001
150001
150001
150001
150001
150001
150001
150001
150001
150001
150001
150001
150001
150001
150001
150001
150001
150001
150001
150001
150001
150001
150001
150001
150001
150001
150001
150001
150001
150001
150001
150001
150001
150001
150001150001

150001
150001
150001
150001
150001
150001
150001
150001
150001
150001
150001
150001
150001150001

150001
150001
150001
150001
150001
150001
150001
150001
150001
150001
150001
150001
150001
150001
150001
150001150001

150001150001

150001
150001
150001
150001
150001150001

150001150001

150001
150001
150001
150001150001

150001
150001
150001
150001
150001
150001
150001
150001
150001
150001
150001
150001
150001
150001
150001
150001
150001
150001
150001150001

150001
150001
150001
150001
150001
150001
150001
150001
150001
150001
150001
150001
150001
150001
150001
150001150001

150001
150001
150001
150001
150001
150001
150001
150001
150001
150001150001

150001
150001
150001
150001
150001
150001
150001
150001
150001
150001
150001
150001
150001
150001
150001
150001
150001
150001
150001150001

150001
150001
150001
150001
150001150001

150001150001

150001
150001
150001
150001
150001
150001
150001
150001
150001
150001
150001
150001
150001
150001
150001
150001
150001
150001
150001
150001
150001
150001
150001
150001
150001
150001
150001150001

150001
150001
150001
150001
150001150001

150001
150001
150001
150001
150001
150001
150001
150001
150001
150001
150001
150001
150001
150001
150001
150001
150001
150001150001

150001
150001
150001
150001
150001
150001
150001
150001
150001
150001
150001
150001
150001150001

150001
150001
150001
150001
150001150001

150001150001150001


150001
150001
150001
150001
150001
150001
150001
150001
150001
150001
150001
150001
150001
150001
150001
150001
150001
150001
150001
150001
150001
150001
150001
150001
150001
150001
150001
150001
150001
150001
150001
150001
150001
150001
150001
150001
150001150001

150001150001

150001
150001
150001
150001
150001
150001
150001
150001
150001
150001
150001
150001150001

150001
150001
150001
150001
150001
150001
150001
150001
150001
150001
150001
150001
150001
150001
150001
150001
150001
150001
150001
150001
150001
150001
150001
150001
150001
150001
150001
150001
150001
150001
150001
150001
150001
150001150001

150001
150001
150001
150001
150001
150001
150001
150001
150001
150001
150001
150001
150001
150001
150001
150001
150001
150001
150001
150001
150001150001

150001
150001
150001
150001150001
150001

150001
150001
150001
150001
150001
150001
150001
150001
150001
150001
150001
150001
150001
150001
150001
150001
150001
150001
150001
150001
150001
150001
150001
150001
150001
150001
150001
150001
150001
150001
150001
150001
150001
150001
150001
150001
150001
150001
150001
150001150001

150001
150001
150001
150001
150001
150001
150001
150001
150001
150001
150001150001

150001
150001
150001
150001
150001
150001
150001150001

150001
150001
150001
150001
150001
150001
150001150001150001


150001
150001
150001
150001
150001
150001
150001
150001
150001
150001
150001
150001
150001
150001150001

150001
150001150001

150001
150001
150001150001

150001150001

150001
150001
150001
150001150001

150001
150001
150001
150001
150001150001

150001
150001
150001
150001
150001150001

150001
150001
150001
150001
150001
150001
150001150001150001


150001
150001
150001
150001
150001
150001
150001150001

150001
150001
150001
150001
150001
150001
150001
150001
150001
150001
150001
150001
150001
150001
150001
150001
150001
150001
150001
150001
150001
150001
150001
150001
150001
150001
150001
150001
150001
150001
150001
150001150001

150001
150001
150001
150001
150001
150001
150001
150001
150001150001

150001
150001
150001
150001
150001
150001
150001
150001
150001
150001
150001
150001
150001
150001
150001
150001
150001
150001
150001
150001
150001
150001
150001
150001
150001
150001
150001
150001
150001
150001
150001
150001
150001
150001
150001
150001
150001
150001
150001150001

150001
150001
150001
150001150001

150001
150001
150001
150001
150001
150001
150001
150001
150001
150001
150001
150001
150001
150001
150001
150001
150001
150001
150001
150001
150001
150001150001

150001
150001
150001
150001
150001
150001
150001
150001
150001
150001
150001
150001
150001
150001
150001
150001
150001
150001150001

150001
150001
150001
150001150001

150001
150001
150001150001

150001
150001
150001
150001
150001
150001
150001
150001
150001
150001
150001
150001
150001
150001
150001
Evaluation results of task StereoSet:
LMS
cat:race  score:77.551
cat:overall  score:71.333
cat:gender  score:70.0
cat:profession  score:63.717
SS
cat:race  score:58.772
cat:overall  score:61.682
cat:gender  score:85.714
cat:profession  score:56.944
ICAT
cat:race  score:63.946
cat:overall  score:54.667
cat:gender  score:20.0
cat:profession  score:54.867
Finish task StereoSet in 6.5s.
Finish 1 task in 6.5s
